Configuration 3:  

1 	 x:  0.06268403418210633 	 t:  0.28
2 	 x:  -0.06501696581789368 	 t:  0.72
3 	 x:  0.056769034182106326 	 t:  1.12
4 	 x:  -0.06346896581789363 	 t:  1.595
5 	 x:  0.056491034182106326 	 t:  2.04
6 	 x:  -0.061577965817893654 	 t:  2.48
7 	 x:  0.05412703418210635 	 t:  2.9
8 	 x:  -0.059857965817893655 	 t:  3.355
9 	 x:  0.05494303418210633 	 t:  3.795
10 	 x:  -0.058137965817893655 	 t:  4.235
11 	 x:  0.05103103418210636 	 t:  4.66
12 	 x:  -0.05676196581789367 	 t:  5.115
13 	 x:  0.04995503418210634 	 t:  5.555
14 	 x:  -0.05521396581789367 	 t:  5.995
15 	 x:  0.048407034182106345 	 t:  6.435
16 	 x:  -0.05366596581789368 	 t:  6.87
17 	 x:  0.048751034182106356 	 t:  7.32
18 	 x:  -0.05169896581789368 	 t:  7.725
19 	 x:  0.04565403418210634 	 t:  8.195
20 	 x:  -0.04902296581789367 	 t:  8.635
21 	 x:  0.04462203418210636 	 t:  9.07
22 	 x:  -0.04781896581789363 	 t:  9.505
23 	 x:  0.04324603418210632 	 t:  9.95
24 	 x:  -0.04627096581789364 	 t:  10.39
25 	 x:  0.044409034182106344 	 t:  10.825
26 	 x:  -0.045066965817893656 	 t:  11.27
27 	 x:  0.04101003418210636 	 t:  11.705
28 	 x:  -0.04420696581789363 	 t:  12.15
29 	 x:  0.039978034182106326 	 t:  12.59
30 	 x:  -0.04317496581789365 	 t:  13.025
31 	 x:  0.03877403418210634 	 t:  13.47
32 	 x:  -0.041799965817893636 	 t:  13.9
33 	 x:  0.037742034182106365 	 t:  14.34
34 	 x:  -0.04059596581789365 	 t:  14.785
35 	 x:  0.036881034182106365 	 t:  15.22
36 	 x:  -0.04007996581789364 	 t:  15.665
37 	 x:  0.03619303418210634 	 t:  16.105
38 	 x:  -0.039219965817893665 	 t:  16.54
39 	 x:  0.035161034182106365 	 t:  16.98
40 	 x:  -0.03784396581789368 	 t:  17.425
41 	 x:  0.03395703418210633 	 t:  17.86
42 	 x:  -0.036811965817893644 	 t:  18.3
43 	 x:  0.03326903418210636 	 t:  18.73
44 	 x:  -0.03629596581789368 	 t:  19.18
45 	 x:  0.032753034182106344 	 t:  19.62
46 	 x:  -0.03560796581789366 	 t:  20.06
47 	 x:  0.03189303418210632 	 t:  20.495
48 	 x:  -0.034575965817893684 	 t:  20.94
49 	 x:  0.030689034182106334 	 t:  21.38
50 	 x:  -0.03354396581789365 	 t:  21.815
51 	 x:  0.030001034182106368 	 t:  22.255
52 	 x:  -0.033027965817893634 	 t:  22.69
53 	 x:  0.029657034182106357 	 t:  23.13
54 	 x:  -0.03251196581789367 	 t:  23.57
55 	 x:  0.02914103418210634 	 t:  24.01
56 	 x:  -0.03182496581789368 	 t:  24.45
57 	 x:  0.028109034182106363 	 t:  24.88
58 	 x:  -0.030964965817893653 	 t:  25.325
59 	 x:  0.027248034182106362 	 t:  25.77
60 	 x:  -0.03027696581789363 	 t:  26.2
61 	 x:  0.026732034182106346 	 t:  26.645
62 	 x:  -0.03010496581789368 	 t:  27.08
63 	 x:  0.02621603418210633 	 t:  27.525
64 	 x:  -0.02941696581789366 	 t:  27.965
65 	 x:  0.025700034182106368 	 t:  28.4
66 	 x:  -0.02855696581789363 	 t:  28.845
67 	 x:  0.02484003418210634 	 t:  29.28
68 	 x:  -0.02769696581789366 	 t:  29.725
69 	 x:  0.02449603418210633 	 t:  30.15
70 	 x:  -0.027524965817893654 	 t:  30.595
71 	 x:  0.02415203418210632 	 t:  31.035
72 	 x:  -0.027008965817893638 	 t:  31.48
73 	 x:  0.023636034182106358 	 t:  31.92
74 	 x:  -0.026492965817893677 	 t:  32.355
75 	 x:  0.02277603418210633 	 t:  32.79
76 	 x:  -0.025804965817893655 	 t:  33.23
77 	 x:  0.02226003418210637 	 t:  33.67
78 	 x:  -0.025460965817893644 	 t:  34.105
79 	 x:  0.022088034182106364 	 t:  34.55
80 	 x:  -0.02528896581789364 	 t:  34.98
81 	 x:  0.021744034182106353 	 t:  35.43
82 	 x:  -0.024600965817893672 	 t:  35.87
83 	 x:  0.02105603418210633 	 t:  36.305
84 	 x:  -0.02391296581789365 	 t:  36.75
85 	 x:  0.021719034182106356 	 t:  37.22
86 	 x:  -0.02356896581789364 	 t:  37.615
87 	 x:  0.020368034182106365 	 t:  38.065
88 	 x:  -0.023396965817893633 	 t:  38.505
89 	 x:  0.020368034182106365 	 t:  38.93
90 	 x:  -0.023052965817893678 	 t:  39.37
91 	 x:  0.019680034182106343 	 t:  39.815
92 	 x:  -0.02236596581789363 	 t:  40.26
93 	 x:  0.020219034182106355 	 t:  40.64
94 	 x:  -0.02184996581789367 	 t:  41.135
95 	 x:  0.01882003418210637 	 t:  41.565
96 	 x:  -0.02184996581789367 	 t:  42.005
97 	 x:  0.018648034182106366 	 t:  42.45
98 	 x:  -0.021505965817893657 	 t:  42.885
99 	 x:  0.018304034182106355 	 t:  43.325
100 	 x:  -0.020817965817893636 	 t:  43.775
101 	 x:  0.01953003418210636 	 t:  44.17
102 	 x:  -0.020301965817893675 	 t:  44.65
103 	 x:  0.01882003418210637 	 t:  45.105
104 	 x:  -0.02012996581789367 	 t:  45.525
105 	 x:  0.01727103418210635 	 t:  45.965
106 	 x:  -0.019957965817893664 	 t:  46.405
107 	 x:  0.017099034182106343 	 t:  46.845
108 	 x:  -0.019613965817893653 	 t:  47.275
109 	 x:  0.018497034182106353 	 t:  47.69
110 	 x:  -0.019097965817893636 	 t:  48.16
111 	 x:  0.018193034182106327 	 t:  48.6
112 	 x:  -0.01892596581789363 	 t:  49.03
113 	 x:  0.016067034182106366 	 t:  49.47
114 	 x:  -0.01875396581789368 	 t:  49.915
115 	 x:  0.015723034182106355 	 t:  50.355
116 	 x:  -0.01840996581789367 	 t:  50.785
117 	 x:  0.016775034182106352 	 t:  51.18
118 	 x:  -0.017893965817893653 	 t:  51.675
119 	 x:  0.016947034182106357 	 t:  52.075
120 	 x:  -0.017721965817893648 	 t:  52.545
121 	 x:  0.017028034182106355 	 t:  53.0
122 	 x:  -0.017721965817893648 	 t:  53.425
123 	 x:  0.014691034182106322 	 t:  53.865
124 	 x:  -0.017377965817893637 	 t:  54.3
125 	 x:  0.01608703418210633 	 t:  54.695
126 	 x:  -0.016861965817893676 	 t:  55.18
127 	 x:  0.01589503418210636 	 t:  55.615
128 	 x:  -0.01668996581789367 	 t:  56.045
129 	 x:  0.01591403418210635 	 t:  56.455
130 	 x:  -0.016517965817893665 	 t:  56.93
131 	 x:  0.01383103418210635 	 t:  57.375
132 	 x:  -0.01634596581789366 	 t:  57.815
133 	 x:  0.01578303418210636 	 t:  58.225
134 	 x:  -0.015829965817893643 	 t:  58.695
135 	 x:  0.015035034182106333 	 t:  59.115
136 	 x:  -0.015657965817893638 	 t:  59.57
137 	 x:  0.014863034182106327 	 t:  60.005
138 	 x:  -0.015657965817893638 	 t:  60.435
139 	 x:  0.012971034182106322 	 t:  60.885
140 	 x:  -0.015485965817893632 	 t:  61.32
141 	 x:  0.012987034182106338 	 t:  61.675
142 	 x:  -0.014969965817893671 	 t:  62.205
143 	 x:  0.01417503418210636 	 t:  62.63
144 	 x:  -0.014797965817893666 	 t:  63.07
145 	 x:  0.01383103418210635 	 t:  63.52
146 	 x:  -0.01462596581789366 	 t:  63.955
147 	 x:  0.012431034182106337 	 t:  64.305
148 	 x:  -0.01462596581789366 	 t:  64.835
149 	 x:  0.012259034182106332 	 t:  65.185
150 	 x:  -0.01428196581789365 	 t:  65.715
151 	 x:  0.013315034182106333 	 t:  66.15
152 	 x:  -0.013937965817893638 	 t:  66.585
153 	 x:  0.013143034182106328 	 t:  67.015
154 	 x:  -0.013937965817893638 	 t:  67.47
155 	 x:  0.012815034182106333 	 t:  67.84
156 	 x:  -0.013937965817893638 	 t:  68.34
157 	 x:  0.012471034182106322 	 t:  68.715
158 	 x:  -0.013765965817893633 	 t:  69.21
159 	 x:  0.012627034182106367 	 t:  69.66
160 	 x:  -0.013249965817893672 	 t:  70.095
161 	 x:  0.012283034182106356 	 t:  70.54
162 	 x:  -0.013249965817893672 	 t:  70.965
163 	 x:  0.012283034182106356 	 t:  71.415
164 	 x:  -0.013249965817893672 	 t:  71.845
165 	 x:  0.012455034182106361 	 t:  72.29
166 	 x:  -0.013077965817893666 	 t:  72.735
167 	 x:  0.011939034182106345 	 t:  73.175
168 	 x:  -0.01256196581789365 	 t:  73.615
169 	 x:  0.011595034182106334 	 t:  74.045
170 	 x:  -0.012390965817893673 	 t:  74.48
171 	 x:  0.011595034182106334 	 t:  74.91
172 	 x:  -0.01256196581789365 	 t:  75.36
173 	 x:  0.01176703418210634 	 t:  75.805
174 	 x:  -0.01256196581789365 	 t:  76.23
175 	 x:  0.011595034182106334 	 t:  76.675
176 	 x:  -0.012218965817893668 	 t:  77.11
177 	 x:  0.011079034182106318 	 t:  77.555
178 	 x:  -0.011702965817893651 	 t:  77.995
179 	 x:  0.010907034182106368 	 t:  78.425
180 	 x:  -0.011702965817893651 	 t:  78.875
181 	 x:  0.011079034182106318 	 t:  79.315
182 	 x:  -0.011874965817893657 	 t:  79.74
183 	 x:  0.011079034182106318 	 t:  80.19
184 	 x:  -0.011530965817893646 	 t:  80.63
185 	 x:  0.010563034182106357 	 t:  81.065
186 	 x:  -0.01101496581789363 	 t:  81.51
187 	 x:  0.010391034182106351 	 t:  81.935
188 	 x:  -0.01101496581789363 	 t:  82.37
189 	 x:  0.010563034182106357 	 t:  82.81
190 	 x:  -0.011186965817893635 	 t:  83.255
191 	 x:  0.010829034182106345 	 t:  83.715
192 	 x:  -0.011186965817893635 	 t:  84.125
193 	 x:  0.010405034182106365 	 t:  84.535
194 	 x:  -0.010670965817893674 	 t:  85.015
195 	 x:  0.009875034182106335 	 t:  85.45
196 	 x:  -0.010498965817893668 	 t:  85.88
197 	 x:  0.009875034182106335 	 t:  86.325
198 	 x:  -0.010670965817893674 	 t:  86.765
199 	 x:  0.01044503418210635 	 t:  87.2
200 	 x:  -0.010670965817893674 	 t:  87.64
201 	 x:  0.010273034182106344 	 t:  88.075
202 	 x:  -0.010326965817893663 	 t:  88.52
203 	 x:  0.009531034182106324 	 t:  88.955
204 	 x:  -0.009982965817893652 	 t:  89.39
205 	 x:  0.009359034182106318 	 t:  89.835
206 	 x:  -0.009982965817893652 	 t:  90.28
207 	 x:  0.00970303418210633 	 t:  90.695
208 	 x:  -0.010154965817893657 	 t:  91.145
209 	 x:  0.00970303418210633 	 t:  91.575
210 	 x:  -0.009810965817893647 	 t:  92.035
211 	 x:  0.009187034182106368 	 t:  92.47
212 	 x:  -0.009466965817893636 	 t:  92.915
213 	 x:  0.009015034182106363 	 t:  93.34
214 	 x:  -0.009466965817893636 	 t:  93.775
215 	 x:  0.009015034182106363 	 t:  94.225
216 	 x:  -0.009638965817893641 	 t:  94.66
217 	 x:  0.009187034182106368 	 t:  95.1
218 	 x:  -0.009466965817893636 	 t:  95.55
219 	 x:  0.008843034182106357 	 t:  95.98
220 	 x:  -0.00929496581789363 	 t:  96.415
221 	 x:  0.008671034182106352 	 t:  96.835
222 	 x:  -0.00912296581789368 	 t:  97.28
223 	 x:  0.008671034182106352 	 t:  97.72
224 	 x:  -0.00929496581789363 	 t:  98.17
225 	 x:  0.008671034182106352 	 t:  98.605
226 	 x:  -0.00929496581789363 	 t:  99.05
227 	 x:  0.008499034182106346 	 t:  99.495
228 	 x:  -0.00912296581789368 	 t:  99.915
229 	 x:  0.008155034182106335 	 t:  100.36
