Configuration 3:  

(141, 142) 	  0.0
(142, 143) 	  0.0
(405, 406) 	  0.0
(406, 407) 	  0.0
(493, 494) 	  0.0
(494, 495) 	  0.0
(757, 758) 	  0.0
(845, 846) 	  0.0
(935, 936) 	  0.0
(936, 937) 	  0.0
(1021, 1022) 	  0.0
(1108, 1109) 	  0.0
(1109, 1110) 	  0.0
(1196, 1197) 	  0.0
(1197, 1198) 	  0.0
(1284, 1285) 	  0.0
(1285, 1286) 	  0.0
(1636, 1637) 	  0.0
(1637, 1638) 	  0.0
(1724, 1725) 	  0.0
(1725, 1726) 	  0.0
(1812, 1813) 	  0.0
(1988, 1989) 	  0.0
(2076, 2077) 	  0.0
(2251, 2252) 	  0.0
(2252, 2253) 	  0.0
(2339, 2340) 	  0.0
(2426, 2427) 	  0.0
(2427, 2428) 	  0.0
(2428, 2429) 	  0.0
(2514, 2515) 	  0.0
(2515, 2516) 	  0.0
(2516, 2517) 	  0.0
(2603, 2604) 	  0.0
(2690, 2691) 	  0.0
(2691, 2692) 	  0.0
(2692, 2693) 	  0.0
(2954, 2955) 	  0.0
(2955, 2956) 	  0.0
(3042, 3043) 	  0.0
(3130, 3131) 	  0.0
(3131, 3132) 	  0.0
(3218, 3219) 	  0.0
(3219, 3220) 	  0.0
(3306, 3307) 	  0.0
(3394, 3395) 	  0.0
(3481, 3482) 	  0.0
(3482, 3483) 	  0.0
(3483, 3484) 	  0.0
(3569, 3570) 	  0.0
(3570, 3571) 	  0.0
(3657, 3658) 	  0.0
(3658, 3659) 	  0.0
(3832, 3833) 	  0.0
(3833, 3834) 	  0.0
(3834, 3835) 	  0.0
(3920, 3921) 	  0.0
(3921, 3922) 	  0.0
(3922, 3923) 	  0.0
(4008, 4009) 	  0.0
(4009, 4010) 	  0.0
(4010, 4011) 	  0.0
(4096, 4097) 	  0.0
(4097, 4098) 	  0.0
(4183, 4184) 	  0.0
(4184, 4185) 	  0.0
(4185, 4186) 	  0.0
(4186, 4187) 	  0.0
(4271, 4272) 	  0.0
(4272, 4273) 	  0.0
(4273, 4274) 	  0.0
(4274, 4275) 	  0.0
(4360, 4361) 	  0.0
(4361, 4362) 	  0.0
(4447, 4448) 	  0.0
(4448, 4449) 	  0.0
(4449, 4450) 	  0.0
(4536, 4537) 	  0.0
(4623, 4624) 	  0.0
(4624, 4625) 	  0.0
(4710, 4711) 	  0.0
(4711, 4712) 	  0.0
(4712, 4713) 	  0.0
(4798, 4799) 	  0.0
(4799, 4800) 	  0.0
(4800, 4801) 	  0.0
(4886, 4887) 	  0.0
(4887, 4888) 	  0.0
(4888, 4889) 	  0.0
(4977, 4978) 	  0.0
(5063, 5064) 	  0.0
(5150, 5151) 	  0.0
(5151, 5152) 	  0.0
(5152, 5153) 	  0.0
(5238, 5239) 	  0.0
(5325, 5326) 	  0.0
(5326, 5327) 	  0.0
(5327, 5328) 	  0.0
(5412, 5413) 	  0.0
(5500, 5501) 	  0.0
(5501, 5502) 	  0.0
(5502, 5503) 	  0.0
(5503, 5504) 	  0.0
(5589, 5590) 	  0.0
(5590, 5591) 	  0.0
(5591, 5592) 	  0.0
(5677, 5678) 	  0.0
(5678, 5679) 	  0.0
(5764, 5765) 	  0.0
(5765, 5766) 	  0.0
(5766, 5767) 	  0.0
(5767, 5768) 	  0.0
(5853, 5854) 	  0.0
(5854, 5855) 	  0.0
(5939, 5940) 	  0.0
(5940, 5941) 	  0.0
(5941, 5942) 	  0.0
(5942, 5943) 	  0.0
(5943, 5944) 	  0.0
(6027, 6028) 	  0.0
(6116, 6117) 	  0.0
(6117, 6118) 	  0.0
(6201, 6202) 	  0.0
(6204, 6205) 	  0.0
(6205, 6206) 	  0.0
(6291, 6292) 	  0.0
(6292, 6293) 	  0.0
(6293, 6294) 	  0.0
(6294, 6295) 	  0.0
(6379, 6380) 	  0.0
(6380, 6381) 	  0.0
(6381, 6382) 	  0.0
(6382, 6383) 	  0.0
(6468, 6469) 	  0.0
(6469, 6470) 	  0.0
(6556, 6557) 	  0.0
(6644, 6645) 	  0.0
(6730, 6731) 	  0.0
(6731, 6732) 	  0.0
(6732, 6733) 	  0.0
(6818, 6819) 	  0.0
(6819, 6820) 	  0.0
(6906, 6907) 	  0.0
(6907, 6908) 	  0.0
(6908, 6909) 	  0.0
(6997, 6998) 	  0.0
(7081, 7082) 	  0.0
(7082, 7083) 	  0.0
(7083, 7084) 	  0.0
(7084, 7085) 	  0.0
(7169, 7170) 	  0.0
(7170, 7171) 	  0.0
(7171, 7172) 	  0.0
(7172, 7173) 	  0.0
(7257, 7258) 	  0.0
(7258, 7259) 	  0.0
(7259, 7260) 	  0.0
(7344, 7345) 	  0.0
(7345, 7346) 	  0.0
(7346, 7347) 	  0.0
(7347, 7348) 	  0.0
(7348, 7349) 	  0.0
(7432, 7433) 	  0.0
(7433, 7434) 	  0.0
(7434, 7435) 	  0.0
(7435, 7436) 	  0.0
(7521, 7522) 	  0.0
(7608, 7609) 	  0.0
(7609, 7610) 	  0.0
(7610, 7611) 	  0.0
(7611, 7612) 	  0.0
(7695, 7696) 	  0.0
(7696, 7697) 	  0.0
(7697, 7698) 	  0.0
(7698, 7699) 	  0.0
(7699, 7700) 	  0.0
(7783, 7784) 	  0.0
(7787, 7788) 	  0.0
(7875, 7876) 	  0.0
(7960, 7961) 	  0.0
(7961, 7962) 	  0.0
