Configuration 3:  

1 	 x:  -0.06501696581789368 	 t:  0.72
2 	 x:  -0.06346896581789363 	 t:  1.595
3 	 x:  -0.061577965817893654 	 t:  2.48
4 	 x:  -0.059857965817893655 	 t:  3.355
5 	 x:  -0.058137965817893655 	 t:  4.235
6 	 x:  -0.05676196581789367 	 t:  5.115
7 	 x:  -0.05521396581789367 	 t:  5.995
8 	 x:  -0.05366596581789368 	 t:  6.87
9 	 x:  -0.05169896581789368 	 t:  7.725
10 	 x:  -0.04902296581789367 	 t:  8.635
11 	 x:  -0.04781896581789363 	 t:  9.505
12 	 x:  -0.04627096581789364 	 t:  10.39
13 	 x:  -0.045066965817893656 	 t:  11.27
14 	 x:  -0.04420696581789363 	 t:  12.15
15 	 x:  -0.04317496581789365 	 t:  13.025
16 	 x:  -0.041799965817893636 	 t:  13.9
17 	 x:  -0.04059596581789365 	 t:  14.785
18 	 x:  -0.04007996581789364 	 t:  15.665
19 	 x:  -0.039219965817893665 	 t:  16.54
20 	 x:  -0.03784396581789368 	 t:  17.425
21 	 x:  -0.036811965817893644 	 t:  18.3
22 	 x:  -0.03629596581789368 	 t:  19.18
23 	 x:  -0.03560796581789366 	 t:  20.06
24 	 x:  -0.034575965817893684 	 t:  20.94
25 	 x:  -0.03354396581789365 	 t:  21.815
26 	 x:  -0.033027965817893634 	 t:  22.69
27 	 x:  -0.03251196581789367 	 t:  23.57
28 	 x:  -0.03182496581789368 	 t:  24.45
29 	 x:  -0.030964965817893653 	 t:  25.325
30 	 x:  -0.03027696581789363 	 t:  26.2
31 	 x:  -0.03010496581789368 	 t:  27.08
32 	 x:  -0.02941696581789366 	 t:  27.965
33 	 x:  -0.02855696581789363 	 t:  28.845
34 	 x:  -0.02769696581789366 	 t:  29.725
35 	 x:  -0.027524965817893654 	 t:  30.595
36 	 x:  -0.027008965817893638 	 t:  31.48
37 	 x:  -0.026492965817893677 	 t:  32.355
38 	 x:  -0.025804965817893655 	 t:  33.23
39 	 x:  -0.025460965817893644 	 t:  34.105
40 	 x:  -0.02528896581789364 	 t:  34.98
41 	 x:  -0.024600965817893672 	 t:  35.87
42 	 x:  -0.02391296581789365 	 t:  36.75
43 	 x:  -0.02356896581789364 	 t:  37.615
44 	 x:  -0.023396965817893633 	 t:  38.505
45 	 x:  -0.023052965817893678 	 t:  39.37
46 	 x:  -0.02236596581789363 	 t:  40.26
47 	 x:  -0.02184996581789367 	 t:  41.135
48 	 x:  -0.02184996581789367 	 t:  42.005
49 	 x:  -0.021505965817893657 	 t:  42.885
50 	 x:  -0.020817965817893636 	 t:  43.775
51 	 x:  -0.020301965817893675 	 t:  44.65
52 	 x:  -0.02012996581789367 	 t:  45.525
53 	 x:  -0.019957965817893664 	 t:  46.405
54 	 x:  -0.019613965817893653 	 t:  47.275
55 	 x:  -0.019097965817893636 	 t:  48.16
56 	 x:  -0.01892596581789363 	 t:  49.03
57 	 x:  -0.01875396581789368 	 t:  49.915
58 	 x:  -0.01840996581789367 	 t:  50.785
59 	 x:  -0.017893965817893653 	 t:  51.675
60 	 x:  -0.017721965817893648 	 t:  52.545
61 	 x:  -0.017721965817893648 	 t:  53.425
62 	 x:  -0.017377965817893637 	 t:  54.3
63 	 x:  -0.016861965817893676 	 t:  55.18
64 	 x:  -0.01668996581789367 	 t:  56.045
65 	 x:  -0.016517965817893665 	 t:  56.93
66 	 x:  -0.01634596581789366 	 t:  57.815
67 	 x:  -0.015829965817893643 	 t:  58.695
68 	 x:  -0.015657965817893638 	 t:  59.57
69 	 x:  -0.015657965817893638 	 t:  60.435
70 	 x:  -0.015485965817893632 	 t:  61.32
71 	 x:  -0.014969965817893671 	 t:  62.205
72 	 x:  -0.014797965817893666 	 t:  63.07
73 	 x:  -0.01462596581789366 	 t:  63.955
74 	 x:  -0.01462596581789366 	 t:  64.835
75 	 x:  -0.01428196581789365 	 t:  65.715
76 	 x:  -0.013937965817893638 	 t:  66.585
77 	 x:  -0.013937965817893638 	 t:  67.47
78 	 x:  -0.013937965817893638 	 t:  68.34
79 	 x:  -0.013765965817893633 	 t:  69.21
80 	 x:  -0.013249965817893672 	 t:  70.095
81 	 x:  -0.013249965817893672 	 t:  70.965
82 	 x:  -0.013249965817893672 	 t:  71.845
83 	 x:  -0.013077965817893666 	 t:  72.735
84 	 x:  -0.01256196581789365 	 t:  73.615
85 	 x:  -0.012390965817893673 	 t:  74.48
86 	 x:  -0.01256196581789365 	 t:  75.36
87 	 x:  -0.01256196581789365 	 t:  76.23
88 	 x:  -0.012218965817893668 	 t:  77.11
89 	 x:  -0.011702965817893651 	 t:  77.995
90 	 x:  -0.011702965817893651 	 t:  78.875
91 	 x:  -0.011874965817893657 	 t:  79.74
92 	 x:  -0.011530965817893646 	 t:  80.63
93 	 x:  -0.01101496581789363 	 t:  81.51
94 	 x:  -0.01101496581789363 	 t:  82.37
95 	 x:  -0.011186965817893635 	 t:  83.255
96 	 x:  -0.011186965817893635 	 t:  84.125
97 	 x:  -0.010670965817893674 	 t:  85.015
98 	 x:  -0.010498965817893668 	 t:  85.88
99 	 x:  -0.010670965817893674 	 t:  86.765
100 	 x:  -0.010670965817893674 	 t:  87.64
101 	 x:  -0.010326965817893663 	 t:  88.52
102 	 x:  -0.009982965817893652 	 t:  89.39
103 	 x:  -0.009982965817893652 	 t:  90.28
104 	 x:  -0.010154965817893657 	 t:  91.145
105 	 x:  -0.009810965817893647 	 t:  92.035
106 	 x:  -0.009466965817893636 	 t:  92.915
107 	 x:  -0.009466965817893636 	 t:  93.775
108 	 x:  -0.009638965817893641 	 t:  94.66
109 	 x:  -0.009466965817893636 	 t:  95.55
110 	 x:  -0.00929496581789363 	 t:  96.415
111 	 x:  -0.00912296581789368 	 t:  97.28
112 	 x:  -0.00929496581789363 	 t:  98.17
113 	 x:  -0.00929496581789363 	 t:  99.05
114 	 x:  -0.00912296581789368 	 t:  99.915
