Configuration 3:  

1 	 x:  0.06268403418210633 	 t:  0.28
2 	 x:  0.056769034182106326 	 t:  1.12
3 	 x:  0.056491034182106326 	 t:  2.04
4 	 x:  0.05412703418210635 	 t:  2.9
5 	 x:  0.05494303418210633 	 t:  3.795
6 	 x:  0.05103103418210636 	 t:  4.66
7 	 x:  0.04995503418210634 	 t:  5.555
8 	 x:  0.048407034182106345 	 t:  6.435
9 	 x:  0.048751034182106356 	 t:  7.32
10 	 x:  0.04565403418210634 	 t:  8.195
11 	 x:  0.04462203418210636 	 t:  9.07
12 	 x:  0.04324603418210632 	 t:  9.95
13 	 x:  0.044409034182106344 	 t:  10.825
14 	 x:  0.04101003418210636 	 t:  11.705
15 	 x:  0.039978034182106326 	 t:  12.59
16 	 x:  0.03877403418210634 	 t:  13.47
17 	 x:  0.037742034182106365 	 t:  14.34
18 	 x:  0.036881034182106365 	 t:  15.22
19 	 x:  0.03619303418210634 	 t:  16.105
20 	 x:  0.035161034182106365 	 t:  16.98
21 	 x:  0.03395703418210633 	 t:  17.86
22 	 x:  0.03326903418210636 	 t:  18.73
23 	 x:  0.032753034182106344 	 t:  19.62
24 	 x:  0.03189303418210632 	 t:  20.495
25 	 x:  0.030689034182106334 	 t:  21.38
26 	 x:  0.030001034182106368 	 t:  22.255
27 	 x:  0.029657034182106357 	 t:  23.13
28 	 x:  0.02914103418210634 	 t:  24.01
29 	 x:  0.028109034182106363 	 t:  24.88
30 	 x:  0.027248034182106362 	 t:  25.77
31 	 x:  0.026732034182106346 	 t:  26.645
32 	 x:  0.02621603418210633 	 t:  27.525
33 	 x:  0.025700034182106368 	 t:  28.4
34 	 x:  0.02484003418210634 	 t:  29.28
35 	 x:  0.02449603418210633 	 t:  30.15
36 	 x:  0.02415203418210632 	 t:  31.035
37 	 x:  0.023636034182106358 	 t:  31.92
38 	 x:  0.02277603418210633 	 t:  32.79
39 	 x:  0.02226003418210637 	 t:  33.67
40 	 x:  0.022088034182106364 	 t:  34.55
41 	 x:  0.021744034182106353 	 t:  35.43
42 	 x:  0.02105603418210633 	 t:  36.305
43 	 x:  0.021719034182106356 	 t:  37.22
44 	 x:  0.020368034182106365 	 t:  38.065
45 	 x:  0.020368034182106365 	 t:  38.93
46 	 x:  0.019680034182106343 	 t:  39.815
47 	 x:  0.020219034182106355 	 t:  40.64
48 	 x:  0.01882003418210637 	 t:  41.565
49 	 x:  0.018648034182106366 	 t:  42.45
50 	 x:  0.018304034182106355 	 t:  43.325
51 	 x:  0.01953003418210636 	 t:  44.17
52 	 x:  0.01882003418210637 	 t:  45.105
53 	 x:  0.01727103418210635 	 t:  45.965
54 	 x:  0.017099034182106343 	 t:  46.845
55 	 x:  0.018497034182106353 	 t:  47.69
56 	 x:  0.018193034182106327 	 t:  48.6
57 	 x:  0.016067034182106366 	 t:  49.47
58 	 x:  0.015723034182106355 	 t:  50.355
59 	 x:  0.016775034182106352 	 t:  51.18
60 	 x:  0.016947034182106357 	 t:  52.075
61 	 x:  0.017028034182106355 	 t:  53.0
62 	 x:  0.014691034182106322 	 t:  53.865
63 	 x:  0.01608703418210633 	 t:  54.695
64 	 x:  0.01589503418210636 	 t:  55.615
65 	 x:  0.01591403418210635 	 t:  56.455
66 	 x:  0.01383103418210635 	 t:  57.375
67 	 x:  0.01578303418210636 	 t:  58.225
68 	 x:  0.015035034182106333 	 t:  59.115
69 	 x:  0.014863034182106327 	 t:  60.005
70 	 x:  0.012971034182106322 	 t:  60.885
71 	 x:  0.012987034182106338 	 t:  61.675
72 	 x:  0.01417503418210636 	 t:  62.63
73 	 x:  0.01383103418210635 	 t:  63.52
74 	 x:  0.012431034182106337 	 t:  64.305
75 	 x:  0.012259034182106332 	 t:  65.185
76 	 x:  0.013315034182106333 	 t:  66.15
77 	 x:  0.013143034182106328 	 t:  67.015
78 	 x:  0.012815034182106333 	 t:  67.84
79 	 x:  0.012471034182106322 	 t:  68.715
80 	 x:  0.012627034182106367 	 t:  69.66
81 	 x:  0.012283034182106356 	 t:  70.54
82 	 x:  0.012283034182106356 	 t:  71.415
83 	 x:  0.012455034182106361 	 t:  72.29
84 	 x:  0.011939034182106345 	 t:  73.175
85 	 x:  0.011595034182106334 	 t:  74.045
86 	 x:  0.011595034182106334 	 t:  74.91
87 	 x:  0.01176703418210634 	 t:  75.805
88 	 x:  0.011595034182106334 	 t:  76.675
89 	 x:  0.011079034182106318 	 t:  77.555
90 	 x:  0.010907034182106368 	 t:  78.425
91 	 x:  0.011079034182106318 	 t:  79.315
92 	 x:  0.011079034182106318 	 t:  80.19
93 	 x:  0.010563034182106357 	 t:  81.065
94 	 x:  0.010391034182106351 	 t:  81.935
95 	 x:  0.010563034182106357 	 t:  82.81
96 	 x:  0.010829034182106345 	 t:  83.715
97 	 x:  0.010405034182106365 	 t:  84.535
98 	 x:  0.009875034182106335 	 t:  85.45
99 	 x:  0.009875034182106335 	 t:  86.325
100 	 x:  0.01044503418210635 	 t:  87.2
101 	 x:  0.010273034182106344 	 t:  88.075
102 	 x:  0.009531034182106324 	 t:  88.955
103 	 x:  0.009359034182106318 	 t:  89.835
104 	 x:  0.00970303418210633 	 t:  90.695
105 	 x:  0.00970303418210633 	 t:  91.575
106 	 x:  0.009187034182106368 	 t:  92.47
107 	 x:  0.009015034182106363 	 t:  93.34
108 	 x:  0.009015034182106363 	 t:  94.225
109 	 x:  0.009187034182106368 	 t:  95.1
110 	 x:  0.008843034182106357 	 t:  95.98
111 	 x:  0.008671034182106352 	 t:  96.835
112 	 x:  0.008671034182106352 	 t:  97.72
113 	 x:  0.008671034182106352 	 t:  98.605
114 	 x:  0.008499034182106346 	 t:  99.495
115 	 x:  0.008155034182106335 	 t:  100.36
