Configuration 1:  

(10, 11) 	  0.0
(11, 12) 	  0.0
(12, 13) 	  0.0
(111, 112) 	  0.0
(212, 213) 	  0.0
(315, 316) 	  0.0
(416, 417) 	  0.0
(417, 418) 	  0.0
(516, 517) 	  0.0
(517, 518) 	  0.0
(518, 519) 	  0.0
(619, 620) 	  0.0
(821, 822) 	  0.0
(920, 921) 	  0.0
(924, 925) 	  0.0
(1022, 1023) 	  0.0
(1023, 1024) 	  0.0
(1024, 1025) 	  0.0
(1025, 1026) 	  0.0
(1123, 1124) 	  0.0
(1124, 1125) 	  0.0
(1125, 1126) 	  0.0
(1126, 1127) 	  0.0
(1225, 1226) 	  0.0
(1226, 1227) 	  0.0
(1227, 1228) 	  0.0
(1228, 1229) 	  0.0
(1325, 1326) 	  0.0
(1326, 1327) 	  0.0
(1327, 1328) 	  0.0
(1328, 1329) 	  0.0
(1426, 1427) 	  0.0
(1427, 1428) 	  0.0
(1428, 1429) 	  0.0
(1531, 1532) 	  0.0
(1628, 1629) 	  0.0
(1629, 1630) 	  0.0
(1729, 1730) 	  0.0
(1730, 1731) 	  0.0
(1731, 1732) 	  0.0
(1829, 1830) 	  0.0
(1830, 1831) 	  0.0
(1930, 1931) 	  0.0
(1931, 1932) 	  0.0
(1932, 1933) 	  0.0
(2032, 2033) 	  0.0
(2033, 2034) 	  0.0
(2133, 2134) 	  0.0
(2134, 2135) 	  0.0
(2135, 2136) 	  0.0
(2136, 2137) 	  0.0
(2233, 2234) 	  0.0
(2234, 2235) 	  0.0
(2235, 2236) 	  0.0
(2333, 2334) 	  0.0
(2334, 2335) 	  0.0
(2335, 2336) 	  0.0
(2336, 2337) 	  0.0
(2432, 2433) 	  0.0
(2433, 2434) 	  0.0
(2434, 2435) 	  0.0
(2435, 2436) 	  0.0
(2535, 2536) 	  0.0
(2536, 2537) 	  0.0
(2635, 2636) 	  0.0
(2636, 2637) 	  0.0
(2637, 2638) 	  0.0
(2638, 2639) 	  0.0
(2639, 2640) 	  0.0
(2738, 2739) 	  0.0
(2739, 2740) 	  0.0
(2740, 2741) 	  0.0
(2838, 2839) 	  0.0
(2839, 2840) 	  0.0
(2840, 2841) 	  0.0
(2841, 2842) 	  0.0
(2842, 2843) 	  0.0
(2938, 2939) 	  0.0
(2939, 2940) 	  0.0
(2940, 2941) 	  0.0
(2941, 2942) 	  0.0
(3037, 3038) 	  0.0
(3042, 3043) 	  0.0
(3137, 3138) 	  0.0
(3138, 3139) 	  0.0
(3139, 3140) 	  0.0
(3140, 3141) 	  0.0
(3141, 3142) 	  0.0
(3238, 3239) 	  0.0
(3241, 3242) 	  0.0
(3242, 3243) 	  0.0
(3245, 3246) 	  0.0
(3341, 3342) 	  0.0
(3342, 3343) 	  0.0
(3343, 3344) 	  0.0
(3344, 3345) 	  0.0
(3345, 3346) 	  0.0
(3444, 3445) 	  0.0
(3445, 3446) 	  0.0
(3446, 3447) 	  0.0
(3449, 3450) 	  0.0
(3540, 3541) 	  0.0
(3546, 3547) 	  0.0
(3547, 3548) 	  0.0
(3550, 3551) 	  0.0
(3642, 3643) 	  0.0
(3645, 3646) 	  0.0
(3648, 3649) 	  0.0
(3649, 3650) 	  0.0
(3739, 3740) 	  0.0
(3743, 3744) 	  0.0
(3744, 3745) 	  0.0
(3745, 3746) 	  0.0
(3748, 3749) 	  0.0
(3843, 3844) 	  0.0
(3846, 3847) 	  0.0
(3847, 3848) 	  0.0
(3848, 3849) 	  0.0
(3849, 3850) 	  0.0
(3945, 3946) 	  0.0
(3946, 3947) 	  0.0
(3947, 3948) 	  0.0
(3948, 3949) 	  0.0
(3949, 3950) 	  0.0
(3950, 3951) 	  0.0
(4046, 4047) 	  0.0
(4047, 4048) 	  0.0
(4048, 4049) 	  0.0
(4049, 4050) 	  0.0
(4050, 4051) 	  0.0
(4053, 4054) 	  0.0
(4145, 4146) 	  0.0
(4148, 4149) 	  0.0
(4149, 4150) 	  0.0
(4150, 4151) 	  0.0
(4153, 4154) 	  0.0
(4246, 4247) 	  0.0
(4247, 4248) 	  0.0
(4248, 4249) 	  0.0
(4249, 4250) 	  0.0
(4250, 4251) 	  0.0
(4251, 4252) 	  0.0
(4252, 4253) 	  0.0
(4253, 4254) 	  0.0
(4346, 4347) 	  0.0
(4347, 4348) 	  0.0
(4348, 4349) 	  0.0
(4349, 4350) 	  0.0
(4350, 4351) 	  0.0
(4351, 4352) 	  0.0
(4352, 4353) 	  0.0
(4353, 4354) 	  0.0
(4356, 4357) 	  0.0
(4448, 4449) 	  0.0
(4449, 4450) 	  0.0
(4450, 4451) 	  0.0
(4451, 4452) 	  0.0
(4452, 4453) 	  0.0
(4453, 4454) 	  0.0
(4456, 4457) 	  0.0
(4547, 4548) 	  0.0
(4550, 4551) 	  0.0
(4551, 4552) 	  0.0
(4552, 4553) 	  0.0
(4553, 4554) 	  0.0
(4554, 4555) 	  0.0
(4557, 4558) 	  0.0
(4646, 4647) 	  0.0
(4649, 4650) 	  0.0
(4650, 4651) 	  0.0
(4651, 4652) 	  0.0
(4652, 4653) 	  0.0
(4655, 4656) 	  0.0
(4751, 4752) 	  0.0
(4752, 4753) 	  0.0
(4753, 4754) 	  0.0
(4754, 4755) 	  0.0
(4755, 4756) 	  0.0
(4756, 4757) 	  0.0
(4757, 4758) 	  0.0
(4760, 4761) 	  0.0
(4850, 4851) 	  0.0
(4853, 4854) 	  0.0
(4854, 4855) 	  0.0
(4855, 4856) 	  0.0
(4858, 4859) 	  0.0
(4861, 4862) 	  0.0
(4953, 4954) 	  0.0
(4954, 4955) 	  0.0
(4955, 4956) 	  0.0
(4959, 4960) 	  0.0
(4960, 4961) 	  0.0
(5049, 5050) 	  0.0
(5052, 5053) 	  0.0
(5053, 5054) 	  0.0
(5054, 5055) 	  0.0
(5055, 5056) 	  0.0
(5056, 5057) 	  0.0
(5057, 5058) 	  0.0
(5151, 5152) 	  0.0
(5154, 5155) 	  0.0
(5155, 5156) 	  0.0
(5156, 5157) 	  0.0
(5157, 5158) 	  0.0
(5160, 5161) 	  0.0
(5250, 5251) 	  0.0
(5251, 5252) 	  0.0
(5254, 5255) 	  0.0
(5255, 5256) 	  0.0
(5256, 5257) 	  0.0
(5257, 5258) 	  0.0
(5258, 5259) 	  0.0
(5261, 5262) 	  0.0
(5355, 5356) 	  0.0
(5356, 5357) 	  0.0
(5357, 5358) 	  0.0
(5360, 5361) 	  0.0
(5363, 5364) 	  0.0
(5364, 5365) 	  0.0
(5454, 5455) 	  0.0
(5457, 5458) 	  0.0
(5458, 5459) 	  0.0
(5459, 5460) 	  0.0
(5460, 5461) 	  0.0
(5461, 5462) 	  0.0
(5462, 5463) 	  0.0
(5463, 5464) 	  0.0
(5466, 5467) 	  0.0
(5556, 5557) 	  0.0
(5557, 5558) 	  0.0
(5558, 5559) 	  0.0
(5559, 5560) 	  0.0
(5560, 5561) 	  0.0
(5561, 5562) 	  0.0
(5562, 5563) 	  0.0
(5563, 5564) 	  0.0
(5564, 5565) 	  0.0
(5649, 5650) 	  0.0
(5654, 5655) 	  0.0
(5655, 5656) 	  0.0
(5656, 5657) 	  0.0
(5657, 5658) 	  0.0
(5658, 5659) 	  0.0
(5659, 5660) 	  0.0
(5660, 5661) 	  0.0
(5661, 5662) 	  0.0
(5753, 5754) 	  0.0
(5754, 5755) 	  0.0
(5757, 5758) 	  0.0
(5758, 5759) 	  0.0
(5761, 5762) 	  0.0
(5762, 5763) 	  0.0
(5853, 5854) 	  0.0
(5856, 5857) 	  0.0
(5859, 5860) 	  0.0
(5860, 5861) 	  0.0
(5861, 5862) 	  0.0
(5862, 5863) 	  0.0
(5865, 5866) 	  0.0
(5866, 5867) 	  0.0
(5959, 5960) 	  0.0
(5962, 5963) 	  0.0
(5963, 5964) 	  0.0
(5964, 5965) 	  0.0
(5965, 5966) 	  0.0
(5966, 5967) 	  0.0
(5967, 5968) 	  0.0
(5970, 5971) 	  0.0
(6060, 6061) 	  0.0
(6069, 6070) 	  0.0
(6070, 6071) 	  0.0
(6071, 6072) 	  0.0
(6155, 6156) 	  0.0
(6156, 6157) 	  0.0
(6159, 6160) 	  0.0
(6160, 6161) 	  0.0
(6161, 6162) 	  0.0
(6162, 6163) 	  0.0
(6163, 6164) 	  0.0
(6164, 6165) 	  0.0
(6165, 6166) 	  0.0
(6166, 6167) 	  0.0
(6169, 6170) 	  0.0
(6172, 6173) 	  0.0
(6173, 6174) 	  0.0
(6256, 6257) 	  0.0
(6259, 6260) 	  0.0
(6260, 6261) 	  0.0
(6261, 6262) 	  0.0
(6262, 6263) 	  0.0
(6263, 6264) 	  0.0
(6264, 6265) 	  0.0
(6267, 6268) 	  0.0
(6268, 6269) 	  0.0
(6353, 6354) 	  0.0
(6356, 6357) 	  0.0
(6357, 6358) 	  0.0
(6360, 6361) 	  0.0
(6361, 6362) 	  0.0
(6362, 6363) 	  0.0
(6363, 6364) 	  0.0
(6364, 6365) 	  0.0
(6367, 6368) 	  0.0
(6457, 6458) 	  0.0
(6460, 6461) 	  0.0
(6463, 6464) 	  0.0
(6464, 6465) 	  0.0
(6465, 6466) 	  0.0
(6466, 6467) 	  0.0
(6467, 6468) 	  0.0
(6468, 6469) 	  0.0
(6471, 6472) 	  0.0
(6472, 6473) 	  0.0
(6475, 6476) 	  0.0
(6562, 6563) 	  0.0
(6565, 6566) 	  0.0
(6566, 6567) 	  0.0
(6567, 6568) 	  0.0
(6568, 6569) 	  0.0
(6569, 6570) 	  0.0
(6570, 6571) 	  0.0
(6573, 6574) 	  0.0
(6667, 6668) 	  0.0
(6668, 6669) 	  0.0
(6669, 6670) 	  0.0
(6670, 6671) 	  0.0
(6671, 6672) 	  0.0
(6674, 6675) 	  0.0
(6752, 6753) 	  0.0
(6763, 6764) 	  0.0
(6764, 6765) 	  0.0
(6765, 6766) 	  0.0
(6766, 6767) 	  0.0
(6767, 6768) 	  0.0
(6768, 6769) 	  0.0
(6769, 6770) 	  0.0
(6861, 6862) 	  0.0
(6862, 6863) 	  0.0
(6863, 6864) 	  0.0
(6866, 6867) 	  0.0
(6867, 6868) 	  0.0
(6868, 6869) 	  0.0
(6869, 6870) 	  0.0
(6870, 6871) 	  0.0
(6873, 6874) 	  0.0
(6959, 6960) 	  0.0
(6962, 6963) 	  0.0
(6963, 6964) 	  0.0
(6964, 6965) 	  0.0
(6965, 6966) 	  0.0
(6966, 6967) 	  0.0
(6967, 6968) 	  0.0
(6968, 6969) 	  0.0
(6969, 6970) 	  0.0
(6970, 6971) 	  0.0
(6971, 6972) 	  0.0
(6972, 6973) 	  0.0
(6975, 6976) 	  0.0
(6976, 6977) 	  0.0
(6979, 6980) 	  0.0
(7063, 7064) 	  0.0
(7066, 7067) 	  0.0
(7067, 7068) 	  0.0
(7070, 7071) 	  0.0
(7071, 7072) 	  0.0
(7074, 7075) 	  0.0
(7075, 7076) 	  0.0
(7076, 7077) 	  0.0
(7165, 7166) 	  0.0
(7166, 7167) 	  0.0
(7169, 7170) 	  0.0
(7170, 7171) 	  0.0
(7171, 7172) 	  0.0
(7172, 7173) 	  0.0
(7175, 7176) 	  0.0
(7176, 7177) 	  0.0
(7263, 7264) 	  0.0
(7266, 7267) 	  0.0
(7267, 7268) 	  0.0
(7268, 7269) 	  0.0
(7275, 7276) 	  0.0
(7276, 7277) 	  0.0
(7351, 7352) 	  0.0
(7364, 7365) 	  0.0
(7365, 7366) 	  0.0
(7368, 7369) 	  0.0
(7369, 7370) 	  0.0
(7370, 7371) 	  0.0
(7371, 7372) 	  0.0
(7372, 7373) 	  0.0
(7373, 7374) 	  0.0
(7376, 7377) 	  0.0
(7377, 7378) 	  0.0
(7465, 7466) 	  0.0
(7468, 7469) 	  0.0
(7469, 7470) 	  0.0
(7470, 7471) 	  0.0
(7471, 7472) 	  0.0
(7472, 7473) 	  0.0
(7473, 7474) 	  0.0
(7474, 7475) 	  0.0
(7475, 7476) 	  0.0
(7476, 7477) 	  0.0
(7479, 7480) 	  0.0
(7566, 7567) 	  0.0
(7569, 7570) 	  0.0
(7570, 7571) 	  0.0
(7571, 7572) 	  0.0
(7572, 7573) 	  0.0
(7573, 7574) 	  0.0
(7574, 7575) 	  0.0
(7575, 7576) 	  0.0
(7576, 7577) 	  0.0
(7577, 7578) 	  0.0
(7578, 7579) 	  0.0
(7581, 7582) 	  0.0
(7668, 7669) 	  0.0
(7669, 7670) 	  0.0
(7672, 7673) 	  0.0
(7673, 7674) 	  0.0
(7674, 7675) 	  0.0
(7675, 7676) 	  0.0
(7678, 7679) 	  0.0
(7679, 7680) 	  0.0
(7766, 7767) 	  0.0
(7769, 7770) 	  0.0
(7770, 7771) 	  0.0
(7771, 7772) 	  0.0
(7772, 7773) 	  0.0
(7773, 7774) 	  0.0
(7774, 7775) 	  0.0
(7775, 7776) 	  0.0
(7776, 7777) 	  0.0
(7777, 7778) 	  0.0
(7780, 7781) 	  0.0
(7865, 7866) 	  0.0
(7866, 7867) 	  0.0
(7869, 7870) 	  0.0
(7870, 7871) 	  0.0
(7871, 7872) 	  0.0
(7872, 7873) 	  0.0
(7873, 7874) 	  0.0
(7874, 7875) 	  0.0
(7875, 7876) 	  0.0
(7876, 7877) 	  0.0
(7877, 7878) 	  0.0
(7878, 7879) 	  0.0
(7881, 7882) 	  0.0
(7960, 7961) 	  0.0
(7963, 7964) 	  0.0
(7968, 7969) 	  0.0
(7971, 7972) 	  0.0
(7972, 7973) 	  0.0
(7973, 7974) 	  0.0
(7976, 7977) 	  0.0
(7977, 7978) 	  0.0
(7978, 7979) 	  0.0
(7979, 7980) 	  0.0
(7982, 7983) 	  0.0
(7983, 7984) 	  0.0
(7984, 7985) 	  0.0
(7987, 7988) 	  0.0
(7994, 7995) 	  0.0
(8065, 8066) 	  0.0
(8070, 8071) 	  0.0
(8071, 8072) 	  0.0
(8072, 8073) 	  0.0
(8075, 8076) 	  0.0
(8076, 8077) 	  0.0
(8077, 8078) 	  0.0
(8078, 8079) 	  0.0
(8079, 8080) 	  0.0
(8080, 8081) 	  0.0
(8083, 8084) 	  0.0
(8084, 8085) 	  0.0
(8160, 8161) 	  0.0
(8171, 8172) 	  0.0
(8174, 8175) 	  0.0
(8175, 8176) 	  0.0
(8176, 8177) 	  0.0
(8177, 8178) 	  0.0
(8178, 8179) 	  0.0
(8179, 8180) 	  0.0
(8180, 8181) 	  0.0
(8183, 8184) 	  0.0
(8266, 8267) 	  0.0
(8269, 8270) 	  0.0
(8270, 8271) 	  0.0
(8273, 8274) 	  0.0
(8274, 8275) 	  0.0
(8275, 8276) 	  0.0
(8276, 8277) 	  0.0
(8277, 8278) 	  0.0
(8280, 8281) 	  0.0
(8368, 8369) 	  0.0
(8371, 8372) 	  0.0
(8372, 8373) 	  0.0
(8373, 8374) 	  0.0
(8374, 8375) 	  0.0
(8375, 8376) 	  0.0
(8376, 8377) 	  0.0
(8377, 8378) 	  0.0
(8378, 8379) 	  0.0
(8379, 8380) 	  0.0
(8380, 8381) 	  0.0
(8381, 8382) 	  0.0
(8384, 8385) 	  0.0
(8468, 8469) 	  0.0
(8471, 8472) 	  0.0
(8472, 8473) 	  0.0
(8475, 8476) 	  0.0
(8476, 8477) 	  0.0
(8477, 8478) 	  0.0
(8478, 8479) 	  0.0
(8479, 8480) 	  0.0
(8480, 8481) 	  0.0
(8481, 8482) 	  0.0
(8482, 8483) 	  0.0
(8485, 8486) 	  0.0
(8486, 8487) 	  0.0
(8571, 8572) 	  0.0
(8576, 8577) 	  0.0
(8579, 8580) 	  0.0
(8583, 8584) 	  0.0
(8584, 8585) 	  0.0
(8585, 8586) 	  0.0
(8586, 8587) 	  0.0
(8589, 8590) 	  0.0
(8590, 8591) 	  0.0
(8591, 8592) 	  0.0
(8673, 8674) 	  0.0
(8676, 8677) 	  0.0
(8677, 8678) 	  0.0
(8678, 8679) 	  0.0
(8679, 8680) 	  0.0
(8680, 8681) 	  0.0
(8684, 8685) 	  0.0
(8685, 8686) 	  0.0
(8686, 8687) 	  0.0
(8687, 8688) 	  0.0
(8688, 8689) 	  0.0
(8691, 8692) 	  0.0
(8767, 8768) 	  0.0
(8770, 8771) 	  0.0
(8771, 8772) 	  0.0
(8774, 8775) 	  0.0
(8775, 8776) 	  0.0
(8776, 8777) 	  0.0
(8777, 8778) 	  0.0
(8778, 8779) 	  0.0
(8779, 8780) 	  0.0
(8780, 8781) 	  0.0
(8781, 8782) 	  0.0
(8782, 8783) 	  0.0
(8783, 8784) 	  0.0
(8784, 8785) 	  0.0
(8787, 8788) 	  0.0
(8790, 8791) 	  0.0
(8793, 8794) 	  0.0
(8864, 8865) 	  0.0
(8867, 8868) 	  0.0
(8868, 8869) 	  0.0
(8871, 8872) 	  0.0
(8872, 8873) 	  0.0
(8873, 8874) 	  0.0
(8874, 8875) 	  0.0
(8875, 8876) 	  0.0
(8878, 8879) 	  0.0
(8879, 8880) 	  0.0
(8882, 8883) 	  0.0
(8972, 8973) 	  0.0
(8973, 8974) 	  0.0
(8976, 8977) 	  0.0
(8977, 8978) 	  0.0
(8978, 8979) 	  0.0
(8979, 8980) 	  0.0
(8980, 8981) 	  0.0
(8981, 8982) 	  0.0
(8982, 8983) 	  0.0
(8985, 8986) 	  0.0
(8986, 8987) 	  0.0
(8991, 8992) 	  0.0
(9072, 9073) 	  0.0
(9075, 9076) 	  0.0
(9078, 9079) 	  0.0
(9079, 9080) 	  0.0
(9080, 9081) 	  0.0
(9085, 9086) 	  0.0
(9086, 9087) 	  0.0
(9087, 9088) 	  0.0
(9088, 9089) 	  0.0
(9089, 9090) 	  0.0
(9092, 9093) 	  0.0
(9179, 9180) 	  0.0
(9182, 9183) 	  0.0
(9183, 9184) 	  0.0
(9184, 9185) 	  0.0
(9185, 9186) 	  0.0
(9186, 9187) 	  0.0
(9187, 9188) 	  0.0
(9188, 9189) 	  0.0
(9189, 9190) 	  0.0
(9190, 9191) 	  0.0
(9191, 9192) 	  0.0
(9194, 9195) 	  0.0
(9274, 9275) 	  0.0
(9279, 9280) 	  0.0
(9280, 9281) 	  0.0
(9283, 9284) 	  0.0
(9284, 9285) 	  0.0
(9285, 9286) 	  0.0
(9286, 9287) 	  0.0
(9287, 9288) 	  0.0
(9288, 9289) 	  0.0
(9289, 9290) 	  0.0
(9292, 9293) 	  0.0
(9293, 9294) 	  0.0
(9296, 9297) 	  0.0
(9360, 9361) 	  0.0
(9373, 9374) 	  0.0
(9376, 9377) 	  0.0
(9377, 9378) 	  0.0
(9378, 9379) 	  0.0
(9379, 9380) 	  0.0
(9380, 9381) 	  0.0
(9381, 9382) 	  0.0
(9382, 9383) 	  0.0
(9383, 9384) 	  0.0
(9384, 9385) 	  0.0
(9385, 9386) 	  0.0
(9386, 9387) 	  0.0
(9387, 9388) 	  0.0
(9388, 9389) 	  0.0
(9391, 9392) 	  0.0
(9469, 9470) 	  0.0
(9472, 9473) 	  0.0
(9473, 9474) 	  0.0
(9474, 9475) 	  0.0
(9477, 9478) 	  0.0
(9478, 9479) 	  0.0
(9479, 9480) 	  0.0
(9480, 9481) 	  0.0
(9481, 9482) 	  0.0
(9482, 9483) 	  0.0
(9483, 9484) 	  0.0
(9484, 9485) 	  0.0
(9485, 9486) 	  0.0
(9488, 9489) 	  0.0
(9489, 9490) 	  0.0
(9492, 9493) 	  0.0
(9569, 9570) 	  0.0
(9574, 9575) 	  0.0
(9575, 9576) 	  0.0
(9578, 9579) 	  0.0
(9579, 9580) 	  0.0
(9580, 9581) 	  0.0
(9581, 9582) 	  0.0
(9582, 9583) 	  0.0
(9583, 9584) 	  0.0
(9584, 9585) 	  0.0
(9585, 9586) 	  0.0
(9586, 9587) 	  0.0
(9589, 9590) 	  0.0
(9590, 9591) 	  0.0
(9593, 9594) 	  0.0
(9678, 9679) 	  0.0
(9681, 9682) 	  0.0
(9684, 9685) 	  0.0
(9685, 9686) 	  0.0
(9686, 9687) 	  0.0
(9689, 9690) 	  0.0
(9690, 9691) 	  0.0
(9691, 9692) 	  0.0
(9692, 9693) 	  0.0
(9693, 9694) 	  0.0
(9694, 9695) 	  0.0
(9697, 9698) 	  0.0
(9702, 9703) 	  0.0
(9778, 9779) 	  0.0
(9781, 9782) 	  0.0
(9784, 9785) 	  0.0
(9785, 9786) 	  0.0
(9786, 9787) 	  0.0
(9787, 9788) 	  0.0
(9788, 9789) 	  0.0
(9789, 9790) 	  0.0
(9790, 9791) 	  0.0
(9791, 9792) 	  0.0
(9792, 9793) 	  0.0
(9795, 9796) 	  0.0
(9796, 9797) 	  0.0
(9881, 9882) 	  0.0
(9884, 9885) 	  0.0
(9885, 9886) 	  0.0
(9886, 9887) 	  0.0
(9887, 9888) 	  0.0
(9888, 9889) 	  0.0
(9889, 9890) 	  0.0
(9890, 9891) 	  0.0
(9891, 9892) 	  0.0
(9892, 9893) 	  0.0
(9893, 9894) 	  0.0
(9894, 9895) 	  0.0
(9897, 9898) 	  0.0
(9900, 9901) 	  0.0
(9903, 9904) 	  0.0
(9971, 9972) 	  0.0
(9974, 9975) 	  0.0
(9977, 9978) 	  0.0
(9980, 9981) 	  0.0
(9981, 9982) 	  0.0
(9982, 9983) 	  0.0
(9983, 9984) 	  0.0
(9984, 9985) 	  0.0
(9985, 9986) 	  0.0
(9989, 9990) 	  0.0
(9990, 9991) 	  0.0
(9991, 9992) 	  0.0
(9998, 9999) 	  0.0
