Configuration 1:  

1 	 x:  -0.04852865922411398 	 t:  0.456
2 	 x:  -0.044057659224113976 	 t:  1.268
3 	 x:  -0.04096165922411393 	 t:  2.08
4 	 x:  -0.039241659224113934 	 t:  2.888
5 	 x:  -0.03528665922411395 	 t:  3.692
6 	 x:  -0.03305065922411399 	 t:  4.512
7 	 x:  -0.03219065922411396 	 t:  5.32
8 	 x:  -0.029095659224113946 	 t:  6.12
9 	 x:  -0.02720365922411394 	 t:  6.932
10 	 x:  -0.027375659224113946 	 t:  7.736
11 	 x:  -0.024451659224113964 	 t:  8.552
12 	 x:  -0.02290365922411397 	 t:  9.352
13 	 x:  -0.02255965922411396 	 t:  10.152
14 	 x:  -0.021184659224113944 	 t:  10.968
15 	 x:  -0.019120659224113934 	 t:  11.772
16 	 x:  -0.018432659224113968 	 t:  12.572
17 	 x:  -0.018260659224113962 	 t:  13.388
18 	 x:  -0.016196659224113952 	 t:  14.172
19 	 x:  -0.015436659224113969 	 t:  14.964
20 	 x:  -0.01585265922411394 	 t:  15.808
21 	 x:  -0.013961659224113965 	 t:  16.608
22 	 x:  -0.011938659224113968 	 t:  17.456
23 	 x:  -0.013961659224113965 	 t:  18.224
24 	 x:  -0.012241659224113965 	 t:  19.036
25 	 x:  -0.011381659224113938 	 t:  19.832
26 	 x:  -0.012413659224113971 	 t:  20.636
27 	 x:  -0.011209659224113933 	 t:  21.448
28 	 x:  -0.010521659224113966 	 t:  22.264
29 	 x:  -0.010865659224113977 	 t:  23.04
30 	 x:  -0.01034965922411396 	 t:  23.876
31 	 x:  -0.009317659224113983 	 t:  24.672
32 	 x:  -0.008973659224113972 	 t:  25.464
33 	 x:  -0.009661659224113939 	 t:  26.288
34 	 x:  -0.00828565922411395 	 t:  27.084
35 	 x:  -0.0074256592241139785 	 t:  27.896
36 	 x:  -0.008801659224113967 	 t:  28.696
37 	 x:  -0.0070816592241139675 	 t:  29.5
38 	 x:  -0.0070816592241139675 	 t:  30.32
39 	 x:  -0.00794165922411394 	 t:  31.116
40 	 x:  -0.00577765922411394 	 t:  31.848
41 	 x:  -0.006737659224113957 	 t:  32.728
42 	 x:  -0.007253659224113973 	 t:  33.532
43 	 x:  -0.00622165922411394 	 t:  34.352
44 	 x:  -0.005706659224113952 	 t:  35.144
45 	 x:  -0.006565659224113951 	 t:  35.936
46 	 x:  -0.006393659224113946 	 t:  36.772
47 	 x:  -0.005190659224113936 	 t:  37.56
48 	 x:  -0.005706659224113952 	 t:  38.352
49 	 x:  -0.00622165922411394 	 t:  39.176
50 	 x:  -0.005001659224113941 	 t:  39.952
