Configuration 1:  

1 	 x:  0.05131634077588604 	 t:  0.056
2 	 x:  0.05054934077588602 	 t:  0.84
3 	 x:  0.04684334077588603 	 t:  1.676
4 	 x:  0.04460734077588602 	 t:  2.484
5 	 x:  0.04215834077588604 	 t:  3.268
6 	 x:  0.03927434077588604 	 t:  4.108
7 	 x:  0.03824234077588606 	 t:  4.92
8 	 x:  0.03578534077588602 	 t:  5.688
9 	 x:  0.03359734077588605 	 t:  6.524
10 	 x:  0.03256534077588602 	 t:  7.328
11 	 x:  0.029585340775886038 	 t:  8.108
12 	 x:  0.02534034077588604 	 t:  8.948
13 	 x:  0.026717340775886056 	 t:  9.748
14 	 x:  0.02316734077588606 	 t:  10.488
15 	 x:  0.02327634077588603 	 t:  11.388
16 	 x:  0.02018034077588604 	 t:  12.164
17 	 x:  0.01983634077588603 	 t:  12.976
18 	 x:  0.02121234077588602 	 t:  13.792
19 	 x:  0.017083340775886025 	 t:  14.588
20 	 x:  0.01725534077588603 	 t:  15.404
21 	 x:  0.019320340775886014 	 t:  16.208
22 	 x:  0.014675340775886059 	 t:  17.02
23 	 x:  0.01519134077588602 	 t:  17.82
24 	 x:  0.01725534077588603 	 t:  18.616
25 	 x:  0.01295534077588606 	 t:  19.428
26 	 x:  0.01347134077588602 	 t:  20.236
27 	 x:  0.013394340775886027 	 t:  20.944
28 	 x:  0.011751340775886021 	 t:  21.86
29 	 x:  0.011923340775886027 	 t:  22.652
30 	 x:  0.011751340775886021 	 t:  23.456
31 	 x:  0.013643340775886026 	 t:  24.272
32 	 x:  0.010547340775886038 	 t:  25.064
33 	 x:  0.01089134077588605 	 t:  25.88
34 	 x:  0.01361134077588605 	 t:  26.664
35 	 x:  0.009686340775886038 	 t:  27.488
36 	 x:  0.010719340775886044 	 t:  28.292
37 	 x:  0.010547340775886038 	 t:  29.084
38 	 x:  0.008826340775886066 	 t:  29.912
39 	 x:  0.012439340775886043 	 t:  30.708
40 	 x:  0.009342340775886027 	 t:  31.52
41 	 x:  0.008138340775886044 	 t:  32.328
42 	 x:  0.011579340775886016 	 t:  33.116
43 	 x:  0.008998340775886016 	 t:  33.936
44 	 x:  0.007966340775886038 	 t:  34.732
45 	 x:  0.010898340775886028 	 t:  35.536
46 	 x:  0.00831034077588605 	 t:  36.336
47 	 x:  0.007622340775886027 	 t:  37.164
48 	 x:  0.008960340775886033 	 t:  37.856
49 	 x:  0.010203340775886027 	 t:  38.784
50 	 x:  0.007450340775886022 	 t:  39.584
51 	 x:  0.0064183407758860445 	 t:  40.384
