Configuration 1:  

1 	 x:  0.05131634077588604 	 t:  0.056
2 	 x:  -0.04852865922411398 	 t:  0.456
3 	 x:  0.05054934077588602 	 t:  0.84
4 	 x:  -0.044057659224113976 	 t:  1.268
5 	 x:  0.04684334077588603 	 t:  1.676
6 	 x:  -0.04096165922411393 	 t:  2.08
7 	 x:  0.04460734077588602 	 t:  2.484
8 	 x:  -0.039241659224113934 	 t:  2.888
9 	 x:  0.04215834077588604 	 t:  3.268
10 	 x:  -0.03528665922411395 	 t:  3.692
11 	 x:  0.03927434077588604 	 t:  4.108
12 	 x:  -0.03305065922411399 	 t:  4.512
13 	 x:  0.03824234077588606 	 t:  4.92
14 	 x:  -0.03219065922411396 	 t:  5.32
15 	 x:  0.03578534077588602 	 t:  5.688
16 	 x:  -0.029095659224113946 	 t:  6.12
17 	 x:  0.03359734077588605 	 t:  6.524
18 	 x:  -0.02720365922411394 	 t:  6.932
19 	 x:  0.03256534077588602 	 t:  7.328
20 	 x:  -0.027375659224113946 	 t:  7.736
21 	 x:  0.029585340775886038 	 t:  8.108
22 	 x:  -0.024451659224113964 	 t:  8.552
23 	 x:  0.02534034077588604 	 t:  8.948
24 	 x:  -0.02290365922411397 	 t:  9.352
25 	 x:  0.026717340775886056 	 t:  9.748
26 	 x:  -0.02255965922411396 	 t:  10.152
27 	 x:  0.02316734077588606 	 t:  10.488
28 	 x:  -0.021184659224113944 	 t:  10.968
29 	 x:  0.02327634077588603 	 t:  11.388
30 	 x:  -0.019120659224113934 	 t:  11.772
31 	 x:  0.02018034077588604 	 t:  12.164
32 	 x:  -0.018432659224113968 	 t:  12.572
33 	 x:  0.01983634077588603 	 t:  12.976
34 	 x:  -0.018260659224113962 	 t:  13.388
35 	 x:  0.02121234077588602 	 t:  13.792
36 	 x:  -0.016196659224113952 	 t:  14.172
37 	 x:  0.017083340775886025 	 t:  14.588
38 	 x:  -0.015436659224113969 	 t:  14.964
39 	 x:  0.01725534077588603 	 t:  15.404
40 	 x:  -0.01585265922411394 	 t:  15.808
41 	 x:  0.019320340775886014 	 t:  16.208
42 	 x:  -0.013961659224113965 	 t:  16.608
43 	 x:  0.014675340775886059 	 t:  17.02
44 	 x:  -0.011938659224113968 	 t:  17.456
45 	 x:  0.01519134077588602 	 t:  17.82
46 	 x:  -0.013961659224113965 	 t:  18.224
47 	 x:  0.01725534077588603 	 t:  18.616
48 	 x:  -0.012241659224113965 	 t:  19.036
49 	 x:  0.01295534077588606 	 t:  19.428
50 	 x:  -0.011381659224113938 	 t:  19.832
51 	 x:  0.01347134077588602 	 t:  20.236
52 	 x:  -0.012413659224113971 	 t:  20.636
53 	 x:  0.013394340775886027 	 t:  20.944
54 	 x:  -0.011209659224113933 	 t:  21.448
55 	 x:  0.011751340775886021 	 t:  21.86
56 	 x:  -0.010521659224113966 	 t:  22.264
57 	 x:  0.011923340775886027 	 t:  22.652
58 	 x:  -0.010865659224113977 	 t:  23.04
59 	 x:  0.011751340775886021 	 t:  23.456
60 	 x:  -0.01034965922411396 	 t:  23.876
61 	 x:  0.013643340775886026 	 t:  24.272
62 	 x:  -0.009317659224113983 	 t:  24.672
63 	 x:  0.010547340775886038 	 t:  25.064
64 	 x:  -0.008973659224113972 	 t:  25.464
65 	 x:  0.01089134077588605 	 t:  25.88
66 	 x:  -0.009661659224113939 	 t:  26.288
67 	 x:  0.01361134077588605 	 t:  26.664
68 	 x:  -0.00828565922411395 	 t:  27.084
69 	 x:  0.009686340775886038 	 t:  27.488
70 	 x:  -0.0074256592241139785 	 t:  27.896
71 	 x:  0.010719340775886044 	 t:  28.292
72 	 x:  -0.008801659224113967 	 t:  28.696
73 	 x:  0.010547340775886038 	 t:  29.084
74 	 x:  -0.0070816592241139675 	 t:  29.5
75 	 x:  0.008826340775886066 	 t:  29.912
76 	 x:  -0.0070816592241139675 	 t:  30.32
77 	 x:  0.012439340775886043 	 t:  30.708
78 	 x:  -0.00794165922411394 	 t:  31.116
79 	 x:  0.009342340775886027 	 t:  31.52
80 	 x:  -0.00577765922411394 	 t:  31.848
81 	 x:  0.008138340775886044 	 t:  32.328
82 	 x:  -0.006737659224113957 	 t:  32.728
83 	 x:  0.011579340775886016 	 t:  33.116
84 	 x:  -0.007253659224113973 	 t:  33.532
85 	 x:  0.008998340775886016 	 t:  33.936
86 	 x:  -0.00622165922411394 	 t:  34.352
87 	 x:  0.007966340775886038 	 t:  34.732
88 	 x:  -0.005706659224113952 	 t:  35.144
89 	 x:  0.010898340775886028 	 t:  35.536
90 	 x:  -0.006565659224113951 	 t:  35.936
91 	 x:  0.00831034077588605 	 t:  36.336
92 	 x:  -0.006393659224113946 	 t:  36.772
93 	 x:  0.007622340775886027 	 t:  37.164
94 	 x:  -0.005190659224113936 	 t:  37.56
95 	 x:  0.008960340775886033 	 t:  37.856
96 	 x:  -0.005706659224113952 	 t:  38.352
97 	 x:  0.010203340775886027 	 t:  38.784
98 	 x:  -0.00622165922411394 	 t:  39.176
99 	 x:  0.007450340775886022 	 t:  39.584
100 	 x:  -0.005001659224113941 	 t:  39.952
101 	 x:  0.0064183407758860445 	 t:  40.384
