Configuration 2:  

(812, 813) 	  0.0
(1013, 1014) 	  0.0
(1455, 1456) 	  0.0
(1616, 1617) 	  0.0
(1656, 1657) 	  0.0
(1696, 1697) 	  0.0
(1897, 1898) 	  0.0
(2058, 2059) 	  0.0
(2098, 2099) 	  0.0
(2138, 2139) 	  0.0
(2259, 2260) 	  0.0
(2339, 2340) 	  0.0
(2419, 2420) 	  0.0
(2580, 2581) 	  0.0
(2620, 2621) 	  0.0
(2660, 2661) 	  0.0
(2741, 2742) 	  0.0
(2821, 2822) 	  0.0
(2902, 2903) 	  0.0
(2982, 2983) 	  0.0
(3022, 3023) 	  0.0
(3062, 3063) 	  0.0
(3142, 3143) 	  0.0
(3263, 3264) 	  0.0
(3303, 3304) 	  0.0
(3424, 3425) 	  0.0
(3463, 3464) 	  0.0
(3464, 3465) 	  0.0
(3504, 3505) 	  0.0
(3544, 3545) 	  0.0
(3705, 3706) 	  0.0
(3745, 3746) 	  0.0
(3785, 3786) 	  0.0
(3905, 3906) 	  0.0
