Configuration 2:  

1 	 x:  0.06616785403050102 	 t:  0.49
2 	 x:  0.06304785403050106 	 t:  1.29
3 	 x:  0.061523854030501035 	 t:  2.1
4 	 x:  0.057027854030501035 	 t:  2.9
5 	 x:  0.055158854030501026 	 t:  3.71
6 	 x:  0.05498685403050102 	 t:  4.51
7 	 x:  0.05346185403050102 	 t:  5.32
8 	 x:  0.051374854030501016 	 t:  6.12
9 	 x:  0.05014685403050101 	 t:  6.92
10 	 x:  0.04791085403050105 	 t:  7.73
11 	 x:  0.04705085403050102 	 t:  8.53
12 	 x:  0.04363385403050102 	 t:  9.34
13 	 x:  0.04451685403050104 	 t:  10.15
14 	 x:  0.04053785403050103 	 t:  10.95
15 	 x:  0.04171885403050102 	 t:  11.75
16 	 x:  0.038450854030501025 	 t:  12.55
17 	 x:  0.03999885403050102 	 t:  13.35
18 	 x:  0.03604285403050106 	 t:  14.16
19 	 x:  0.037440854030501014 	 t:  14.97
20 	 x:  0.034150854030501054 	 t:  15.77
21 	 x:  0.035720854030501015 	 t:  16.58
22 	 x:  0.032085854030501015 	 t:  17.37
23 	 x:  0.03346185403050106 	 t:  18.18
24 	 x:  0.03021685403050106 	 t:  18.99
25 	 x:  0.03159285403050105 	 t:  19.79
26 	 x:  0.028151854030501022 	 t:  20.6
27 	 x:  0.029849854030501055 	 t:  21.4
28 	 x:  0.027097854030501023 	 t:  22.2
29 	 x:  0.028645854030501017 	 t:  23.0
30 	 x:  0.02557185403050105 	 t:  23.81
31 	 x:  0.02761385403050104 	 t:  24.61
32 	 x:  0.024689854030501057 	 t:  25.41
33 	 x:  0.02417385403050104 	 t:  26.22
34 	 x:  0.023313854030501013 	 t:  27.02
35 	 x:  0.025377854030501024 	 t:  27.82
36 	 x:  0.02245385403050104 	 t:  28.63
37 	 x:  0.02210985403050103 	 t:  29.43
38 	 x:  0.02109985403050102 	 t:  30.24
39 	 x:  0.02340585403050105 	 t:  31.05
40 	 x:  0.020561854030501037 	 t:  31.84
41 	 x:  0.020217854030501026 	 t:  32.65
42 	 x:  0.019357854030501054 	 t:  33.45
43 	 x:  0.02144385403050103 	 t:  34.26
44 	 x:  0.018669854030501032 	 t:  35.06
45 	 x:  0.018497854030501026 	 t:  35.86
46 	 x:  0.01798185403050101 	 t:  36.66
47 	 x:  0.018153854030501015 	 t:  37.47
48 	 x:  0.01746585403050105 	 t:  38.27
49 	 x:  0.017121854030501038 	 t:  39.07
50 	 x:  0.01660585403050102 	 t:  39.87
51 	 x:  0.01871485403050105 	 t:  40.67
52 	 x:  0.01574585403050105 	 t:  41.48
53 	 x:  0.015573854030501044 	 t:  42.28
