Configuration 2:  

-0.061883 - -0.059322 	x: -0.060603 	n: 11
-0.059322 - -0.056761 	x: -0.058042 	n: 8
-0.056761 - -0.0542 	x: -0.055481 	n: 16
-0.0542 - -0.051639 	x: -0.05292 	n: 17
-0.051639 - -0.049078 	x: -0.050359 	n: 22
-0.049078 - -0.046517 	x: -0.047798 	n: 27
-0.046517 - -0.043956 	x: -0.045237 	n: 30
-0.043956 - -0.041395 	x: -0.042675 	n: 27
-0.041395 - -0.038834 	x: -0.040114 	n: 39
-0.038834 - -0.036273 	x: -0.037553 	n: 47
-0.036273 - -0.033712 	x: -0.034992 	n: 56
-0.033712 - -0.031151 	x: -0.032431 	n: 57
-0.031151 - -0.02859 	x: -0.02987 	n: 76
-0.02859 - -0.026029 	x: -0.027309 	n: 78
-0.026029 - -0.023468 	x: -0.024748 	n: 96
-0.023468 - -0.020907 	x: -0.022187 	n: 120
-0.020907 - -0.018346 	x: -0.019626 	n: 134
-0.018346 - -0.015785 	x: -0.017065 	n: 169
-0.015785 - -0.013224 	x: -0.014504 	n: 224
-0.013224 - -0.010663 	x: -0.011943 	n: 227
-0.010663 - -0.008102 	x: -0.009382 	n: 206
-0.008102 - -0.005541 	x: -0.006821 	n: 185
-0.005541 - -0.00298 	x: -0.00426 	n: 135
-0.00298 - -0.000419 	x: -0.001699 	n: 132
-0.000419 - 0.002142 	x: 0.000862 	n: 133
0.002142 - 0.004703 	x: 0.003423 	n: 129
0.004703 - 0.007264 	x: 0.005984 	n: 139
0.007264 - 0.009825 	x: 0.008545 	n: 139
0.009825 - 0.012386 	x: 0.011106 	n: 154
0.012386 - 0.014947 	x: 0.013667 	n: 182
0.014947 - 0.017508 	x: 0.016228 	n: 208
0.017508 - 0.020069 	x: 0.018789 	n: 185
0.020069 - 0.022631 	x: 0.02135 	n: 139
0.022631 - 0.025192 	x: 0.023911 	n: 115
0.025192 - 0.027753 	x: 0.026472 	n: 97
0.027753 - 0.030314 	x: 0.029033 	n: 87
0.030314 - 0.032875 	x: 0.031594 	n: 64
0.032875 - 0.035436 	x: 0.034155 	n: 62
0.035436 - 0.037997 	x: 0.036716 	n: 64
0.037997 - 0.040558 	x: 0.039277 	n: 46
0.040558 - 0.043119 	x: 0.041838 	n: 37
0.043119 - 0.04568 	x: 0.044399 	n: 38
0.04568 - 0.048241 	x: 0.04696 	n: 28
0.048241 - 0.050802 	x: 0.049521 	n: 24
0.050802 - 0.053363 	x: 0.052082 	n: 26
0.053363 - 0.055924 	x: 0.054643 	n: 27
0.055924 - 0.058485 	x: 0.057204 	n: 12
0.058485 - 0.061046 	x: 0.059765 	n: 11
0.061046 - 0.063607 	x: 0.062326 	n: 14
0.063607 - 0.066168 	x: 0.064887 	n: 7


The local maxima of the histogram are at:
-0.046517 - -0.043956 	x: -0.045237 	n: 30
-0.013224 - -0.010663 	x: -0.011943 	n: 227
-0.000419 - 0.002142 	x: 0.000862 	n: 133
0.004703 - 0.007264 	x: 0.005984 	n: 139
0.014947 - 0.017508 	x: 0.016228 	n: 208
0.035436 - 0.037997 	x: 0.036716 	n: 64
0.043119 - 0.04568 	x: 0.044399 	n: 38
0.053363 - 0.055924 	x: 0.054643 	n: 27
0.061046 - 0.063607 	x: 0.062326 	n: 14
