Configuration 2:  

1 	 x:  -0.061883145969498954 	 t:  0.09
2 	 x:  -0.05964814596949897 	 t:  0.89
3 	 x:  -0.05689614596949899 	 t:  1.7
4 	 x:  -0.055004145969498985 	 t:  2.5
5 	 x:  -0.05276814596949897 	 t:  3.31
6 	 x:  -0.05104814596949897 	 t:  4.11
7 	 x:  -0.04896614596949894 	 t:  4.91
8 	 x:  -0.047609145969498945 	 t:  5.72
9 	 x:  -0.04573614596949899 	 t:  6.53
10 	 x:  -0.04451314596949896 	 t:  7.33
11 	 x:  -0.04229614596949899 	 t:  8.14
12 	 x:  -0.04105514596949894 	 t:  8.93
13 	 x:  -0.03967914596949895 	 t:  9.74
14 	 x:  -0.03881914596949898 	 t:  10.54
15 	 x:  -0.03709914596949898 	 t:  11.35
16 	 x:  -0.03606714596949895 	 t:  12.15
17 	 x:  -0.034863145969498965 	 t:  12.96
18 	 x:  -0.03400314596949894 	 t:  13.76
19 	 x:  -0.03262714596949895 	 t:  14.57
20 	 x:  -0.03211114596949899 	 t:  15.36
21 	 x:  -0.03092714596949897 	 t:  16.18
22 	 x:  -0.029895145969498937 	 t:  16.98
23 	 x:  -0.02884314596949894 	 t:  17.78
24 	 x:  -0.02867114596949899 	 t:  18.58
25 	 x:  -0.027639145969498957 	 t:  19.39
26 	 x:  -0.026779145969498985 	 t:  20.19
27 	 x:  -0.025920145969498987 	 t:  21.0
28 	 x:  -0.025920145969498987 	 t:  21.79
29 	 x:  -0.024907145969498945 	 t:  22.61
30 	 x:  -0.023875145969498968 	 t:  23.41
31 	 x:  -0.02299614596949895 	 t:  24.21
32 	 x:  -0.022824145969498943 	 t:  25.01
33 	 x:  -0.02196414596949897 	 t:  25.82
34 	 x:  -0.021104145969498944 	 t:  26.62
35 	 x:  -0.020436145969498942 	 t:  27.43
36 	 x:  -0.020436145969498942 	 t:  28.23
37 	 x:  -0.01957614596949897 	 t:  29.04
38 	 x:  -0.018868145969498984 	 t:  29.84
39 	 x:  -0.018524145969498973 	 t:  30.64
40 	 x:  -0.018352145969498967 	 t:  31.44
41 	 x:  -0.017664145969498946 	 t:  32.24
42 	 x:  -0.01697614596949898 	 t:  33.05
43 	 x:  -0.016804145969498974 	 t:  33.85
44 	 x:  -0.016480145969498983 	 t:  34.66
45 	 x:  -0.015944145969498946 	 t:  35.46
46 	 x:  -0.015428145969498985 	 t:  36.25
47 	 x:  -0.015084145969498974 	 t:  37.07
48 	 x:  -0.014568145969498958 	 t:  37.87
49 	 x:  -0.014224145969498947 	 t:  38.67
50 	 x:  -0.013880145969498991 	 t:  39.47
51 	 x:  -0.013880145969498991 	 t:  40.28
52 	 x:  -0.013364145969498975 	 t:  41.08
53 	 x:  -0.013425145969498953 	 t:  41.94
54 	 x:  -0.013525145969498942 	 t:  42.62
