Configuration 2:  

1 	 x:  -0.061883145969498954 	 t:  0.09
2 	 x:  0.06616785403050102 	 t:  0.49
3 	 x:  -0.05964814596949897 	 t:  0.89
4 	 x:  0.06304785403050106 	 t:  1.29
5 	 x:  -0.05689614596949899 	 t:  1.7
6 	 x:  0.061523854030501035 	 t:  2.1
7 	 x:  -0.055004145969498985 	 t:  2.5
8 	 x:  0.057027854030501035 	 t:  2.9
9 	 x:  -0.05276814596949897 	 t:  3.31
10 	 x:  0.055158854030501026 	 t:  3.71
11 	 x:  -0.05104814596949897 	 t:  4.11
12 	 x:  0.05498685403050102 	 t:  4.51
13 	 x:  -0.04896614596949894 	 t:  4.91
14 	 x:  0.05346185403050102 	 t:  5.32
15 	 x:  -0.047609145969498945 	 t:  5.72
16 	 x:  0.051374854030501016 	 t:  6.12
17 	 x:  -0.04573614596949899 	 t:  6.53
18 	 x:  0.05014685403050101 	 t:  6.92
19 	 x:  -0.04451314596949896 	 t:  7.33
20 	 x:  0.04791085403050105 	 t:  7.73
21 	 x:  -0.04229614596949899 	 t:  8.14
22 	 x:  0.04705085403050102 	 t:  8.53
23 	 x:  -0.04105514596949894 	 t:  8.93
24 	 x:  0.04363385403050102 	 t:  9.34
25 	 x:  -0.03967914596949895 	 t:  9.74
26 	 x:  0.04451685403050104 	 t:  10.15
27 	 x:  -0.03881914596949898 	 t:  10.54
28 	 x:  0.04053785403050103 	 t:  10.95
29 	 x:  -0.03709914596949898 	 t:  11.35
30 	 x:  0.04171885403050102 	 t:  11.75
31 	 x:  -0.03606714596949895 	 t:  12.15
32 	 x:  0.038450854030501025 	 t:  12.55
33 	 x:  -0.034863145969498965 	 t:  12.96
34 	 x:  0.03999885403050102 	 t:  13.35
35 	 x:  -0.03400314596949894 	 t:  13.76
36 	 x:  0.03604285403050106 	 t:  14.16
37 	 x:  -0.03262714596949895 	 t:  14.57
38 	 x:  0.037440854030501014 	 t:  14.97
39 	 x:  -0.03211114596949899 	 t:  15.36
40 	 x:  0.034150854030501054 	 t:  15.77
41 	 x:  -0.03092714596949897 	 t:  16.18
42 	 x:  0.035720854030501015 	 t:  16.58
43 	 x:  -0.029895145969498937 	 t:  16.98
44 	 x:  0.032085854030501015 	 t:  17.37
45 	 x:  -0.02884314596949894 	 t:  17.78
46 	 x:  0.03346185403050106 	 t:  18.18
47 	 x:  -0.02867114596949899 	 t:  18.58
48 	 x:  0.03021685403050106 	 t:  18.99
49 	 x:  -0.027639145969498957 	 t:  19.39
50 	 x:  0.03159285403050105 	 t:  19.79
51 	 x:  -0.026779145969498985 	 t:  20.19
52 	 x:  0.028151854030501022 	 t:  20.6
53 	 x:  -0.025920145969498987 	 t:  21.0
54 	 x:  0.029849854030501055 	 t:  21.4
55 	 x:  -0.025920145969498987 	 t:  21.79
56 	 x:  0.027097854030501023 	 t:  22.2
57 	 x:  -0.024907145969498945 	 t:  22.61
58 	 x:  0.028645854030501017 	 t:  23.0
59 	 x:  -0.023875145969498968 	 t:  23.41
60 	 x:  0.02557185403050105 	 t:  23.81
61 	 x:  -0.02299614596949895 	 t:  24.21
62 	 x:  0.02761385403050104 	 t:  24.61
63 	 x:  -0.022824145969498943 	 t:  25.01
64 	 x:  0.024689854030501057 	 t:  25.41
65 	 x:  -0.02196414596949897 	 t:  25.82
66 	 x:  0.02417385403050104 	 t:  26.22
67 	 x:  -0.021104145969498944 	 t:  26.62
68 	 x:  0.023313854030501013 	 t:  27.02
69 	 x:  -0.020436145969498942 	 t:  27.43
70 	 x:  0.025377854030501024 	 t:  27.82
71 	 x:  -0.020436145969498942 	 t:  28.23
72 	 x:  0.02245385403050104 	 t:  28.63
73 	 x:  -0.01957614596949897 	 t:  29.04
74 	 x:  0.02210985403050103 	 t:  29.43
75 	 x:  -0.018868145969498984 	 t:  29.84
76 	 x:  0.02109985403050102 	 t:  30.24
77 	 x:  -0.018524145969498973 	 t:  30.64
78 	 x:  0.02340585403050105 	 t:  31.05
79 	 x:  -0.018352145969498967 	 t:  31.44
80 	 x:  0.020561854030501037 	 t:  31.84
81 	 x:  -0.017664145969498946 	 t:  32.24
82 	 x:  0.020217854030501026 	 t:  32.65
83 	 x:  -0.01697614596949898 	 t:  33.05
84 	 x:  0.019357854030501054 	 t:  33.45
85 	 x:  -0.016804145969498974 	 t:  33.85
86 	 x:  0.02144385403050103 	 t:  34.26
87 	 x:  -0.016480145969498983 	 t:  34.66
88 	 x:  0.018669854030501032 	 t:  35.06
89 	 x:  -0.015944145969498946 	 t:  35.46
90 	 x:  0.018497854030501026 	 t:  35.86
91 	 x:  -0.015428145969498985 	 t:  36.25
92 	 x:  0.01798185403050101 	 t:  36.66
93 	 x:  -0.015084145969498974 	 t:  37.07
94 	 x:  0.018153854030501015 	 t:  37.47
95 	 x:  -0.014568145969498958 	 t:  37.87
96 	 x:  0.01746585403050105 	 t:  38.27
97 	 x:  -0.014224145969498947 	 t:  38.67
98 	 x:  0.017121854030501038 	 t:  39.07
99 	 x:  -0.013880145969498991 	 t:  39.47
100 	 x:  0.01660585403050102 	 t:  39.87
101 	 x:  -0.013880145969498991 	 t:  40.28
102 	 x:  0.01871485403050105 	 t:  40.67
103 	 x:  -0.013364145969498975 	 t:  41.08
104 	 x:  0.01574585403050105 	 t:  41.48
105 	 x:  -0.013425145969498953 	 t:  41.94
106 	 x:  0.015573854030501044 	 t:  42.28
107 	 x:  -0.013525145969498942 	 t:  42.62
