Configuration 1:  

1 	 x:  0.389457 	 t:  0.056
2 	 x:  0.38869 	 t:  0.84
3 	 x:  0.384984 	 t:  1.676
4 	 x:  0.382748 	 t:  2.484
5 	 x:  0.380299 	 t:  3.268
6 	 x:  0.377415 	 t:  4.108
7 	 x:  0.376383 	 t:  4.92
8 	 x:  0.373926 	 t:  5.688
9 	 x:  0.371738 	 t:  6.524
10 	 x:  0.370706 	 t:  7.328
11 	 x:  0.367726 	 t:  8.108
12 	 x:  0.363481 	 t:  8.948
13 	 x:  0.364858 	 t:  9.748
14 	 x:  0.361308 	 t:  10.488
15 	 x:  0.361417 	 t:  11.388
16 	 x:  0.358321 	 t:  12.164
17 	 x:  0.357977 	 t:  12.976
18 	 x:  0.359353 	 t:  13.792
19 	 x:  0.355224 	 t:  14.588
20 	 x:  0.355396 	 t:  15.404
21 	 x:  0.357461 	 t:  16.208
22 	 x:  0.352816 	 t:  17.02
23 	 x:  0.353332 	 t:  17.82
24 	 x:  0.355396 	 t:  18.616
25 	 x:  0.351096 	 t:  19.428
26 	 x:  0.351612 	 t:  20.236
27 	 x:  0.351535 	 t:  20.944
28 	 x:  0.349892 	 t:  21.86
29 	 x:  0.350064 	 t:  22.652
30 	 x:  0.349892 	 t:  23.456
31 	 x:  0.351784 	 t:  24.272
32 	 x:  0.348688 	 t:  25.064
33 	 x:  0.349032 	 t:  25.88
34 	 x:  0.351752 	 t:  26.664
35 	 x:  0.347827 	 t:  27.488
36 	 x:  0.34886 	 t:  28.292
37 	 x:  0.348688 	 t:  29.084
38 	 x:  0.346967 	 t:  29.912
39 	 x:  0.35058 	 t:  30.708
40 	 x:  0.347483 	 t:  31.52
41 	 x:  0.346279 	 t:  32.328
42 	 x:  0.34972 	 t:  33.116
43 	 x:  0.347139 	 t:  33.936
44 	 x:  0.346107 	 t:  34.732
45 	 x:  0.349039 	 t:  35.536
46 	 x:  0.346451 	 t:  36.336
47 	 x:  0.345763 	 t:  37.164
48 	 x:  0.347101 	 t:  37.856
49 	 x:  0.348344 	 t:  38.784
50 	 x:  0.345591 	 t:  39.584
51 	 x:  0.344559 	 t:  40.384
