Configuration 3:  

1 	 x:  0.450169 	 t:  0.28
2 	 x:  0.444254 	 t:  1.12
3 	 x:  0.443976 	 t:  2.04
4 	 x:  0.441612 	 t:  2.9
5 	 x:  0.442428 	 t:  3.795
6 	 x:  0.438516 	 t:  4.66
7 	 x:  0.43744 	 t:  5.555
8 	 x:  0.435892 	 t:  6.435
9 	 x:  0.436236 	 t:  7.32
10 	 x:  0.433139 	 t:  8.195
11 	 x:  0.432107 	 t:  9.07
12 	 x:  0.430731 	 t:  9.95
13 	 x:  0.431894 	 t:  10.825
14 	 x:  0.428495 	 t:  11.705
15 	 x:  0.427463 	 t:  12.59
16 	 x:  0.426259 	 t:  13.47
17 	 x:  0.425227 	 t:  14.34
18 	 x:  0.424366 	 t:  15.22
19 	 x:  0.423678 	 t:  16.105
20 	 x:  0.422646 	 t:  16.98
21 	 x:  0.421442 	 t:  17.86
22 	 x:  0.420754 	 t:  18.73
23 	 x:  0.420238 	 t:  19.62
24 	 x:  0.419378 	 t:  20.495
25 	 x:  0.418174 	 t:  21.38
26 	 x:  0.417486 	 t:  22.255
27 	 x:  0.417142 	 t:  23.13
28 	 x:  0.416626 	 t:  24.01
29 	 x:  0.415594 	 t:  24.88
30 	 x:  0.414733 	 t:  25.77
31 	 x:  0.414217 	 t:  26.645
32 	 x:  0.413701 	 t:  27.525
33 	 x:  0.413185 	 t:  28.4
34 	 x:  0.412325 	 t:  29.28
35 	 x:  0.411981 	 t:  30.15
36 	 x:  0.411637 	 t:  31.035
37 	 x:  0.411121 	 t:  31.92
38 	 x:  0.410261 	 t:  32.79
39 	 x:  0.409745 	 t:  33.67
40 	 x:  0.409573 	 t:  34.55
41 	 x:  0.409229 	 t:  35.43
42 	 x:  0.408541 	 t:  36.305
43 	 x:  0.409204 	 t:  37.22
44 	 x:  0.407853 	 t:  38.065
45 	 x:  0.407853 	 t:  38.93
46 	 x:  0.407165 	 t:  39.815
47 	 x:  0.407704 	 t:  40.64
48 	 x:  0.406305 	 t:  41.565
49 	 x:  0.406133 	 t:  42.45
50 	 x:  0.405789 	 t:  43.325
51 	 x:  0.407015 	 t:  44.17
52 	 x:  0.406305 	 t:  45.105
53 	 x:  0.404756 	 t:  45.965
54 	 x:  0.404584 	 t:  46.845
55 	 x:  0.405982 	 t:  47.69
56 	 x:  0.405678 	 t:  48.6
57 	 x:  0.403552 	 t:  49.47
58 	 x:  0.403208 	 t:  50.355
59 	 x:  0.40426 	 t:  51.18
60 	 x:  0.404432 	 t:  52.075
61 	 x:  0.404513 	 t:  53.0
62 	 x:  0.402176 	 t:  53.865
63 	 x:  0.403572 	 t:  54.695
64 	 x:  0.40338 	 t:  55.615
65 	 x:  0.403399 	 t:  56.455
66 	 x:  0.401316 	 t:  57.375
67 	 x:  0.403268 	 t:  58.225
68 	 x:  0.40252 	 t:  59.115
69 	 x:  0.402348 	 t:  60.005
70 	 x:  0.400456 	 t:  60.885
71 	 x:  0.400472 	 t:  61.675
72 	 x:  0.40166 	 t:  62.63
73 	 x:  0.401316 	 t:  63.52
74 	 x:  0.399916 	 t:  64.305
75 	 x:  0.399744 	 t:  65.185
76 	 x:  0.4008 	 t:  66.15
77 	 x:  0.400628 	 t:  67.015
78 	 x:  0.4003 	 t:  67.84
79 	 x:  0.399956 	 t:  68.715
80 	 x:  0.400112 	 t:  69.66
81 	 x:  0.399768 	 t:  70.54
82 	 x:  0.399768 	 t:  71.415
83 	 x:  0.39994 	 t:  72.29
84 	 x:  0.399424 	 t:  73.175
85 	 x:  0.39908 	 t:  74.045
86 	 x:  0.39908 	 t:  74.91
87 	 x:  0.399252 	 t:  75.805
88 	 x:  0.39908 	 t:  76.675
89 	 x:  0.398564 	 t:  77.555
90 	 x:  0.398392 	 t:  78.425
91 	 x:  0.398564 	 t:  79.315
92 	 x:  0.398564 	 t:  80.19
93 	 x:  0.398048 	 t:  81.065
94 	 x:  0.397876 	 t:  81.935
95 	 x:  0.398048 	 t:  82.81
96 	 x:  0.398314 	 t:  83.715
97 	 x:  0.39789 	 t:  84.535
98 	 x:  0.39736 	 t:  85.45
99 	 x:  0.39736 	 t:  86.325
100 	 x:  0.39793 	 t:  87.2
101 	 x:  0.397758 	 t:  88.075
102 	 x:  0.397016 	 t:  88.955
103 	 x:  0.396844 	 t:  89.835
104 	 x:  0.397188 	 t:  90.695
105 	 x:  0.397188 	 t:  91.575
106 	 x:  0.396672 	 t:  92.47
107 	 x:  0.3965 	 t:  93.34
108 	 x:  0.3965 	 t:  94.225
109 	 x:  0.396672 	 t:  95.1
110 	 x:  0.396328 	 t:  95.98
111 	 x:  0.396156 	 t:  96.835
112 	 x:  0.396156 	 t:  97.72
113 	 x:  0.396156 	 t:  98.605
114 	 x:  0.395984 	 t:  99.495
115 	 x:  0.39564 	 t:  100.36
