Configuration 3:  

1 - 2 - 3 	 x:  0.062366067890596025
2 - 3 - 4 	 x:  -0.060506390279558446
3 - 4 - 5 	 x:  0.06004948742336916
4 - 5 - 6 	 x:  -0.05950783130228398
5 - 6 - 7 	 x:  0.05844259124353941
6 - 7 - 8 	 x:  -0.05742298127291351
7 - 8 - 9 	 x:  0.057196391856916225
8 - 9 - 10 	 x:  -0.05697097968971934
9 - 10 - 11 	 x:  0.05556001504184751
10 - 11 - 12 	 x:  -0.05424080794573165
11 - 12 - 13 	 x:  0.05362731173173966
12 - 13 - 14 	 x:  -0.052971889548168456
13 - 14 - 15 	 x:  0.05219711045183155
14 - 15 - 16 	 x:  -0.051423889548168455
15 - 16 - 17 	 x:  0.05112248078669099
16 - 17 - 18 	 x:  -0.05071737725288687
17 - 18 - 19 	 x:  0.04944919390997875
18 - 19 - 20 	 x:  -0.04800866209917911
19 - 20 - 21 	 x:  0.04708032734977338
20 - 21 - 22 	 x:  -0.04652173496993533
21 - 22 - 23 	 x:  0.045876193066263754
22 - 23 - 24 	 x:  -0.045145888419689
23 - 24 - 25 	 x:  0.045049031145209896
24 - 25 - 26 	 x:  -0.04503923419886004
25 - 26 - 27 	 x:  0.04388638082221035
26 - 27 - 28 	 x:  -0.042823619855887715
27 - 28 - 29 	 x:  0.04235032738827653
28 - 29 - 30 	 x:  -0.04183467261172343
29 - 30 - 31 	 x:  0.04127526503006466
30 - 31 - 32 	 x:  -0.040631056419621746
31 - 32 - 33 	 x:  0.04002882742653883
32 - 33 - 34 	 x:  -0.039470234865472305
33 - 34 - 35 	 x:  0.03895362991853548
34 - 35 - 36 	 x:  -0.03860954313861205
35 - 36 - 37 	 x:  0.0383084233005845
36 - 37 - 38 	 x:  -0.03792161982947792
37 - 38 - 39 	 x:  0.03744832742631514
38 - 39 - 40 	 x:  -0.03684680672927261
39 - 40 - 41 	 x:  0.03620126518657226
40 - 41 - 42 	 x:  -0.03564267253521583
41 - 42 - 43 	 x:  0.03521242333477158
42 - 43 - 44 	 x:  -0.03491154312899695
43 - 44 - 45 	 x:  0.03465345687100308
44 - 45 - 46 	 x:  -0.03435257666522843
45 - 46 - 47 	 x:  0.033965380197230735
46 - 47 - 48 	 x:  -0.03349267249676394
47 - 48 - 49 	 x:  0.03293326518657225
48 - 49 - 50 	 x:  -0.03237467253521582
49 - 50 - 51 	 x:  0.031944423334771585
50 - 51 - 52 	 x:  -0.03164354312899693
51 - 52 - 53 	 x:  0.03142848083369289
52 - 53 - 54 	 x:  -0.031213543119386112
53 - 54 - 55 	 x:  0.03095545688061391
54 - 55 - 56 	 x:  -0.030654826425543364
55 - 56 - 57 	 x:  0.03022482750301258
56 - 57 - 58 	 x:  -0.029752119802924547
57 - 58 - 59 	 x:  0.029321629918224252
58 - 59 - 60 	 x:  -0.028934576682516918
59 - 60 - 61 	 x:  0.028633456870891284
60 - 61 - 62 	 x:  -0.02846150479319155
61 - 62 - 63 	 x:  0.028289456851656666
62 - 63 - 64 	 x:  -0.02798857669961434
63 - 64 - 65 	 x:  0.027687456861276116
64 - 65 - 66 	 x:  -0.02734361980307978
65 - 66 - 67 	 x:  0.026913380196920234
66 - 67 - 68 	 x:  -0.026483619803079755
67 - 68 - 69 	 x:  0.026182480837913774
68 - 69 - 70 	 x:  -0.026053504791055296
69 - 70 - 71 	 x:  0.025924480833643227
70 - 71 - 72 	 x:  -0.025709543119497812
71 - 72 - 73 	 x:  0.025451456880502158
72 - 73 - 74 	 x:  -0.025193543119497844
73 - 74 - 75 	 x:  0.02484938019692025
74 - 75 - 76 	 x:  -0.024462576682516904
75 - 76 - 77 	 x:  0.02416145687089129
76 - 77 - 78 	 x:  -0.023946519170629246
77 - 78 - 79 	 x:  0.02381749520787681
78 - 79 - 80 	 x:  -0.02373150479212319
79 - 80 - 81 	 x:  0.023602480829370772
80 - 81 - 82 	 x:  -0.0233445766654271
81 - 82 - 83 	 x:  0.02300042333457292
82 - 83 - 84 	 x:  -0.0226565766654271
83 - 84 - 85 	 x:  0.02265017886721959
84 - 85 - 86 	 x:  -0.022730019137121776
85 - 86 - 87 	 x:  0.022305954638812246
86 - 87 - 88 	 x:  -0.02192550479105533
87 - 88 - 89 	 x:  0.021882499999999996
88 - 89 - 90 	 x:  -0.02179651915781759
89 - 90 - 91 	 x:  0.02153842335165513
90 - 91 - 92 	 x:  -0.021194826425741352
91 - 92 - 93 	 x:  0.021157702993384913
92 - 93 - 94 	 x:  -0.021163543051116236
93 - 94 - 95 	 x:  0.020684433357989095
94 - 95 - 96 	 x:  -0.020335000000000027
95 - 96 - 97 	 x:  0.020291995208938502
96 - 97 - 98 	 x:  -0.020163019162111065
97 - 98 - 99 	 x:  0.019990980837888972
98 - 99 - 100 	 x:  -0.019733076631369553
99 - 100 - 101 	 x:  0.019867256962832553
100 - 101 - 102 	 x:  -0.02004504300333361
101 - 102 - 103 	 x:  0.019738418571984266
102 - 103 - 104 	 x:  -0.019518004780408885
103 - 104 - 105 	 x:  0.01908736194106373
104 - 105 - 106 	 x:  -0.018657504788933403
105 - 106 - 107 	 x:  0.018571495211066595
106 - 107 - 108 	 x:  -0.018442519153600432
107 - 108 - 109 	 x:  0.018705684020906572
108 - 109 - 110 	 x:  -0.01892654299383421
109 - 110 - 111 	 x:  0.01872148507911863
110 - 111 - 112 	 x:  -0.01860250477684585
111 - 112 - 113 	 x:  0.01802726926603841
112 - 113 - 114 	 x:  -0.017453504788933406
113 - 114 - 115 	 x:  0.017324480842132808
114 - 115 - 116 	 x:  -0.017152519157867214
115 - 116 - 117 	 x:  0.01732932099328555
116 - 117 - 118 	 x:  -0.01746354302262302
117 - 118 - 119 	 x:  0.017377495221833298
118 - 119 - 120 	 x:  -0.017377504777105042
119 - 120 - 121 	 x:  0.01735474894072929
120 - 121 - 122 	 x:  -0.017375000000000012
121 - 122 - 123 	 x:  0.01678986694541185
122 - 123 - 124 	 x:  -0.01612051915786717
123 - 124 - 125 	 x:  0.016383184853832094
124 - 125 - 126 	 x:  -0.016603543003500296
125 - 126 - 127 	 x:  0.01642649404727303
126 - 127 - 128 	 x:  -0.016335504777228466
127 - 128 - 129 	 x:  0.016297249941712878
128 - 129 - 130 	 x:  -0.016259004776050006
129 - 130 - 131 	 x:  0.0156945486629481
130 - 131 - 132 	 x:  -0.01513150478786694
131 - 132 - 133 	 x:  0.015575884188117613
132 - 133 - 134 	 x:  -0.015935542963087267
133 - 134 - 135 	 x:  0.015619409704873397
134 - 135 - 136 	 x:  -0.015389504776167191
135 - 136 - 137 	 x:  0.015303495223832772
136 - 137 - 138 	 x:  -0.015260499999999991
137 - 138 - 139 	 x:  0.014786921312444298
138 - 139 - 140 	 x:  -0.014271504787866908
139 - 140 - 141 	 x:  0.014232499958574053
140 - 141 - 142 	 x:  -0.014107543070727264
141 - 142 - 143 	 x:  0.014275271946312033
142 - 143 - 144 	 x:  -0.014529504776167232
143 - 144 - 145 	 x:  0.014400480893208912
144 - 145 - 146 	 x:  -0.01427150477722846
145 - 146 - 147 	 x:  0.013878183247680921
146 - 147 - 148 	 x:  -0.01352849999999999
147 - 148 - 149 	 x:  0.013485495214115897
148 - 149 - 150 	 x:  -0.013356519141405971
149 - 150 - 151 	 x:  0.013534319784737712
150 - 151 - 152 	 x:  -0.013712519106791098
151 - 152 - 153 	 x:  0.013583495223832776
152 - 153 - 154 	 x:  -0.013540499999999976
153 - 154 - 155 	 x:  0.013458482625569902
154 - 155 - 156 	 x:  -0.013376499999999993
155 - 156 - 157 	 x:  0.013290480880860817
156 - 157 - 158 	 x:  -0.013161504780316137
157 - 158 - 159 	 x:  0.01315749606851281
158 - 159 - 160 	 x:  -0.013067542995056136
159 - 160 - 161 	 x:  0.012852480893208916
160 - 161 - 162 	 x:  -0.012766500000000017
161 - 162 - 163 	 x:  0.012766500000000017
162 - 163 - 164 	 x:  -0.012766500000000017
163 - 164 - 165 	 x:  0.012809495222771567
164 - 165 - 166 	 x:  -0.012809504776167217
165 - 166 - 167 	 x:  0.012637457004943899
166 - 167 - 168 	 x:  -0.012379542995056123
167 - 168 - 169 	 x:  0.012164480893208885
168 - 169 - 170 	 x:  -0.012035754721843817
169 - 170 - 171 	 x:  0.011993000000000004
170 - 171 - 172 	 x:  -0.012035754721843818
171 - 172 - 173 	 x:  0.01212149522277152
172 - 173 - 174 	 x:  -0.012164499999999984
173 - 174 - 175 	 x:  0.012121495222771518
174 - 175 - 176 	 x:  -0.011992768995878842
175 - 176 - 177 	 x:  0.011777957004888321
176 - 177 - 178 	 x:  -0.011520042995111661
177 - 178 - 179 	 x:  0.011347995223826608
178 - 179 - 180 	 x:  -0.011305000000000013
179 - 180 - 181 	 x:  0.01134799522382661
180 - 181 - 182 	 x:  -0.01143400477617337
181 - 182 - 183 	 x:  0.011476999999999985
182 - 183 - 184 	 x:  -0.0113910191025717
183 - 184 - 185 	 x:  0.011175957014439577
184 - 185 - 186 	 x:  -0.010918042985560412
185 - 186 - 187 	 x:  0.010745995224887386
186 - 187 - 188 	 x:  -0.01070299999999999
187 - 188 - 189 	 x:  0.010745995224887386
188 - 189 - 190 	 x:  -0.010832004775112604
189 - 190 - 191 	 x:  0.010941488580064789
190 - 191 - 192 	 x:  -0.011007999999999981
191 - 192 - 193 	 x:  0.01090197098140494
192 - 193 - 194 	 x:  -0.010667042975236485
193 - 194 - 195 	 x:  0.010405454660728624
194 - 195 - 196 	 x:  -0.01023000477617338
195 - 196 - 197 	 x:  0.010186999999999991
196 - 197 - 198 	 x:  -0.01023000477617338
197 - 198 - 199 	 x:  0.010415447560167823
198 - 199 - 200 	 x:  -0.010558000000000014
199 - 200 - 201 	 x:  0.010514995226280516
200 - 201 - 202 	 x:  -0.010386019092758396
201 - 202 - 203 	 x:  0.010114411147189627
202 - 203 - 204 	 x:  -0.009843019102571697
203 - 204 - 205 	 x:  0.009713995224887386
204 - 205 - 206 	 x:  -0.00967099999999999
205 - 206 - 207 	 x:  0.009756980901670436
206 - 207 - 208 	 x:  -0.009886004774052284
207 - 208 - 209 	 x:  0.009928999999999985
208 - 209 - 210 	 x:  -0.009843019094089233
209 - 210 - 211 	 x:  0.009627957033529392
210 - 211 - 212 	 x:  -0.009413019098329544
211 - 212 - 213 	 x:  0.009283995225947719
212 - 213 - 214 	 x:  -0.009241000000000015
213 - 214 - 215 	 x:  0.009241000000000015
214 - 215 - 216 	 x:  -0.009284004775112605
215 - 216 - 217 	 x:  0.00936999522488741
216 - 217 - 218 	 x:  -0.009370004774052284
217 - 218 - 219 	 x:  0.009240980901670472
218 - 219 - 220 	 x:  -0.009112004775112597
219 - 220 - 221 	 x:  0.00902599522488738
220 - 221 - 222 	 x:  -0.008940004775112592
221 - 222 - 223 	 x:  0.008897000000000021
222 - 223 - 224 	 x:  -0.008940004775112592
223 - 224 - 225 	 x:  0.008982999999999984
224 - 225 - 226 	 x:  -0.008982999999999984
225 - 226 - 227 	 x:  0.008939995223826611
226 - 227 - 228 	 x:  -0.008854004776173364
227 - 228 - 229 	 x:  0.008724980893184242
