Configuration 2:  

1 - 2 - 3 	 x:  -0.06346749564989977
2 - 3 - 4 	 x:  0.062126546153184414
3 - 4 - 5 	 x:  -0.060661131362576025
4 - 5 - 6 	 x:  0.05959065329801694
5 - 6 - 7 	 x:  -0.05873753423610797
6 - 7 - 8 	 x:  0.05713697852352848
7 - 8 - 9 	 x:  -0.05545774833739256
8 - 9 - 10 	 x:  0.05443022727046902
9 - 10 - 11 	 x:  -0.05353394274540463
10 - 11 - 12 	 x:  0.05306049557664497
11 - 12 - 13 	 x:  -0.05249764738187179
12 - 13 - 14 	 x:  0.051594902788353054
13 - 14 - 15 	 x:  -0.050875024952622916
14 - 15 - 16 	 x:  0.05001309937243179
15 - 16 - 17 	 x:  -0.04902427410542318
16 - 17 - 18 	 x:  0.04824827479788343
17 - 18 - 19 	 x:  -0.04763597337262375
18 - 19 - 20 	 x:  0.04677025289178346
19 - 20 - 21 	 x:  -0.045658484473672115
20 - 21 - 22 	 x:  0.044888389569350325
21 - 22 - 23 	 x:  -0.04436347989920792
22 - 23 - 24 	 x:  0.04319700478667717
23 - 24 - 25 	 x:  -0.042000783351631044
24 - 25 - 26 	 x:  0.04187713347385813
25 - 26 - 27 	 x:  -0.04188311041970236
26 - 27 - 28 	 x:  0.040670881860786254
27 - 28 - 29 	 x:  -0.03924894310190505
28 - 29 - 30 	 x:  0.039113541458562974
29 - 30 - 31 	 x:  -0.03915115902944351
30 - 31 - 32 	 x:  0.038074403155464634
31 - 32 - 33 	 x:  -0.03695821701410095
32 - 33 - 34 	 x:  0.03704364185261264
33 - 34 - 35 	 x:  -0.03721611038041544
34 - 35 - 36 	 x:  0.036009660025597766
35 - 36 - 37 	 x:  -0.03467928353459843
36 - 37 - 38 	 x:  0.03468420781191881
37 - 38 - 39 	 x:  -0.03490503976040062
38 - 39 - 40 	 x:  0.03395188093844872
39 - 40 - 41 	 x:  -0.03283520995322447
40 - 41 - 42 	 x:  0.032931131444818844
41 - 42 - 43 	 x:  -0.03306615899639555
42 - 43 - 44 	 x:  0.03189727433954882
43 - 44 - 45 	 x:  -0.03072766573200957
44 - 45 - 46 	 x:  0.030808216873444077
45 - 46 - 47 	 x:  -0.031109504419760094
46 - 47 - 48 	 x:  0.03025367395189311
47 - 48 - 49 	 x:  -0.02918615961556448
48 - 49 - 50 	 x:  0.02927171664802971
49 - 50 - 51 	 x:  -0.029401110536409467
50 - 51 - 52 	 x:  0.028323977654383915
51 - 52 - 53 	 x:  -0.027250860620932387
52 - 53 - 54 	 x:  0.027460068420365646
53 - 54 - 55 	 x:  -0.027885000000000007
54 - 55 - 56 	 x:  0.027195865625142306
55 - 56 - 57 	 x:  -0.02625590386198963
56 - 57 - 58 	 x:  0.0263891412533819
57 - 58 - 59 	 x:  -0.026518659196983662
58 - 59 - 60 	 x:  0.0254905857905525
59 - 60 - 61 	 x:  -0.024503865785667323
60 - 61 - 62 	 x:  0.024793876223837313
61 - 62 - 63 	 x:  -0.025262004419765362
62 - 63 - 64 	 x:  0.024486720583728395
63 - 64 - 65 	 x:  -0.02354211081305258
64 - 65 - 66 	 x:  0.023197960115523823
65 - 66 - 67 	 x:  -0.022854110767380104
66 - 67 - 68 	 x:  0.022423889232619877
67 - 68 - 69 	 x:  -0.02204206683714061
68 - 69 - 70 	 x:  0.022390362949245214
69 - 70 - 71 	 x:  -0.022906999999999983
70 - 71 - 72 	 x:  0.022174720816496518
71 - 72 - 73 	 x:  -0.02123011079286707
72 - 73 - 74 	 x:  0.02092898227862054
73 - 74 - 75 	 x:  -0.020666075050306643
74 - 75 - 76 	 x:  0.020236347240841043
75 - 76 - 77 	 x:  -0.019898017727793506
76 - 77 - 78 	 x:  0.020387704633484147
77 - 78 - 79 	 x:  -0.02092200441837126
78 - 79 - 80 	 x:  0.02016679007544064
79 - 80 - 81 	 x:  -0.019285070898428607
80 - 81 - 82 	 x:  0.01902698227904513
81 - 82 - 83 	 x:  -0.0187690708692163
82 - 83 - 84 	 x:  0.018381889255442006
83 - 84 - 85 	 x:  -0.018124004431608477
84 - 85 - 86 	 x:  0.018601849052584482
85 - 86 - 87 	 x:  -0.019043015681278794
86 - 87 - 88 	 x:  0.018267348826967015
87 - 88 - 89 	 x:  -0.017441043036730764
88 - 89 - 90 	 x:  0.017263995569304795
89 - 90 - 91 	 x:  -0.017092039868040875
90 - 91 - 92 	 x:  0.016833960131959112
91 - 92 - 93 	 x:  -0.01661901772095485
92 - 93 - 94 	 x:  0.01657599557113019
93 - 94 - 95 	 x:  -0.016490039843413292
94 - 95 - 96 	 x:  0.016188929159971922
95 - 96 - 97 	 x:  -0.015931017713654787
96 - 97 - 98 	 x:  0.015758982286345202
97 - 98 - 99 	 x:  -0.01558701771365479
98 - 99 - 100 	 x:  0.015371960140171701
99 - 100 - 101 	 x:  -0.015243000000000007
100 - 101 - 102 	 x:  0.015769584764992878
101 - 102 - 103 	 x:  -0.016168539759403182
102 - 103 - 104 	 x:  0.01529593175040993
103 - 104 - 105 	 x:  -0.014570250557474228
104 - 105 - 106 	 x:  0.014542495567153792
105 - 106 - 107 	 x:  -0.014524501498637437
