Configuration 3:  

1 - 2 - 3 	 s:  0.9923443997634075 	 gamma: 57.11369711433304
2 - 3 - 4 	 s:  1.0020189847167553 	 gamma: -217.61671896436692
3 - 4 - 5 	 s:  0.9996381480469106 	 gamma: 1212.7680103550404
4 - 5 - 6 	 s:  1.0024622652319295 	 gamma: -178.47875778198096
5 - 6 - 7 	 s:  0.9969294035587226 	 gamma: 142.72395521179916
6 - 7 - 8 	 s:  1.0022409868680775 	 gamma: -196.08036183723456
7 - 8 - 9 	 s:  1.0010607886495613 	 gamma: -413.9888290445348
8 - 9 - 10 	 s:  1.0022336066904314 	 gamma: -196.72751670768216
9 - 10 - 11 	 s:  0.9949311651711963 	 gamma: 86.37261850035817
10 - 11 - 12 	 s:  1.001791986330895 	 gamma: -245.1553543918985
11 - 12 - 13 	 s:  0.9986012149669997 	 gamma: 313.5684395410563
12 - 13 - 14 	 s:  1.002015197295366 	 gamma: -218.0253020767654
13 - 14 - 15 	 s:  0.9979888555574753 	 gamma: 218.0253020767711
14 - 15 - 16 	 s:  1.002015197295366 	 gamma: -218.0253020767654
15 - 16 - 17 	 s:  1.0004469209872275 	 gamma: -982.3212095600619
16 - 17 - 18 	 s:  1.0025543630000455 	 gamma: -172.05159756559203
17 - 18 - 19 	 s:  0.9959884562875151 	 gamma: 109.1951016311803
18 - 19 - 20 	 s:  1.0034801833728908 	 gamma: -126.33966815453235
19 - 20 - 21 	 s:  0.9986625211735082 	 gamma: 327.95158459583723
20 - 21 - 22 	 s:  1.0015624817504987 	 gamma: -281.13269464267734
21 - 22 - 23 	 s:  0.9982170923315534 	 gamma: 245.9636598906572
22 - 23 - 24 	 s:  1.0020093536189782 	 gamma: -218.65873349362536
23 - 24 - 25 	 s:  1.0015065840182915 	 gamma: -291.555225870744
24 - 25 - 26 	 s:  1.0015573503313897 	 gamma: -282.0582950623012
25 - 26 - 27 	 s:  0.9956102966246164 	 gamma: 99.769341588987
26 - 27 - 28 	 s:  1.001115560381003 	 gamma: -393.6735960452868
27 - 28 - 29 	 s:  0.9986628192486651 	 gamma: 328.02473825511555
28 - 29 - 30 	 s:  1.0013389711978473 	 gamma: -328.024738255108
29 - 30 - 31 	 s:  0.9984399557901092 	 gamma: 281.1326946426752
30 - 31 - 32 	 s:  1.0017843956868235 	 gamma: -246.1972881921457
31 - 32 - 33 	 s:  0.9986631154591525 	 gamma: 328.0974666024673
32 - 33 - 34 	 s:  1.001561786559296 	 gamma: -281.25773636937794
33 - 34 - 35 	 s:  0.9988848825824099 	 gamma: 393.390967805381
34 - 35 - 36 	 s:  1.0006690394227589 	 gamma: -656.2673096298735
35 - 36 - 37 	 s:  0.9991085438556255 	 gamma: 492.1456027121741
36 - 37 - 38 	 s:  1.0011153144343736 	 gamma: -393.7603596837512
37 - 38 - 39 	 s:  0.9986631137273089 	 gamma: 328.09704129047674
38 - 39 - 40 	 s:  1.001784901240221 	 gamma: -246.1276176751708
39 - 40 - 41 	 s:  0.9984409940863954 	 gamma: 281.32007495617916
40 - 41 - 42 	 s:  1.0013383773212483 	 gamma: -328.1701949497446
41 - 42 - 43 	 s:  0.9991089410256245 	 gamma: 492.36506367197177
42 - 43 - 44 	 s:  1.0006688902514431 	 gamma: -656.4136169319528
43 - 44 - 45 	 s:  0.9993315568636544 	 gamma: 656.4136169319095
44 - 45 - 46 	 s:  1.000891853668591 	 gamma: -492.365063671858
45 - 46 - 47 	 s:  0.9988861762820306 	 gamma: 393.84814407098276
46 - 47 - 48 	 s:  1.001338078845518 	 gamma: -328.24334860909005
47 - 48 - 49 	 s:  0.9984409940863954 	 gamma: 281.32007495617916
48 - 49 - 50 	 s:  1.0013383773212483 	 gamma: -328.1701949497446
49 - 50 - 51 	 s:  0.9991089410256245 	 gamma: 492.36506367197177
50 - 51 - 52 	 s:  1.0006688902514431 	 gamma: -656.4136169319528
51 - 52 - 53 	 s:  0.9995543712424363 	 gamma: 984.7301762537699
52 - 53 - 54 	 s:  1.0006687411466317 	 gamma: -656.5599242343309
53 - 54 - 55 	 s:  0.9993317057692183 	 gamma: 656.5599242341481
54 - 55 - 56 	 s:  1.0008903588522018 	 gamma: -493.19132311583996
55 - 56 - 57 	 s:  0.9986637074866047 	 gamma: 328.2429232971036
56 - 57 - 58 	 s:  1.001115067150381 	 gamma: -393.8476336966401
57 - 58 - 59 	 s:  0.9988848796939312 	 gamma: 393.38994824223545
58 - 59 - 60 	 s:  1.000892054876934 	 gamma: -492.2540572562573
59 - 60 - 61 	 s:  0.9993315551318042 	 gamma: 656.4119156843147
60 - 61 - 62 	 s:  1.0002229639952036 	 gamma: -1968.7968903820051
61 - 62 - 63 	 s:  0.9993312571199732 	 gamma: 656.1193010797147
62 - 63 - 64 	 s:  1.0008922538617864 	 gamma: -492.1443267763114
63 - 64 - 65 	 s:  0.9993314061590969 	 gamma: 656.2656083820827
64 - 65 - 66 	 s:  1.0011150685961676 	 gamma: -393.84712332224876
65 - 66 - 67 	 s:  0.998886173396899 	 gamma: 393.84712332222057
66 - 67 - 68 	 s:  1.0011150685961676 	 gamma: -393.84712332224876
67 - 68 - 69 	 s:  0.9995544693587595 	 gamma: 984.947085330656
68 - 69 - 70 	 s:  1.0002228646136344 	 gamma: -1969.6747341655102
69 - 70 - 71 	 s:  0.9995543700878694 	 gamma: 984.727624382267
70 - 71 - 72 	 s:  1.000668742880027 	 gamma: -656.5582229863164
71 - 72 - 73 	 s:  0.9993317040381395 	 gamma: 656.558222986542
72 - 73 - 74 	 s:  1.0006687428800267 	 gamma: -656.5582229865345
73 - 74 - 75 	 s:  0.998886173396899 	 gamma: 393.84712332222057
74 - 75 - 76 	 s:  1.000892054876934 	 gamma: -492.2540572562573
75 - 76 - 77 	 s:  0.9993315551318042 	 gamma: 656.4119156843147
76 - 77 - 78 	 s:  1.0004459279904074 	 gamma: -984.5081634333095
77 - 78 - 79 	 s:  0.9997771353863657 	 gamma: 1969.2358122743215
78 - 79 - 80 	 s:  1.000222914293342 	 gamma: -1969.2358122749156
79 - 80 - 81 	 s:  0.9995542707727312 	 gamma: 984.508163433382
80 - 81 - 82 	 s:  1.0008918559808146 	 gamma: -492.36378773614166
81 - 82 - 83 	 s:  0.9991089387175193 	 gamma: 492.36378773606657
82 - 83 - 84 	 s:  1.0008918559808146 	 gamma: -492.36378773614166
83 - 84 - 85 	 s:  1.000858682602158 	 gamma: -511.37674105327113
84 - 85 - 86 	 s:  1.0004451484000538 	 gamma: -986.2319526301942
85 - 86 - 87 	 s:  0.9982525351821192 	 gamma: 250.95685692507917
86 - 87 - 88 	 s:  1.0002228646136344 	 gamma: -1969.6747341655102
87 - 88 - 89 	 s:  1.0 	 gamma: -inf
88 - 89 - 90 	 s:  1.0004456299121307 	 gamma: -985.1665462796382
89 - 90 - 91 	 s:  0.999109137170863 	 gamma: 492.47351821591843
90 - 91 - 92 	 s:  1.0008903611600357 	 gamma: -493.1900453227507
91 - 92 - 93 	 s:  1.0006979297771288 	 gamma: -629.1106286900504
92 - 93 - 94 	 s:  1.000667681991866 	 gamma: -657.6010878268966
93 - 94 - 95 	 s:  0.9981909615317475 	 gamma: 242.4076463526319
94 - 95 - 96 	 s:  1.0 	 gamma: -inf
95 - 96 - 97 	 s:  0.9997771847552918 	 gamma: 1969.6721822933075
96 - 97 - 98 	 s:  1.0004457298048117 	 gamma: -984.9458093955295
97 - 98 - 99 	 s:  0.9995544687817312 	 gamma: 984.945809395353
98 - 99 - 100 	 s:  1.0008914596096237 	 gamma: -492.58261072786865
99 - 100 - 101 	 s:  1.001587145416697 	 gamma: -276.76740272192256
100 - 101 - 102 	 s:  1.0006669406810549 	 gamma: -658.3317737141006
101 - 102 - 103 	 s:  0.9990829219398655 	 gamma: 478.3895895343826
102 - 103 - 104 	 s:  1.0002223693192396 	 gamma: -1974.0614012160588
103 - 104 - 105 	 s:  0.997997828503477 	 gamma: 219.003390015944
104 - 105 - 106 	 s:  1.0002227658976495 	 gamma: -1970.5474742067604
105 - 106 - 107 	 s:  0.9997772837159434 	 gamma: 1970.5474742064214
106 - 107 - 108 	 s:  1.000445531795299 	 gamma: -985.3834553570404
107 - 108 - 109 	 s:  1.001809814163932 	 gamma: -242.74257707715475
108 - 109 - 110 	 s:  1.0006667933057054 	 gamma: -658.4772303922753
109 - 110 - 111 	 s:  0.9996074223012542 	 gamma: 1117.8315290042433
110 - 111 - 112 	 s:  1.0002222035617165 	 gamma: -1975.5338310504892
111 - 112 - 113 	 s:  0.997254070781944 	 gamma: 159.62501403022898
112 - 113 - 114 	 s:  1.0002227658976495 	 gamma: -1970.5474742067604
113 - 114 - 115 	 s:  0.9995545674318869 	 gamma: 985.1639944080649
114 - 115 - 116 	 s:  1.0004456310667036 	 gamma: -985.1639944081076
115 - 116 - 117 	 s:  1.0013621949466711 	 gamma: -322.4360596785564
116 - 117 - 118 	 s:  1.0006672399412933 	 gamma: -658.0366072379946
117 - 118 - 119 	 s:  1.0002222650096724 	 gamma: -1974.987730558326
118 - 119 - 120 	 s:  1.0002222156189156 	 gamma: -1975.4266524516415
119 - 120 - 121 	 s:  1.0001046248038286 	 gamma: -4195.418628743823
120 - 121 - 122 	 s:  1.0 	 gamma: -inf
121 - 122 - 123 	 s:  0.9969816964493281 	 gamma: 145.20049077932217
122 - 123 - 124 	 s:  1.0004456310667036 	 gamma: -985.1639944081076
123 - 124 - 125 	 s:  1.001807627514784 	 gamma: -243.0359523714839
124 - 125 - 126 	 s:  1.0006669432671689 	 gamma: -658.3292218424966
125 - 126 - 127 	 s:  0.9997520004649991 	 gamma: 1769.6301805131388
126 - 127 - 128 	 s:  1.000222221360899 	 gamma: -1975.3756150209492
127 - 128 - 129 	 s:  1.000024542254658 	 gamma: -17884.553905593635
128 - 129 - 130 	 s:  1.0002221665370694 	 gamma: -1975.8630224718545
129 - 130 - 131 	 s:  0.9973100575180213 	 gamma: 162.9519184708389
130 - 131 - 132 	 s:  1.0002227162840565 	 gamma: -1970.986396099571
131 - 132 - 133 	 s:  1.0025270080457762 	 gamma: -173.9116887202845
132 - 133 - 134 	 s:  1.0006663162910459 	 gamma: -658.9484760052922
133 - 134 - 135 	 s:  0.9990347428067047 	 gamma: 454.5006481676103
134 - 135 - 136 	 s:  1.0002221719895372 	 gamma: -1975.8145369132767
135 - 136 - 137 	 s:  0.9997778773598917 	 gamma: 1975.8145369132997
136 - 137 - 138 	 s:  1.0 	 gamma: -inf
137 - 138 - 139 	 s:  0.9975561081150902 	 gamma: 179.38000265500938
138 - 139 - 140 	 s:  1.0002227162840565 	 gamma: -1970.986396099571
139 - 140 - 141 	 s:  1.000020713180703 	 gamma: -21190.682510991894
140 - 141 - 142 	 s:  1.0006679862415546 	 gamma: -657.3016682316202
141 - 142 - 143 	 s:  1.001536895187112 	 gamma: -285.80940078223614
142 - 143 - 144 	 s:  1.0002221719895372 	 gamma: -1975.8145369132767
143 - 144 - 145 	 s:  0.9995557547197832 	 gamma: 987.7975257938443
144 - 145 - 146 	 s:  1.000222221360899 	 gamma: -1975.3756150209492
145 - 146 - 147 	 s:  0.9981916233409758 	 gamma: 242.49644032457988
146 - 147 - 148 	 s:  1.0 	 gamma: -inf
147 - 148 - 149 	 s:  0.9997774255119536 	 gamma: 1971.802994967646
148 - 149 - 150 	 s:  1.0004452480769557 	 gamma: -986.0112157451134
149 - 150 - 151 	 s:  1.0013661997523762 	 gamma: -321.491530688646
150 - 151 - 152 	 s:  1.0004444427217982 	 gamma: -987.7975257939953
151 - 152 - 153 	 s:  0.9997778773598917 	 gamma: 1975.8145369132997
152 - 153 - 154 	 s:  1.0 	 gamma: -inf
153 - 154 - 155 	 s:  0.9995763231827428 	 gamma: 1035.7633115546687
154 - 155 - 156 	 s:  1.0 	 gamma: -inf
155 - 156 - 157 	 s:  0.9995554676828884 	 gamma: 987.1595579199486
156 - 157 - 158 	 s:  1.0002223650069877 	 gamma: -1974.0996792878684
157 - 158 - 159 	 s:  1.0002016350534786 	 gamma: -2177.032873562873
158 - 159 - 160 	 s:  1.0006668122626257 	 gamma: -658.4585166677882
159 - 160 - 161 	 s:  0.9995557547197832 	 gamma: 987.7975257938443
160 - 161 - 162 	 s:  1.0 	 gamma: -inf
161 - 162 - 163 	 s:  1.0 	 gamma: -inf
162 - 163 - 164 	 s:  1.0 	 gamma: -inf
163 - 164 - 165 	 s:  1.000222221360899 	 gamma: -1975.3756150209492
164 - 165 - 166 	 s:  1.0002221719895372 	 gamma: -1975.8145369132767
165 - 166 - 167 	 s:  0.9993336320796747 	 gamma: 658.4585166674972
166 - 167 - 168 	 s:  1.0006668122626259 	 gamma: -658.458516667569
167 - 168 - 169 	 s:  0.9995557547197832 	 gamma: 987.7975257938443
168 - 169 - 170 	 s:  1.0002209293762425 	 gamma: -1986.9262359016145
169 - 170 - 171 	 s:  1.0 	 gamma: -inf
170 - 171 - 172 	 s:  0.9997791194227655 	 gamma: 1986.9262359007525
171 - 172 - 173 	 s:  1.000222221360899 	 gamma: -1975.3756150209492
172 - 173 - 174 	 s:  1.0 	 gamma: -inf
173 - 174 - 175 	 s:  0.9997778280104627 	 gamma: 1975.3756150201311
174 - 175 - 176 	 s:  1.0004431507371419 	 gamma: -990.6767622292388
175 - 176 - 177 	 s:  0.9993336312191191 	 gamma: 658.4576660437914
176 - 177 - 178 	 s:  1.0006668131243295 	 gamma: -658.4576660439332
177 - 178 - 179 	 s:  0.9997778770730398 	 gamma: 1975.8119850422659
178 - 179 - 180 	 s:  1.0 	 gamma: -inf
179 - 180 - 181 	 s:  1.0002221722765166 	 gamma: -1975.811985042435
180 - 181 - 182 	 s:  0.9997778770730397 	 gamma: 1975.8119850412784
181 - 182 - 183 	 s:  1.0 	 gamma: -inf
182 - 183 - 184 	 s:  1.0004443445530335 	 gamma: -988.0157108064426
183 - 184 - 185 	 s:  0.9993337792020328 	 gamma: 658.6039733460458
184 - 185 - 186 	 s:  1.0006666649440181 	 gamma: -658.6039733460884
185 - 186 - 187 	 s:  0.9997779264006775 	 gamma: 1976.2509069332682
186 - 187 - 188 	 s:  1.0 	 gamma: -inf
187 - 188 - 189 	 s:  1.0002221229269603 	 gamma: -1976.250906933436
188 - 189 - 190 	 s:  0.9997779264006775 	 gamma: 1976.2509069332682
189 - 190 - 191 	 s:  1.000343515689369 	 gamma: -1277.9540728456627
190 - 191 - 192 	 s:  1.0 	 gamma: -inf
191 - 192 - 193 	 s:  0.9994526291872576 	 gamma: 801.653545750291
192 - 193 - 194 	 s:  1.0006665047766174 	 gamma: -658.7621893821954
193 - 194 - 195 	 s:  0.9993158677378713 	 gamma: 641.3551256152193
194 - 195 - 196 	 s:  1.0002221722765168 	 gamma: -1975.8119850404603
195 - 196 - 197 	 s:  1.0 	 gamma: -inf
196 - 197 - 198 	 s:  0.9997778770730397 	 gamma: 1975.8119850412784
197 - 198 - 199 	 s:  1.000736268590782 	 gamma: -596.3631455021989
198 - 199 - 200 	 s:  1.0 	 gamma: -inf
199 - 200 - 201 	 s:  0.9997779911816033 	 gamma: 1976.827629885517
200 - 201 - 202 	 s:  1.000444116234514 	 gamma: -988.5235332352813
201 - 202 - 203 	 s:  0.9990424768620082 	 gamma: 458.1734899782005
202 - 203 - 204 	 s:  1.0004443445530335 	 gamma: -988.0157108064426
203 - 204 - 205 	 s:  0.9997779264006775 	 gamma: 1976.2509069332682
204 - 205 - 206 	 s:  1.0 	 gamma: -inf
205 - 206 - 207 	 s:  1.0004442458539207 	 gamma: -988.2351717556367
206 - 207 - 208 	 s:  0.9997779757064117 	 gamma: 1976.6898288267423
207 - 208 - 209 	 s:  1.0 	 gamma: -inf
208 - 209 - 210 	 s:  1.0004441471986447 	 gamma: -988.45463270483
209 - 210 - 211 	 s:  0.9993340749707691 	 gamma: 658.8965879504797
210 - 211 - 212 	 s:  1.0004442458539207 	 gamma: -988.2351717556367
211 - 212 - 213 	 s:  0.9997779757064115 	 gamma: 1976.6898288247653
212 - 213 - 214 	 s:  1.0 	 gamma: -inf
213 - 214 - 215 	 s:  1.0 	 gamma: -inf
214 - 215 - 216 	 s:  0.9997779264006775 	 gamma: 1976.2509069332682
215 - 216 - 217 	 s:  1.0002221229269603 	 gamma: -1976.250906933436
216 - 217 - 218 	 s:  1.0002220735993226 	 gamma: -1976.6898288244367
217 - 218 - 219 	 s:  0.999555951412823 	 gamma: 988.23517175547
218 - 219 - 220 	 s:  1.0002221229269603 	 gamma: -1976.250906933436
219 - 220 - 221 	 s:  0.9997779264006775 	 gamma: 1976.2509069332682
220 - 221 - 222 	 s:  1.0002221229269603 	 gamma: -1976.250906933436
221 - 222 - 223 	 s:  1.0 	 gamma: -inf
222 - 223 - 224 	 s:  0.9997779264006775 	 gamma: 1976.2509069332682
223 - 224 - 225 	 s:  1.0 	 gamma: -inf
224 - 225 - 226 	 s:  1.0 	 gamma: -inf
225 - 226 - 227 	 s:  0.9997778770730398 	 gamma: 1975.8119850422659
226 - 227 - 228 	 s:  1.0002221722765166 	 gamma: -1975.811985042435
227 - 228 - 229 	 s:  0.9995557541460793 	 gamma: 987.796249858065
