Configuration 1:  

1 - 2 - 3 	 x:  0.049730641649188036
2 - 3 - 4 	 x:  -0.04842492170086145
3 - 4 - 5 	 x:  0.04637447869867238
4 - 5 - 6 	 x:  -0.04467826039611232
5 - 6 - 7 	 x:  0.04334258234844979
6 - 7 - 8 	 x:  -0.04235504319486121
7 - 8 - 9 	 x:  0.0413111481844001
8 - 9 - 10 	 x:  -0.03971412041023202
9 - 10 - 11 	 x:  0.03799997489331988
10 - 11 - 12 	 x:  -0.03672241719096489
11 - 12 - 13 	 x:  0.0359043047945055
12 - 13 - 14 	 x:  -0.03543163557646763
13 - 14 - 15 	 x:  0.03460114208465809
14 - 15 - 16 	 x:  -0.03321600717175147
15 - 16 - 17 	 x:  0.031892622395974624
16 - 17 - 18 	 x:  -0.0308741563575849
17 - 18 - 19 	 x:  0.030142304843152386
18 - 19 - 20 	 x:  -0.029927505425811764
19 - 20 - 21 	 x:  0.029223867527916204
20 - 21 - 22 	 x:  -0.027751071758636253
21 - 22 - 23 	 x:  0.025953934045348657
22 - 23 - 24 	 x:  -0.024509441832953748
23 - 24 - 25 	 x:  0.024465901142394136
24 - 25 - 26 	 x:  -0.02472452174440331
25 - 26 - 27 	 x:  0.023748678803502184
26 - 27 - 28 	 x:  -0.022520098784417703
27 - 28 - 29 	 x:  0.02220324781057866
28 - 29 - 30 	 x:  -0.021715283791700065
29 - 30 - 31 	 x:  0.020422735128275738
30 - 31 - 32 	 x:  -0.01947858730900048
31 - 32 - 33 	 x:  0.019220478178288355
32 - 33 - 34 	 x:  -0.019091505456120133
33 - 34 - 35 	 x:  0.019392151206625942
34 - 35 - 36 	 x:  -0.019221282800820264
35 - 36 - 37 	 x:  0.017669112517436945
36 - 37 - 38 	 x:  -0.016450106560715983
37 - 38 - 39 	 x:  0.016302994545835326
38 - 39 - 40 	 x:  -0.016450031910687828
39 - 40 - 41 	 x:  0.017069464652767374
40 - 41 - 42 	 x:  -0.017114406660403432
41 - 42 - 43 	 x:  0.015475779834171791
42 - 43 - 44 	 x:  -0.013813504515074721
43 - 44 - 45 	 x:  0.013435951003715727
44 - 45 - 46 	 x:  -0.014071503941284175
45 - 46 - 47 	 x:  0.015091715212595214
46 - 47 - 48 	 x:  -0.015179043475864696
47 - 48 - 49 	 x:  0.013670096823947764
48 - 49 - 50 	 x:  -0.012383636472672255
49 - 50 - 51 	 x:  0.012297450919684462
50 - 51 - 52 	 x:  -0.01268469639598438
51 - 52 - 53 	 x:  0.012923248905766339
52 - 53 - 54 	 x:  -0.012603267313207357
53 - 54 - 55 	 x:  0.01189075205288317
54 - 55 - 56 	 x:  -0.011308587375787644
55 - 56 - 57 	 x:  0.011179494542478786
56 - 57 - 58 	 x:  -0.011308521832855847
57 - 58 - 59 	 x:  0.011351494539706726
58 - 59 - 60 	 x:  -0.011179549130162008
59 - 60 - 61 	 x:  0.011522840644151655
60 - 61 - 62 	 x:  -0.011738695750274595
61 - 62 - 63 	 x:  0.01070473557010511
62 - 63 - 64 	 x:  -0.00984652182731455
63 - 64 - 65 	 x:  0.009846478183759656
64 - 65 - 66 	 x:  -0.010104587287104174
65 - 66 - 67 	 x:  0.010955137738244813
66 - 67 - 68 	 x:  -0.011292847577318296
67 - 68 - 69 	 x:  0.009964416602356077
68 - 69 - 70 	 x:  -0.008771136334410842
69 - 70 - 71 	 x:  0.00881405357196766
70 - 71 - 72 	 x:  -0.009416848617663927
71 - 72 - 73 	 x:  0.009717494546631613
72 - 73 - 74 	 x:  -0.00924504471509987
73 - 74 - 75 	 x:  0.008383704650924731
74 - 75 - 76 	 x:  -0.007954000000000017
75 - 76 - 77 	 x:  0.008854849818889227
76 - 77 - 78 	 x:  -0.009975635714589792
77 - 78 - 79 	 x:  0.00941448487589999
78 - 79 - 80 	 x:  -0.00810186239399849
79 - 80 - 81 	 x:  0.007258733229884985
80 - 81 - 82 	 x:  -0.007198169870915797
81 - 82 - 83 	 x:  0.008296071526819514
82 - 83 - 84 	 x:  -0.009287548881936943
83 - 84 - 85 	 x:  0.008770024216252658
84 - 85 - 86 	 x:  -0.007868196197140331
85 - 86 - 87 	 x:  0.007351803802859652
86 - 87 - 88 	 x:  -0.0069652988779765265
87 - 88 - 89 	 x:  0.00756791975450252
88 - 89 - 90 	 x:  -0.008517385432061235
89 - 90 - 91 	 x:  0.008083767564623442
90 - 91 - 92 	 x:  -0.007395005453376429
91 - 92 - 93 	 x:  0.007179912712767043
92 - 93 - 94 	 x:  -0.00670751677194678
93 - 94 - 95 	 x:  0.0067406706116735346
94 - 95 - 96 	 x:  -0.007204548959021337
95 - 96 - 97 	 x:  0.007643966048990183
96 - 97 - 98 	 x:  -0.008083798717305338
97 - 98 - 99 	 x:  0.007522854514708994
98 - 99 - 100 	 x:  -0.00653127436146992
99 - 100 - 101 	 x:  0.005967803707974167
