Configuration 2:  

1 - 2 - 3 	 s:  1.0026725594509953 	 gamma: -150.55915873298065
2 - 3 - 4 	 s:  0.9962791230179175 	 gamma: 107.79542152301939
3 - 4 - 5 	 s:  1.003294261855512 	 gamma: -122.1830896420898
4 - 5 - 6 	 s:  0.9981816967012828 	 gamma: 220.79711523921873
5 - 6 - 7 	 s:  1.00226148072004 	 gamma: -177.89042929908925
6 - 7 - 8 	 s:  0.994638120861717 	 gamma: 74.74306676871845
7 - 8 - 9 	 s:  1.002681003721751 	 gamma: -150.08557968790225
8 - 9 - 10 	 s:  0.9977650277667497 	 gamma: 179.59612335426507
9 - 10 - 11 	 s:  1.0020614034562065 	 gamma: -195.13676673231026
10 - 11 - 12 	 s:  0.9997942837186327 	 gamma: 1953.176637079414
11 - 12 - 13 	 s:  1.0024906361888721 	 gamma: -161.54177138851603
12 - 13 - 14 	 s:  0.998180219161278 	 gamma: 220.61767955525707
13 - 14 - 15 	 s:  1.001622258777173 	 gamma: -247.9058408163598
14 - 15 - 16 	 s:  0.9975090858094278 	 gamma: 161.12192293911346
15 - 16 - 17 	 s:  1.0022410793555072 	 gamma: -179.50800321445394
16 - 17 - 18 	 s:  0.9985339606580941 	 gamma: 273.89915635272035
17 - 18 - 19 	 s:  1.0014622137892857 	 gamma: -275.0181192864707
18 - 19 - 20 	 s:  0.9973305508663772 	 gamma: 150.33250752543606
19 - 20 - 21 	 s:  1.0026538502974658 	 gamma: -151.61915774320846
20 - 21 - 22 	 s:  0.9989732655051832 	 gamma: 391.1773132543712
21 - 22 - 23 	 s:  1.0014831245286808 	 gamma: -271.14343933330343
22 - 23 - 24 	 s:  0.9959223759767443 	 gamma: 98.34691209869227
23 - 24 - 25 	 s:  1.001648751274607 	 gamma: -243.92566202424584
24 - 25 - 26 	 s:  1.001056287061261 	 gamma: -380.6292589908563
25 - 26 - 27 	 s:  1.0010276878218993 	 gamma: -391.21609564175174
26 - 27 - 28 	 s:  0.9952500328283732 	 gamma: 84.39772945316754
27 - 28 - 29 	 s:  1.0020630650189335 	 gamma: -194.97976811038788
28 - 29 - 30 	 s:  1.0014136415814112 	 gamma: -284.46074105231895
29 - 30 - 31 	 s:  1.001233546733731 	 gamma: -325.96200207607586
30 - 31 - 32 	 s:  0.9960985812588641 	 gamma: 102.7977790959929
31 - 32 - 33 	 s:  1.00144299452525 	 gamma: -278.6784146478476
32 - 33 - 34 	 s:  1.0018526053759065 	 gamma: -217.10704614068732
33 - 34 - 35 	 s:  1.0010273219866017 	 gamma: -391.3553384301723
34 - 35 - 36 	 s:  0.9952791686754466 	 gamma: 84.91985414684308
35 - 36 - 37 	 s:  1.0016498167936 	 gamma: -243.7682545718415
36 - 37 - 38 	 s:  1.0016734338191637 	 gamma: -240.33080846097528
37 - 38 - 39 	 s:  1.0006166303778892 	 gamma: -651.8742252591487
38 - 39 - 40 	 s:  0.996070806690855 	 gamma: 102.06970300653765
39 - 40 - 41 	 s:  1.0014196097991444 	 gamma: -283.2656766995612
40 - 41 - 42 	 s:  1.0018797532614319 	 gamma: -213.97442965847333
41 - 42 - 43 	 s:  1.001233290231911 	 gamma: -326.02975444226314
42 - 43 - 44 	 s:  0.9956613488848414 	 gamma: 92.41794308333542
43 - 44 - 45 	 s:  1.0012611141679943 	 gamma: -318.84099771123533
44 - 45 - 46 	 s:  1.001647440540686 	 gamma: -244.11957398788195
45 - 46 - 47 	 s:  1.0002055913680312 	 gamma: -1954.7653130556432
46 - 47 - 48 	 s:  0.9961220531487852 	 gamma: 103.42119668546297
47 - 48 - 49 	 s:  1.001238095923641 	 gamma: -324.76504360783713
48 - 49 - 50 	 s:  1.0016487532501768 	 gamma: -243.9253699881673
49 - 50 - 51 	 s:  1.001028774585918 	 gamma: -390.8030398534102
50 - 51 - 52 	 s:  0.9958879357939594 	 gamma: 97.52153226956305
51 - 52 - 53 	 s:  1.0010307608310884 	 gamma: -390.0503611659735
52 - 53 - 54 	 s:  1.0020354245382537 	 gamma: -197.62481077980465
53 - 54 - 55 	 s:  1.0 	 gamma: -inf
54 - 55 - 56 	 s:  0.9967078268068073 	 gamma: 121.8586373264273
55 - 56 - 57 	 s:  1.0012158383043077 	 gamma: -330.70664496782894
56 - 57 - 58 	 s:  1.0018557079202046 	 gamma: -216.74440219232335
57 - 58 - 59 	 s:  1.0012348470979298 	 gamma: -325.6189570500483
58 - 59 - 60 	 s:  0.9963263193998779 	 gamma: 109.18287157542001
59 - 60 - 61 	 s:  1.0010543500034186 	 gamma: -381.32818423426266
60 - 61 - 62 	 s:  1.0024467748583699 	 gamma: -164.4339997380952
61 - 62 - 63 	 s:  1.0002055916137746 	 gamma: -1954.7629767669987
62 - 63 - 64 	 s:  0.9965056609726308 	 gamma: 114.7968387280056
63 - 64 - 65 	 s:  1.0010313506616235 	 gamma: -389.8274058188974
64 - 65 - 66 	 s:  0.9993818271559975 	 gamma: 649.8463270454306
65 - 66 - 67 	 s:  1.001030925363401 	 gamma: -389.9881424606784
66 - 67 - 68 	 s:  0.9989701363491573 	 gamma: 389.9881424606507
67 - 68 - 69 	 s:  1.0008007652822697 	 gamma: -502.0228106201396
68 - 69 - 70 	 s:  1.0024722411872509 	 gamma: -162.74224821705042
69 - 70 - 71 	 s:  1.0 	 gamma: -inf
70 - 71 - 72 	 s:  0.9965062955979802 	 gamma: 114.81772791432708
71 - 72 - 73 	 s:  1.001031162695891 	 gamma: -389.8984289861806
72 - 73 - 74 	 s:  0.9995879598021249 	 gamma: 975.0475261226807
73 - 74 - 75 	 s:  1.000848385790257 	 gamma: -473.8551819118419
74 - 75 - 76 	 s:  0.9987907580390645 	 gamma: 332.10769296925787
75 - 76 - 77 	 s:  1.0004123592704117 	 gamma: -974.6947466010754
76 - 77 - 78 	 s:  1.002763106181881 	 gamma: -145.63192739988457
77 - 78 - 79 	 s:  1.0002055267579109 	 gamma: -1955.3797568527368
78 - 79 - 80 	 s:  0.9966023372670081 	 gamma: 118.06896444938823
79 - 80 - 81 	 s:  1.0008247402907209 	 gamma: -487.43496340398553
80 - 81 - 82 	 s:  0.9995879696726515 	 gamma: 975.0708890049449
81 - 82 - 83 	 s:  1.0008244003326359 	 gamma: -487.635884199731
82 - 83 - 84 	 s:  0.9989703484293023 	 gamma: 390.06851078145314
83 - 84 - 85 	 s:  1.0002061425691597 	 gamma: -1949.5390363541783
84 - 85 - 86 	 s:  1.0024995626364515 	 gamma: -160.96558973449592
85 - 86 - 87 	 s:  1.0003872670421403 	 gamma: -1037.8352143853194
86 - 87 - 88 	 s:  0.9966856083234961 	 gamma: 121.04039269898993
87 - 88 - 89 	 s:  1.0006425456315289 	 gamma: -625.5908311479362
88 - 89 - 90 	 s:  0.9997939423853325 	 gamma: 1949.9408779248372
89 - 90 - 91 	 s:  1.0006183002494768 	 gamma: -650.1142214332862
90 - 91 - 92 	 s:  0.9993820818094944 	 gamma: 650.1142214331725
91 - 92 - 93 	 s:  1.0004122001663178 	 gamma: -975.0708890052483
92 - 93 - 94 	 s:  1.0002060151636742 	 gamma: -1950.7445610657421
93 - 94 - 95 	 s:  1.0006179181905055 	 gamma: -650.5160630148027
94 - 95 - 96 	 s:  0.9991766178621266 	 gamma: 487.8368049954478
95 - 96 - 97 	 s:  1.0004120303273485 	 gamma: -975.4727305793573
96 - 97 - 98 	 s:  0.999588139371721 	 gamma: 975.4727305792899
97 - 98 - 99 	 s:  1.0004120303273485 	 gamma: -975.4727305793573
98 - 99 - 100 	 s:  0.9993822090575813 	 gamma: 650.2481686268784
99 - 100 - 101 	 s:  1.0 	 gamma: -inf
100 - 101 - 102 	 s:  1.0025266017984518 	 gamma: -159.2451182012539
101 - 102 - 103 	 s:  1.0006166149036777 	 gamma: -651.8905792770292
102 - 103 - 104 	 s:  0.9964542606793154 	 gamma: 113.12978704015097
103 - 104 - 105 	 s:  0.999926891298147 	 gamma: 5496.293454901405
104 - 105 - 106 	 s:  0.9997938423589228 	 gamma: 1948.9946812041474
105 - 106 - 107 	 s:  0.9998801161913873 	 gamma: 3351.724354998817
