Configuration 3:  

1 	 x:  0.450169 	 t:  0.28
2 	 x:  0.322468 	 t:  0.72
3 	 x:  0.444254 	 t:  1.12
4 	 x:  0.324016 	 t:  1.595
5 	 x:  0.443976 	 t:  2.04
6 	 x:  0.325907 	 t:  2.48
7 	 x:  0.441612 	 t:  2.9
8 	 x:  0.327627 	 t:  3.355
9 	 x:  0.442428 	 t:  3.795
10 	 x:  0.329347 	 t:  4.235
11 	 x:  0.438516 	 t:  4.66
12 	 x:  0.330723 	 t:  5.115
13 	 x:  0.43744 	 t:  5.555
14 	 x:  0.332271 	 t:  5.995
15 	 x:  0.435892 	 t:  6.435
16 	 x:  0.333819 	 t:  6.87
17 	 x:  0.436236 	 t:  7.32
18 	 x:  0.335786 	 t:  7.725
19 	 x:  0.433139 	 t:  8.195
20 	 x:  0.338462 	 t:  8.635
21 	 x:  0.432107 	 t:  9.07
22 	 x:  0.339666 	 t:  9.505
23 	 x:  0.430731 	 t:  9.95
24 	 x:  0.341214 	 t:  10.39
25 	 x:  0.431894 	 t:  10.825
26 	 x:  0.342418 	 t:  11.27
27 	 x:  0.428495 	 t:  11.705
28 	 x:  0.343278 	 t:  12.15
29 	 x:  0.427463 	 t:  12.59
30 	 x:  0.34431 	 t:  13.025
31 	 x:  0.426259 	 t:  13.47
32 	 x:  0.345685 	 t:  13.9
33 	 x:  0.425227 	 t:  14.34
34 	 x:  0.346889 	 t:  14.785
35 	 x:  0.424366 	 t:  15.22
36 	 x:  0.347405 	 t:  15.665
37 	 x:  0.423678 	 t:  16.105
38 	 x:  0.348265 	 t:  16.54
39 	 x:  0.422646 	 t:  16.98
40 	 x:  0.349641 	 t:  17.425
41 	 x:  0.421442 	 t:  17.86
42 	 x:  0.350673 	 t:  18.3
43 	 x:  0.420754 	 t:  18.73
44 	 x:  0.351189 	 t:  19.18
45 	 x:  0.420238 	 t:  19.62
46 	 x:  0.351877 	 t:  20.06
47 	 x:  0.419378 	 t:  20.495
48 	 x:  0.352909 	 t:  20.94
49 	 x:  0.418174 	 t:  21.38
50 	 x:  0.353941 	 t:  21.815
51 	 x:  0.417486 	 t:  22.255
52 	 x:  0.354457 	 t:  22.69
53 	 x:  0.417142 	 t:  23.13
54 	 x:  0.354973 	 t:  23.57
55 	 x:  0.416626 	 t:  24.01
56 	 x:  0.35566 	 t:  24.45
57 	 x:  0.415594 	 t:  24.88
58 	 x:  0.35652 	 t:  25.325
59 	 x:  0.414733 	 t:  25.77
60 	 x:  0.357208 	 t:  26.2
61 	 x:  0.414217 	 t:  26.645
62 	 x:  0.35738 	 t:  27.08
63 	 x:  0.413701 	 t:  27.525
64 	 x:  0.358068 	 t:  27.965
65 	 x:  0.413185 	 t:  28.4
66 	 x:  0.358928 	 t:  28.845
67 	 x:  0.412325 	 t:  29.28
68 	 x:  0.359788 	 t:  29.725
69 	 x:  0.411981 	 t:  30.15
70 	 x:  0.35996 	 t:  30.595
71 	 x:  0.411637 	 t:  31.035
72 	 x:  0.360476 	 t:  31.48
73 	 x:  0.411121 	 t:  31.92
74 	 x:  0.360992 	 t:  32.355
75 	 x:  0.410261 	 t:  32.79
76 	 x:  0.36168 	 t:  33.23
77 	 x:  0.409745 	 t:  33.67
78 	 x:  0.362024 	 t:  34.105
79 	 x:  0.409573 	 t:  34.55
80 	 x:  0.362196 	 t:  34.98
81 	 x:  0.409229 	 t:  35.43
82 	 x:  0.362884 	 t:  35.87
83 	 x:  0.408541 	 t:  36.305
84 	 x:  0.363572 	 t:  36.75
85 	 x:  0.409204 	 t:  37.22
86 	 x:  0.363916 	 t:  37.615
87 	 x:  0.407853 	 t:  38.065
88 	 x:  0.364088 	 t:  38.505
89 	 x:  0.407853 	 t:  38.93
90 	 x:  0.364432 	 t:  39.37
91 	 x:  0.407165 	 t:  39.815
92 	 x:  0.365119 	 t:  40.26
93 	 x:  0.407704 	 t:  40.64
94 	 x:  0.365635 	 t:  41.135
95 	 x:  0.406305 	 t:  41.565
96 	 x:  0.365635 	 t:  42.005
97 	 x:  0.406133 	 t:  42.45
98 	 x:  0.365979 	 t:  42.885
99 	 x:  0.405789 	 t:  43.325
100 	 x:  0.366667 	 t:  43.775
101 	 x:  0.407015 	 t:  44.17
102 	 x:  0.367183 	 t:  44.65
103 	 x:  0.406305 	 t:  45.105
104 	 x:  0.367355 	 t:  45.525
105 	 x:  0.404756 	 t:  45.965
106 	 x:  0.367527 	 t:  46.405
107 	 x:  0.404584 	 t:  46.845
108 	 x:  0.367871 	 t:  47.275
109 	 x:  0.405982 	 t:  47.69
110 	 x:  0.368387 	 t:  48.16
111 	 x:  0.405678 	 t:  48.6
112 	 x:  0.368559 	 t:  49.03
113 	 x:  0.403552 	 t:  49.47
114 	 x:  0.368731 	 t:  49.915
115 	 x:  0.403208 	 t:  50.355
116 	 x:  0.369075 	 t:  50.785
117 	 x:  0.40426 	 t:  51.18
118 	 x:  0.369591 	 t:  51.675
119 	 x:  0.404432 	 t:  52.075
120 	 x:  0.369763 	 t:  52.545
121 	 x:  0.404513 	 t:  53.0
122 	 x:  0.369763 	 t:  53.425
123 	 x:  0.402176 	 t:  53.865
124 	 x:  0.370107 	 t:  54.3
125 	 x:  0.403572 	 t:  54.695
126 	 x:  0.370623 	 t:  55.18
127 	 x:  0.40338 	 t:  55.615
128 	 x:  0.370795 	 t:  56.045
129 	 x:  0.403399 	 t:  56.455
130 	 x:  0.370967 	 t:  56.93
131 	 x:  0.401316 	 t:  57.375
132 	 x:  0.371139 	 t:  57.815
133 	 x:  0.403268 	 t:  58.225
134 	 x:  0.371655 	 t:  58.695
135 	 x:  0.40252 	 t:  59.115
136 	 x:  0.371827 	 t:  59.57
137 	 x:  0.402348 	 t:  60.005
138 	 x:  0.371827 	 t:  60.435
139 	 x:  0.400456 	 t:  60.885
140 	 x:  0.371999 	 t:  61.32
141 	 x:  0.400472 	 t:  61.675
142 	 x:  0.372515 	 t:  62.205
143 	 x:  0.40166 	 t:  62.63
144 	 x:  0.372687 	 t:  63.07
145 	 x:  0.401316 	 t:  63.52
146 	 x:  0.372859 	 t:  63.955
147 	 x:  0.399916 	 t:  64.305
148 	 x:  0.372859 	 t:  64.835
149 	 x:  0.399744 	 t:  65.185
150 	 x:  0.373203 	 t:  65.715
151 	 x:  0.4008 	 t:  66.15
152 	 x:  0.373547 	 t:  66.585
153 	 x:  0.400628 	 t:  67.015
154 	 x:  0.373547 	 t:  67.47
155 	 x:  0.4003 	 t:  67.84
156 	 x:  0.373547 	 t:  68.34
157 	 x:  0.399956 	 t:  68.715
158 	 x:  0.373719 	 t:  69.21
159 	 x:  0.400112 	 t:  69.66
160 	 x:  0.374235 	 t:  70.095
161 	 x:  0.399768 	 t:  70.54
162 	 x:  0.374235 	 t:  70.965
163 	 x:  0.399768 	 t:  71.415
164 	 x:  0.374235 	 t:  71.845
165 	 x:  0.39994 	 t:  72.29
166 	 x:  0.374407 	 t:  72.735
167 	 x:  0.399424 	 t:  73.175
168 	 x:  0.374923 	 t:  73.615
169 	 x:  0.39908 	 t:  74.045
170 	 x:  0.375094 	 t:  74.48
171 	 x:  0.39908 	 t:  74.91
172 	 x:  0.374923 	 t:  75.36
173 	 x:  0.399252 	 t:  75.805
174 	 x:  0.374923 	 t:  76.23
175 	 x:  0.39908 	 t:  76.675
176 	 x:  0.375266 	 t:  77.11
177 	 x:  0.398564 	 t:  77.555
178 	 x:  0.375782 	 t:  77.995
179 	 x:  0.398392 	 t:  78.425
180 	 x:  0.375782 	 t:  78.875
181 	 x:  0.398564 	 t:  79.315
182 	 x:  0.37561 	 t:  79.74
183 	 x:  0.398564 	 t:  80.19
184 	 x:  0.375954 	 t:  80.63
185 	 x:  0.398048 	 t:  81.065
186 	 x:  0.37647 	 t:  81.51
187 	 x:  0.397876 	 t:  81.935
188 	 x:  0.37647 	 t:  82.37
189 	 x:  0.398048 	 t:  82.81
190 	 x:  0.376298 	 t:  83.255
191 	 x:  0.398314 	 t:  83.715
192 	 x:  0.376298 	 t:  84.125
193 	 x:  0.39789 	 t:  84.535
194 	 x:  0.376814 	 t:  85.015
195 	 x:  0.39736 	 t:  85.45
196 	 x:  0.376986 	 t:  85.88
197 	 x:  0.39736 	 t:  86.325
198 	 x:  0.376814 	 t:  86.765
199 	 x:  0.39793 	 t:  87.2
200 	 x:  0.376814 	 t:  87.64
201 	 x:  0.397758 	 t:  88.075
202 	 x:  0.377158 	 t:  88.52
203 	 x:  0.397016 	 t:  88.955
204 	 x:  0.377502 	 t:  89.39
205 	 x:  0.396844 	 t:  89.835
206 	 x:  0.377502 	 t:  90.28
207 	 x:  0.397188 	 t:  90.695
208 	 x:  0.37733 	 t:  91.145
209 	 x:  0.397188 	 t:  91.575
210 	 x:  0.377674 	 t:  92.035
211 	 x:  0.396672 	 t:  92.47
212 	 x:  0.378018 	 t:  92.915
213 	 x:  0.3965 	 t:  93.34
214 	 x:  0.378018 	 t:  93.775
215 	 x:  0.3965 	 t:  94.225
216 	 x:  0.377846 	 t:  94.66
217 	 x:  0.396672 	 t:  95.1
218 	 x:  0.378018 	 t:  95.55
219 	 x:  0.396328 	 t:  95.98
220 	 x:  0.37819 	 t:  96.415
221 	 x:  0.396156 	 t:  96.835
222 	 x:  0.378362 	 t:  97.28
223 	 x:  0.396156 	 t:  97.72
224 	 x:  0.37819 	 t:  98.17
225 	 x:  0.396156 	 t:  98.605
226 	 x:  0.37819 	 t:  99.05
227 	 x:  0.395984 	 t:  99.495
228 	 x:  0.378362 	 t:  99.915
229 	 x:  0.39564 	 t:  100.36
