Configuration 1:  

1 - 2 - 3 	 s:  0.9988705124221545 	 gamma: 356.6984997879117
2 - 3 - 4 	 s:  1.0065914592615088 	 gamma: -61.3583894547096
3 - 4 - 5 	 s:  0.9945721345161569 	 gamma: 74.06580129672771
4 - 5 - 6 	 s:  1.0045591966624796 	 gamma: -88.61922295088591
5 - 6 - 7 	 s:  0.9967221910305892 	 gamma: 122.78116272546157
6 - 7 - 8 	 s:  1.002529683333652 	 gamma: -159.5551029169124
7 - 8 - 9 	 s:  0.9964072313088739 	 gamma: 111.99987413518205
8 - 9 - 10 	 s:  1.0058230442374683 	 gamma: -69.42876396180037
9 - 10 - 11 	 s:  0.9957783981040851 	 gamma: 95.28675127517764
10 - 11 - 12 	 s:  1.003286935021293 	 gamma: -122.84281978642076
11 - 12 - 13 	 s:  0.9984879231653981 	 gamma: 266.39478084658674
12 - 13 - 14 	 s:  1.0012619722278067 	 gamma: -319.6334442270627
13 - 14 - 15 	 s:  0.996399118905285 	 gamma: 111.74709565255681
14 - 15 - 16 	 s:  1.0045523007136596 	 gamma: -88.75316089573958
15 - 16 - 17 	 s:  0.9967963500646441 	 gamma: 125.62800806707331
16 - 17 - 18 	 s:  1.0027791528284342 	 gamma: -145.25078234890142
17 - 18 - 19 	 s:  0.9984882997033727 	 gamma: 266.4611853340635
18 - 19 - 20 	 s:  0.9997476685009601 	 gamma: 1597.3565086678088
19 - 20 - 21 	 s:  0.9956271066560426 	 gamma: 91.98307859627108
20 - 21 - 22 	 s:  1.0043095634282548 	 gamma: -93.74086981359903
21 - 22 - 23 	 s:  0.9937703161803013 	 gamma: 64.50684985825232
22 - 23 - 24 	 s:  1.0022859843170842 	 gamma: -176.54312049063608
23 - 24 - 25 	 s:  1.0020288249317095 	 gamma: -198.8949383137858
24 - 25 - 26 	 s:  1.000505811688073 	 gamma: -797.1665632468993
25 - 26 - 27 	 s:  0.9947827799405973 	 gamma: 77.06436273070167
26 - 27 - 28 	 s:  1.0020313522601194 	 gamma: -198.6477316715838
27 - 28 - 29 	 s:  1.0001607043864926 	 gamma: -2508.6223389655506
28 - 29 - 30 	 s:  1.0030425739231956 	 gamma: -132.69263977773147
29 - 30 - 31 	 s:  0.99544998287865 	 gamma: 88.39448898678322
30 - 31 - 32 	 s:  1.0010157365344783 	 gamma: -397.07040583042567
31 - 32 - 33 	 s:  0.9994926470696681 	 gamma: 794.3424199333444
32 - 33 - 34 	 s:  1.000253805233995 	 gamma: -1588.4833083256892
33 - 34 - 35 	 s:  1.0020299266659487 	 gamma: -198.78709823521197
34 - 35 - 36 	 s:  1.0030387216168826 	 gamma: -132.86060416661525
35 - 36 - 37 	 s:  0.9939395006876589 	 gamma: 66.31325714657056
36 - 37 - 38 	 s:  1.0011223211965126 	 gamma: -359.3805360380816
37 - 38 - 39 	 s:  1.0002537142587413 	 gamma: -1589.0528243538783
38 - 39 - 40 	 s:  0.9993865211620705 	 gamma: 656.8939873643241
39 - 40 - 41 	 s:  1.0030471429161674 	 gamma: -132.4939776950108
40 - 41 - 42 	 s:  1.0027819092047212 	 gamma: -145.10706422968155
41 - 42 - 43 	 s:  0.993185552491051 	 gamma: 58.95403222568626
42 - 43 - 44 	 s:  1.002988205230467 	 gamma: -135.1032432660921
43 - 44 - 45 	 s:  1.0007599209446583 	 gamma: -530.6701632510021
44 - 45 - 46 	 s:  0.9970229598518985 	 gamma: 135.20606437020746
45 - 46 - 47 	 s:  1.003046445002369 	 gamma: -132.5242847736559
46 - 47 - 48 	 s:  1.002530993635728 	 gamma: -159.4726050784097
47 - 48 - 49 	 s:  0.9936884903015581 	 gamma: 63.66792903721894
48 - 49 - 50 	 s:  1.001270319574 	 gamma: -317.53443755902725
49 - 50 - 51 	 s:  1.0007612247457052 	 gamma: -529.7615937457126
50 - 51 - 52 	 s:  0.998478708553284 	 gamma: 264.77997995444497
51 - 52 - 53 	 s:  0.9998863198487022 	 gamma: 3545.8372073039795
52 - 53 - 54 	 s:  1.0017777462783974 	 gamma: -226.9572660153996
53 - 54 - 55 	 s:  0.9975783605958146 	 gamma: 166.26171803359384
54 - 55 - 56 	 s:  1.0010165139187055 	 gamma: -396.76689829292945
55 - 56 - 57 	 s:  1.0002538704168642 	 gamma: -1588.0755067240802
56 - 57 - 58 	 s:  0.9994923880339331 	 gamma: 793.9369620134055
57 - 58 - 59 	 s:  0.9997460651165813 	 gamma: 1587.2692782734562
58 - 59 - 60 	 s:  1.0007619981481675 	 gamma: -529.224108088034
59 - 60 - 61 	 s:  1.002791865813367 	 gamma: -144.5902882161423
60 - 61 - 62 	 s:  1.0015185961814368 	 gamma: -265.65339427396793
61 - 62 - 63 	 s:  0.9954511193684461 	 gamma: 88.41662385007903
62 - 63 - 64 	 s:  1.0005077408337282 	 gamma: -794.138519129748
63 - 64 - 65 	 s:  1.0005074831638034 	 gamma: -794.5416333621394
64 - 65 - 66 	 s:  0.9989855484894551 	 gamma: 397.17001255122943
65 - 66 - 67 	 s:  1.0040146949643622 	 gamma: -100.61109928156395
66 - 67 - 68 	 s:  1.0020228422403568 	 gamma: -199.4825876929143
67 - 68 - 69 	 s:  0.9942415497493423 	 gamma: 69.80219198455258
68 - 69 - 70 	 s:  1.0012690317877706 	 gamma: -317.85646024378013
69 - 70 - 71 	 s:  1.0015223818127692 	 gamma: -264.9933081051377
70 - 71 - 72 	 s:  0.9979752050914174 	 gamma: 198.88729090360331
71 - 72 - 73 	 s:  0.9997463871223637 	 gamma: 1589.2848494020682
72 - 73 - 74 	 s:  1.0025367721344431 	 gamma: -159.1098020834546
73 - 74 - 75 	 s:  0.9974681756594733 	 gamma: 159.0172329204349
74 - 75 - 76 	 s:  1.0 	 gamma: -inf
75 - 76 - 77 	 s:  1.0053287042089831 	 gamma: -75.85095639018355
76 - 77 - 78 	 s:  0.9987383351011313 	 gamma: 319.3081403801879
77 - 78 - 79 	 s:  0.9954507997455856 	 gamma: 88.41039759207116
78 - 79 - 80 	 s:  1.0031932381264368 	 gamma: -126.44140072090286
79 - 80 - 81 	 s:  0.9982290106877146 	 gamma: 227.4193073564654
80 - 81 - 82 	 s:  0.9985854102752262 	 gamma: 284.76739844597677
81 - 82 - 83 	 s:  1.0050776027694404 	 gamma: -79.5920447265871
82 - 83 - 84 	 s:  0.9992424275791598 	 gamma: 531.911536375382
83 - 84 - 85 	 s:  0.9962077968636821 	 gamma: 106.09911433943218
84 - 85 - 86 	 s:  1.0015220655255106 	 gamma: -265.04833220753653
85 - 86 - 87 	 s:  0.998480247637168 	 gamma: 265.0483322075095
86 - 87 - 88 	 s:  1.0007595578930601 	 gamma: -530.9237153442537
87 - 88 - 89 	 s:  1.0043210358696084 	 gamma: -93.49252019858872
88 - 89 - 90 	 s:  0.9987394951817608 	 gamma: 319.6021948764508
89 - 90 - 91 	 s:  0.9961975510348009 	 gamma: 105.81268285249804
90 - 91 - 92 	 s:  1.0002536775875852 	 gamma: -1589.2825057145333
91 - 92 - 93 	 s:  0.9989855469936508 	 gamma: 397.1694266293737
92 - 93 - 94 	 s:  1.001775619548051 	 gamma: -227.22886051401898
93 - 94 - 95 	 s:  1.0019713781819413 	 gamma: -204.68494692964143
94 - 95 - 96 	 s:  0.9992412333780849 	 gamma: 531.0740587231878
95 - 96 - 97 	 s:  1.0018291920210143 	 gamma: -220.57979337815954
96 - 97 - 98 	 s:  0.9992435125694427 	 gamma: 532.6747183764312
97 - 98 - 99 	 s:  0.9959530358111495 	 gamma: 99.40734812485101
98 - 99 - 100 	 s:  1.0018007114286136 	 gamma: -224.06536363084783
99 - 100 - 101 	 s:  0.9984795132084923 	 gamma: 264.9202106078084
