Configuration 1:  

1 	 x:  0.289612 	 t:  0.456
2 	 x:  0.294083 	 t:  1.268
3 	 x:  0.297179 	 t:  2.08
4 	 x:  0.298899 	 t:  2.888
5 	 x:  0.302854 	 t:  3.692
6 	 x:  0.30509 	 t:  4.512
7 	 x:  0.30595 	 t:  5.32
8 	 x:  0.309045 	 t:  6.12
9 	 x:  0.310937 	 t:  6.932
10 	 x:  0.310765 	 t:  7.736
11 	 x:  0.313689 	 t:  8.552
12 	 x:  0.315237 	 t:  9.352
13 	 x:  0.315581 	 t:  10.152
14 	 x:  0.316956 	 t:  10.968
15 	 x:  0.31902 	 t:  11.772
16 	 x:  0.319708 	 t:  12.572
17 	 x:  0.31988 	 t:  13.388
18 	 x:  0.321944 	 t:  14.172
19 	 x:  0.322704 	 t:  14.964
20 	 x:  0.322288 	 t:  15.808
21 	 x:  0.324179 	 t:  16.608
22 	 x:  0.326202 	 t:  17.456
23 	 x:  0.324179 	 t:  18.224
24 	 x:  0.325899 	 t:  19.036
25 	 x:  0.326759 	 t:  19.832
26 	 x:  0.325727 	 t:  20.636
27 	 x:  0.326931 	 t:  21.448
28 	 x:  0.327619 	 t:  22.264
29 	 x:  0.327275 	 t:  23.04
30 	 x:  0.327791 	 t:  23.876
31 	 x:  0.328823 	 t:  24.672
32 	 x:  0.329167 	 t:  25.464
33 	 x:  0.328479 	 t:  26.288
34 	 x:  0.329855 	 t:  27.084
35 	 x:  0.330715 	 t:  27.896
36 	 x:  0.329339 	 t:  28.696
37 	 x:  0.331059 	 t:  29.5
38 	 x:  0.331059 	 t:  30.32
39 	 x:  0.330199 	 t:  31.116
40 	 x:  0.332363 	 t:  31.848
41 	 x:  0.331403 	 t:  32.728
42 	 x:  0.330887 	 t:  33.532
43 	 x:  0.331919 	 t:  34.352
44 	 x:  0.332434 	 t:  35.144
45 	 x:  0.331575 	 t:  35.936
46 	 x:  0.331747 	 t:  36.772
47 	 x:  0.33295 	 t:  37.56
48 	 x:  0.332434 	 t:  38.352
49 	 x:  0.331919 	 t:  39.176
50 	 x:  0.333139 	 t:  39.952
