Configuration 2:  

1 	 x:  0.354113 	 t:  0.09
2 	 x:  0.356348 	 t:  0.89
3 	 x:  0.3591 	 t:  1.7
4 	 x:  0.360992 	 t:  2.5
5 	 x:  0.363228 	 t:  3.31
6 	 x:  0.364948 	 t:  4.11
7 	 x:  0.36703 	 t:  4.91
8 	 x:  0.368387 	 t:  5.72
9 	 x:  0.37026 	 t:  6.53
10 	 x:  0.371483 	 t:  7.33
11 	 x:  0.3737 	 t:  8.14
12 	 x:  0.374941 	 t:  8.93
13 	 x:  0.376317 	 t:  9.74
14 	 x:  0.377177 	 t:  10.54
15 	 x:  0.378897 	 t:  11.35
16 	 x:  0.379929 	 t:  12.15
17 	 x:  0.381133 	 t:  12.96
18 	 x:  0.381993 	 t:  13.76
19 	 x:  0.383369 	 t:  14.57
20 	 x:  0.383885 	 t:  15.36
21 	 x:  0.385069 	 t:  16.18
22 	 x:  0.386101 	 t:  16.98
23 	 x:  0.387153 	 t:  17.78
24 	 x:  0.387325 	 t:  18.58
25 	 x:  0.388357 	 t:  19.39
26 	 x:  0.389217 	 t:  20.19
27 	 x:  0.390076 	 t:  21.0
28 	 x:  0.390076 	 t:  21.79
29 	 x:  0.391089 	 t:  22.61
30 	 x:  0.392121 	 t:  23.41
31 	 x:  0.393 	 t:  24.21
32 	 x:  0.393172 	 t:  25.01
33 	 x:  0.394032 	 t:  25.82
34 	 x:  0.394892 	 t:  26.62
35 	 x:  0.39556 	 t:  27.43
36 	 x:  0.39556 	 t:  28.23
37 	 x:  0.39642 	 t:  29.04
38 	 x:  0.397128 	 t:  29.84
39 	 x:  0.397472 	 t:  30.64
40 	 x:  0.397644 	 t:  31.44
41 	 x:  0.398332 	 t:  32.24
42 	 x:  0.39902 	 t:  33.05
43 	 x:  0.399192 	 t:  33.85
44 	 x:  0.399516 	 t:  34.66
45 	 x:  0.400052 	 t:  35.46
46 	 x:  0.400568 	 t:  36.25
47 	 x:  0.400912 	 t:  37.07
48 	 x:  0.401428 	 t:  37.87
49 	 x:  0.401772 	 t:  38.67
50 	 x:  0.402116 	 t:  39.47
51 	 x:  0.402116 	 t:  40.28
52 	 x:  0.402632 	 t:  41.08
53 	 x:  0.402571 	 t:  41.94
54 	 x:  0.402471 	 t:  42.62
