Configuration 2:  

1 	 x:  0.354113 	 t:  0.09
2 	 x:  0.482164 	 t:  0.49
3 	 x:  0.356348 	 t:  0.89
4 	 x:  0.479044 	 t:  1.29
5 	 x:  0.3591 	 t:  1.7
6 	 x:  0.47752 	 t:  2.1
7 	 x:  0.360992 	 t:  2.5
8 	 x:  0.473024 	 t:  2.9
9 	 x:  0.363228 	 t:  3.31
10 	 x:  0.471155 	 t:  3.71
11 	 x:  0.364948 	 t:  4.11
12 	 x:  0.470983 	 t:  4.51
13 	 x:  0.36703 	 t:  4.91
14 	 x:  0.469458 	 t:  5.32
15 	 x:  0.368387 	 t:  5.72
16 	 x:  0.467371 	 t:  6.12
17 	 x:  0.37026 	 t:  6.53
18 	 x:  0.466143 	 t:  6.92
19 	 x:  0.371483 	 t:  7.33
20 	 x:  0.463907 	 t:  7.73
21 	 x:  0.3737 	 t:  8.14
22 	 x:  0.463047 	 t:  8.53
23 	 x:  0.374941 	 t:  8.93
24 	 x:  0.45963 	 t:  9.34
25 	 x:  0.376317 	 t:  9.74
26 	 x:  0.460513 	 t:  10.15
27 	 x:  0.377177 	 t:  10.54
28 	 x:  0.456534 	 t:  10.95
29 	 x:  0.378897 	 t:  11.35
30 	 x:  0.457715 	 t:  11.75
31 	 x:  0.379929 	 t:  12.15
32 	 x:  0.454447 	 t:  12.55
33 	 x:  0.381133 	 t:  12.96
34 	 x:  0.455995 	 t:  13.35
35 	 x:  0.381993 	 t:  13.76
36 	 x:  0.452039 	 t:  14.16
37 	 x:  0.383369 	 t:  14.57
38 	 x:  0.453437 	 t:  14.97
39 	 x:  0.383885 	 t:  15.36
40 	 x:  0.450147 	 t:  15.77
41 	 x:  0.385069 	 t:  16.18
42 	 x:  0.451717 	 t:  16.58
43 	 x:  0.386101 	 t:  16.98
44 	 x:  0.448082 	 t:  17.37
45 	 x:  0.387153 	 t:  17.78
46 	 x:  0.449458 	 t:  18.18
47 	 x:  0.387325 	 t:  18.58
48 	 x:  0.446213 	 t:  18.99
49 	 x:  0.388357 	 t:  19.39
50 	 x:  0.447589 	 t:  19.79
51 	 x:  0.389217 	 t:  20.19
52 	 x:  0.444148 	 t:  20.6
53 	 x:  0.390076 	 t:  21.0
54 	 x:  0.445846 	 t:  21.4
55 	 x:  0.390076 	 t:  21.79
56 	 x:  0.443094 	 t:  22.2
57 	 x:  0.391089 	 t:  22.61
58 	 x:  0.444642 	 t:  23.0
59 	 x:  0.392121 	 t:  23.41
60 	 x:  0.441568 	 t:  23.81
61 	 x:  0.393 	 t:  24.21
62 	 x:  0.44361 	 t:  24.61
63 	 x:  0.393172 	 t:  25.01
64 	 x:  0.440686 	 t:  25.41
65 	 x:  0.394032 	 t:  25.82
66 	 x:  0.44017 	 t:  26.22
67 	 x:  0.394892 	 t:  26.62
68 	 x:  0.43931 	 t:  27.02
69 	 x:  0.39556 	 t:  27.43
70 	 x:  0.441374 	 t:  27.82
71 	 x:  0.39556 	 t:  28.23
72 	 x:  0.43845 	 t:  28.63
73 	 x:  0.39642 	 t:  29.04
74 	 x:  0.438106 	 t:  29.43
75 	 x:  0.397128 	 t:  29.84
76 	 x:  0.437096 	 t:  30.24
77 	 x:  0.397472 	 t:  30.64
78 	 x:  0.439402 	 t:  31.05
79 	 x:  0.397644 	 t:  31.44
80 	 x:  0.436558 	 t:  31.84
81 	 x:  0.398332 	 t:  32.24
82 	 x:  0.436214 	 t:  32.65
83 	 x:  0.39902 	 t:  33.05
84 	 x:  0.435354 	 t:  33.45
85 	 x:  0.399192 	 t:  33.85
86 	 x:  0.43744 	 t:  34.26
87 	 x:  0.399516 	 t:  34.66
88 	 x:  0.434666 	 t:  35.06
89 	 x:  0.400052 	 t:  35.46
90 	 x:  0.434494 	 t:  35.86
91 	 x:  0.400568 	 t:  36.25
92 	 x:  0.433978 	 t:  36.66
93 	 x:  0.400912 	 t:  37.07
94 	 x:  0.43415 	 t:  37.47
95 	 x:  0.401428 	 t:  37.87
96 	 x:  0.433462 	 t:  38.27
97 	 x:  0.401772 	 t:  38.67
98 	 x:  0.433118 	 t:  39.07
99 	 x:  0.402116 	 t:  39.47
100 	 x:  0.432602 	 t:  39.87
101 	 x:  0.402116 	 t:  40.28
102 	 x:  0.434711 	 t:  40.67
103 	 x:  0.402632 	 t:  41.08
104 	 x:  0.431742 	 t:  41.48
105 	 x:  0.402571 	 t:  41.94
106 	 x:  0.43157 	 t:  42.28
107 	 x:  0.402471 	 t:  42.62
