Configuration 2:  

1 - 2 	 T:  0.8
1 - 3 	 T:  0.805
1 - 4 	 T:  0.8033333333333333
1 - 5 	 T:  0.8049999999999999
1 - 6 	 T:  0.8039999999999999
1 - 7 	 T:  0.805
1 - 8 	 T:  0.8042857142857143
1 - 9 	 T:  0.80375
1 - 10 	 T:  0.8044444444444445
1 - 11 	 T:  0.8039999999999999
1 - 12 	 T:  0.8045454545454546
1 - 13 	 T:  0.805
1 - 14 	 T:  0.8046153846153845
1 - 15 	 T:  0.8042857142857143
1 - 16 	 T:  0.804
1 - 17 	 T:  0.80375
1 - 18 	 T:  0.8041176470588235
1 - 19 	 T:  0.8044444444444445
1 - 20 	 T:  0.8042105263157895
1 - 21 	 T:  0.8045
1 - 22 	 T:  0.803809523809524
1 - 23 	 T:  0.8040909090909092
1 - 24 	 T:  0.8043478260869565
1 - 25 	 T:  0.8041666666666667
1 - 26 	 T:  0.8044000000000001
1 - 27 	 T:  0.8042307692307692
1 - 28 	 T:  0.804074074074074
1 - 29 	 T:  0.8039285714285714
1 - 30 	 T:  0.8041379310344827
1 - 31 	 T:  0.804
1 - 32 	 T:  0.8038709677419356
1 - 33 	 T:  0.8040625
1 - 34 	 T:  0.803939393939394
1 - 35 	 T:  0.8038235294117647
1 - 36 	 T:  0.804
1 - 37 	 T:  0.8038888888888889
1 - 38 	 T:  0.8040540540540541
1 - 39 	 T:  0.8042105263157895
1 - 40 	 T:  0.8038461538461539
1 - 41 	 T:  0.8039999999999999
1 - 42 	 T:  0.8039024390243903
1 - 43 	 T:  0.8040476190476189
1 - 44 	 T:  0.803953488372093
1 - 45 	 T:  0.8038636363636363
1 - 46 	 T:  0.8037777777777777
1 - 47 	 T:  0.8039130434782608
1 - 48 	 T:  0.8038297872340425
1 - 49 	 T:  0.80375
1 - 50 	 T:  0.803673469387755
1 - 51 	 T:  0.8036
1 - 52 	 T:  0.8037254901960783
1 - 53 	 T:  0.8036538461538462
2 - 3 	 T:  0.81
2 - 4 	 T:  0.8049999999999999
2 - 5 	 T:  0.8066666666666666
2 - 6 	 T:  0.8049999999999999
2 - 7 	 T:  0.806
2 - 8 	 T:  0.805
2 - 9 	 T:  0.8042857142857143
2 - 10 	 T:  0.805
2 - 11 	 T:  0.8044444444444444
2 - 12 	 T:  0.805
2 - 13 	 T:  0.8054545454545454
2 - 14 	 T:  0.805
2 - 15 	 T:  0.8046153846153847
2 - 16 	 T:  0.8042857142857144
2 - 17 	 T:  0.8039999999999999
2 - 18 	 T:  0.8043750000000001
2 - 19 	 T:  0.8047058823529412
2 - 20 	 T:  0.8044444444444445
2 - 21 	 T:  0.8047368421052631
2 - 22 	 T:  0.804
2 - 23 	 T:  0.8042857142857143
2 - 24 	 T:  0.8045454545454546
2 - 25 	 T:  0.8043478260869565
2 - 26 	 T:  0.8045833333333334
2 - 27 	 T:  0.8044
2 - 28 	 T:  0.8042307692307692
2 - 29 	 T:  0.804074074074074
2 - 30 	 T:  0.8042857142857143
2 - 31 	 T:  0.8041379310344827
2 - 32 	 T:  0.804
2 - 33 	 T:  0.8041935483870968
2 - 34 	 T:  0.8040625
2 - 35 	 T:  0.803939393939394
2 - 36 	 T:  0.8041176470588235
2 - 37 	 T:  0.804
2 - 38 	 T:  0.8041666666666667
2 - 39 	 T:  0.8043243243243243
2 - 40 	 T:  0.8039473684210526
2 - 41 	 T:  0.8041025641025641
2 - 42 	 T:  0.804
2 - 43 	 T:  0.8041463414634146
2 - 44 	 T:  0.8040476190476191
2 - 45 	 T:  0.803953488372093
2 - 46 	 T:  0.8038636363636363
2 - 47 	 T:  0.804
2 - 48 	 T:  0.803913043478261
2 - 49 	 T:  0.8038297872340425
2 - 50 	 T:  0.80375
2 - 51 	 T:  0.8036734693877552
2 - 52 	 T:  0.8038
2 - 53 	 T:  0.8037254901960784
3 - 4 	 T:  0.7999999999999998
3 - 5 	 T:  0.8049999999999999
3 - 6 	 T:  0.8033333333333332
3 - 7 	 T:  0.805
3 - 8 	 T:  0.8039999999999999
3 - 9 	 T:  0.8033333333333333
3 - 10 	 T:  0.8042857142857144
3 - 11 	 T:  0.80375
3 - 12 	 T:  0.8044444444444445
3 - 13 	 T:  0.805
3 - 14 	 T:  0.8045454545454546
3 - 15 	 T:  0.8041666666666667
3 - 16 	 T:  0.8038461538461539
3 - 17 	 T:  0.8035714285714286
3 - 18 	 T:  0.804
3 - 19 	 T:  0.8043750000000001
3 - 20 	 T:  0.8041176470588235
3 - 21 	 T:  0.8044444444444444
3 - 22 	 T:  0.8036842105263159
3 - 23 	 T:  0.8039999999999999
3 - 24 	 T:  0.8042857142857142
3 - 25 	 T:  0.804090909090909
3 - 26 	 T:  0.8043478260869565
3 - 27 	 T:  0.8041666666666666
3 - 28 	 T:  0.8039999999999999
3 - 29 	 T:  0.8038461538461538
3 - 30 	 T:  0.8040740740740739
3 - 31 	 T:  0.8039285714285713
3 - 32 	 T:  0.8037931034482758
3 - 33 	 T:  0.8039999999999999
3 - 34 	 T:  0.8038709677419354
3 - 35 	 T:  0.80375
3 - 36 	 T:  0.8039393939393938
3 - 37 	 T:  0.8038235294117646
3 - 38 	 T:  0.8039999999999999
3 - 39 	 T:  0.8041666666666667
3 - 40 	 T:  0.8037837837837838
3 - 41 	 T:  0.8039473684210525
3 - 42 	 T:  0.8038461538461539
3 - 43 	 T:  0.8039999999999999
3 - 44 	 T:  0.8039024390243903
3 - 45 	 T:  0.8038095238095238
3 - 46 	 T:  0.803720930232558
3 - 47 	 T:  0.8038636363636363
3 - 48 	 T:  0.8037777777777778
3 - 49 	 T:  0.803695652173913
3 - 50 	 T:  0.8036170212765956
3 - 51 	 T:  0.8035416666666667
3 - 52 	 T:  0.803673469387755
3 - 53 	 T:  0.8036
4 - 5 	 T:  0.81
4 - 6 	 T:  0.8049999999999999
4 - 7 	 T:  0.8066666666666668
4 - 8 	 T:  0.805
4 - 9 	 T:  0.8039999999999999
4 - 10 	 T:  0.805
4 - 11 	 T:  0.8042857142857142
4 - 12 	 T:  0.8049999999999999
4 - 13 	 T:  0.8055555555555556
4 - 14 	 T:  0.8049999999999999
4 - 15 	 T:  0.8045454545454546
4 - 16 	 T:  0.8041666666666667
4 - 17 	 T:  0.8038461538461538
4 - 18 	 T:  0.8042857142857143
4 - 19 	 T:  0.8046666666666666
4 - 20 	 T:  0.804375
4 - 21 	 T:  0.804705882352941
4 - 22 	 T:  0.8038888888888889
4 - 23 	 T:  0.8042105263157895
4 - 24 	 T:  0.8045
4 - 25 	 T:  0.8042857142857143
4 - 26 	 T:  0.8045454545454547
4 - 27 	 T:  0.8043478260869565
4 - 28 	 T:  0.8041666666666667
4 - 29 	 T:  0.804
4 - 30 	 T:  0.8042307692307692
4 - 31 	 T:  0.804074074074074
4 - 32 	 T:  0.8039285714285714
4 - 33 	 T:  0.8041379310344827
4 - 34 	 T:  0.804
4 - 35 	 T:  0.8038709677419356
4 - 36 	 T:  0.8040625
4 - 37 	 T:  0.803939393939394
4 - 38 	 T:  0.8041176470588235
4 - 39 	 T:  0.8042857142857144
4 - 40 	 T:  0.8038888888888889
4 - 41 	 T:  0.8040540540540541
4 - 42 	 T:  0.8039473684210527
4 - 43 	 T:  0.8041025641025641
4 - 44 	 T:  0.804
4 - 45 	 T:  0.8039024390243903
4 - 46 	 T:  0.8038095238095238
4 - 47 	 T:  0.803953488372093
4 - 48 	 T:  0.8038636363636364
4 - 49 	 T:  0.8037777777777778
4 - 50 	 T:  0.803695652173913
4 - 51 	 T:  0.8036170212765958
4 - 52 	 T:  0.80375
4 - 53 	 T:  0.8036734693877552
5 - 6 	 T:  0.7999999999999998
5 - 7 	 T:  0.8050000000000002
5 - 8 	 T:  0.8033333333333333
5 - 9 	 T:  0.8025
5 - 10 	 T:  0.804
5 - 11 	 T:  0.8033333333333332
5 - 12 	 T:  0.8042857142857143
5 - 13 	 T:  0.805
5 - 14 	 T:  0.8044444444444444
5 - 15 	 T:  0.8039999999999999
5 - 16 	 T:  0.8036363636363636
5 - 17 	 T:  0.8033333333333333
5 - 18 	 T:  0.8038461538461538
5 - 19 	 T:  0.8042857142857144
5 - 20 	 T:  0.8039999999999999
5 - 21 	 T:  0.8043749999999998
5 - 22 	 T:  0.8035294117647059
5 - 23 	 T:  0.8038888888888889
5 - 24 	 T:  0.8042105263157894
5 - 25 	 T:  0.8039999999999999
5 - 26 	 T:  0.8042857142857143
5 - 27 	 T:  0.804090909090909
5 - 28 	 T:  0.8039130434782608
5 - 29 	 T:  0.80375
5 - 30 	 T:  0.8039999999999999
5 - 31 	 T:  0.8038461538461538
5 - 32 	 T:  0.8037037037037037
5 - 33 	 T:  0.8039285714285713
5 - 34 	 T:  0.8037931034482758
5 - 35 	 T:  0.8036666666666666
5 - 36 	 T:  0.8038709677419354
5 - 37 	 T:  0.80375
5 - 38 	 T:  0.8039393939393938
5 - 39 	 T:  0.8041176470588235
5 - 40 	 T:  0.8037142857142857
5 - 41 	 T:  0.8038888888888889
5 - 42 	 T:  0.8037837837837838
5 - 43 	 T:  0.8039473684210525
5 - 44 	 T:  0.8038461538461539
5 - 45 	 T:  0.80375
5 - 46 	 T:  0.8036585365853658
5 - 47 	 T:  0.8038095238095238
5 - 48 	 T:  0.8037209302325582
5 - 49 	 T:  0.8036363636363636
5 - 50 	 T:  0.8035555555555555
5 - 51 	 T:  0.8034782608695652
5 - 52 	 T:  0.8036170212765956
5 - 53 	 T:  0.8035416666666667
6 - 7 	 T:  0.8100000000000005
6 - 8 	 T:  0.8050000000000002
6 - 9 	 T:  0.8033333333333333
6 - 10 	 T:  0.8050000000000002
6 - 11 	 T:  0.8039999999999999
6 - 12 	 T:  0.805
6 - 13 	 T:  0.8057142857142858
6 - 14 	 T:  0.8049999999999999
6 - 15 	 T:  0.8044444444444445
6 - 16 	 T:  0.804
6 - 17 	 T:  0.8036363636363636
6 - 18 	 T:  0.8041666666666667
6 - 19 	 T:  0.8046153846153847
6 - 20 	 T:  0.8042857142857143
6 - 21 	 T:  0.8046666666666665
6 - 22 	 T:  0.8037500000000001
6 - 23 	 T:  0.8041176470588235
6 - 24 	 T:  0.8044444444444444
6 - 25 	 T:  0.8042105263157895
6 - 26 	 T:  0.8045000000000002
6 - 27 	 T:  0.8042857142857143
6 - 28 	 T:  0.804090909090909
6 - 29 	 T:  0.803913043478261
6 - 30 	 T:  0.8041666666666666
6 - 31 	 T:  0.804
6 - 32 	 T:  0.8038461538461538
6 - 33 	 T:  0.804074074074074
6 - 34 	 T:  0.8039285714285713
6 - 35 	 T:  0.8037931034482759
6 - 36 	 T:  0.8039999999999999
6 - 37 	 T:  0.8038709677419356
6 - 38 	 T:  0.8040624999999999
6 - 39 	 T:  0.8042424242424242
6 - 40 	 T:  0.8038235294117646
6 - 41 	 T:  0.804
6 - 42 	 T:  0.803888888888889
6 - 43 	 T:  0.8040540540540541
6 - 44 	 T:  0.8039473684210527
6 - 45 	 T:  0.8038461538461539
6 - 46 	 T:  0.80375
6 - 47 	 T:  0.8039024390243903
6 - 48 	 T:  0.803809523809524
6 - 49 	 T:  0.8037209302325582
6 - 50 	 T:  0.8036363636363636
6 - 51 	 T:  0.8035555555555557
6 - 52 	 T:  0.803695652173913
6 - 53 	 T:  0.8036170212765958
7 - 8 	 T:  0.7999999999999998
7 - 9 	 T:  0.7999999999999998
7 - 10 	 T:  0.8033333333333333
7 - 11 	 T:  0.8024999999999998
7 - 12 	 T:  0.8039999999999999
7 - 13 	 T:  0.805
7 - 14 	 T:  0.8042857142857142
7 - 15 	 T:  0.80375
7 - 16 	 T:  0.8033333333333333
7 - 17 	 T:  0.8029999999999999
7 - 18 	 T:  0.8036363636363636
7 - 19 	 T:  0.8041666666666667
7 - 20 	 T:  0.8038461538461538
7 - 21 	 T:  0.8042857142857142
7 - 22 	 T:  0.8033333333333333
7 - 23 	 T:  0.80375
7 - 24 	 T:  0.8041176470588234
7 - 25 	 T:  0.8038888888888889
7 - 26 	 T:  0.8042105263157895
7 - 27 	 T:  0.8039999999999999
7 - 28 	 T:  0.8038095238095238
7 - 29 	 T:  0.8036363636363636
7 - 30 	 T:  0.8039130434782608
7 - 31 	 T:  0.80375
7 - 32 	 T:  0.8036
7 - 33 	 T:  0.8038461538461538
7 - 34 	 T:  0.8037037037037037
7 - 35 	 T:  0.8035714285714286
7 - 36 	 T:  0.8037931034482758
7 - 37 	 T:  0.8036666666666666
7 - 38 	 T:  0.8038709677419354
7 - 39 	 T:  0.8040625
7 - 40 	 T:  0.8036363636363636
7 - 41 	 T:  0.8038235294117646
7 - 42 	 T:  0.8037142857142858
7 - 43 	 T:  0.8038888888888889
7 - 44 	 T:  0.8037837837837838
7 - 45 	 T:  0.8036842105263158
7 - 46 	 T:  0.8035897435897434
7 - 47 	 T:  0.80375
7 - 48 	 T:  0.8036585365853659
7 - 49 	 T:  0.8035714285714286
7 - 50 	 T:  0.8034883720930232
7 - 51 	 T:  0.803409090909091
7 - 52 	 T:  0.8035555555555555
7 - 53 	 T:  0.8034782608695652
8 - 9 	 T:  0.7999999999999998
8 - 10 	 T:  0.8050000000000002
8 - 11 	 T:  0.8033333333333331
8 - 12 	 T:  0.8049999999999999
8 - 13 	 T:  0.806
8 - 14 	 T:  0.8049999999999998
8 - 15 	 T:  0.8042857142857143
8 - 16 	 T:  0.8037500000000001
8 - 17 	 T:  0.8033333333333332
8 - 18 	 T:  0.8039999999999999
8 - 19 	 T:  0.8045454545454547
8 - 20 	 T:  0.8041666666666666
8 - 21 	 T:  0.8046153846153844
8 - 22 	 T:  0.8035714285714286
8 - 23 	 T:  0.8039999999999999
8 - 24 	 T:  0.8043749999999998
8 - 25 	 T:  0.8041176470588234
8 - 26 	 T:  0.8044444444444445
8 - 27 	 T:  0.8042105263157894
8 - 28 	 T:  0.8039999999999999
8 - 29 	 T:  0.8038095238095238
8 - 30 	 T:  0.804090909090909
8 - 31 	 T:  0.8039130434782608
8 - 32 	 T:  0.80375
8 - 33 	 T:  0.8039999999999999
8 - 34 	 T:  0.8038461538461538
8 - 35 	 T:  0.8037037037037037
8 - 36 	 T:  0.8039285714285713
8 - 37 	 T:  0.8037931034482758
8 - 38 	 T:  0.8039999999999999
8 - 39 	 T:  0.8041935483870968
8 - 40 	 T:  0.80375
8 - 41 	 T:  0.8039393939393938
8 - 42 	 T:  0.8038235294117647
8 - 43 	 T:  0.8039999999999999
8 - 44 	 T:  0.8038888888888889
8 - 45 	 T:  0.8037837837837838
8 - 46 	 T:  0.8036842105263157
8 - 47 	 T:  0.8038461538461538
8 - 48 	 T:  0.8037500000000002
8 - 49 	 T:  0.8036585365853659
8 - 50 	 T:  0.8035714285714286
8 - 51 	 T:  0.8034883720930234
8 - 52 	 T:  0.8036363636363636
8 - 53 	 T:  0.8035555555555557
9 - 10 	 T:  0.8100000000000005
9 - 11 	 T:  0.8049999999999997
9 - 12 	 T:  0.8066666666666666
9 - 13 	 T:  0.8075000000000001
9 - 14 	 T:  0.8059999999999998
9 - 15 	 T:  0.805
9 - 16 	 T:  0.8042857142857144
9 - 17 	 T:  0.80375
9 - 18 	 T:  0.8044444444444445
9 - 19 	 T:  0.805
9 - 20 	 T:  0.8045454545454546
9 - 21 	 T:  0.8049999999999998
9 - 22 	 T:  0.8038461538461539
9 - 23 	 T:  0.8042857142857143
9 - 24 	 T:  0.8046666666666665
9 - 25 	 T:  0.804375
9 - 26 	 T:  0.8047058823529413
9 - 27 	 T:  0.8044444444444444
9 - 28 	 T:  0.8042105263157895
9 - 29 	 T:  0.8039999999999999
9 - 30 	 T:  0.8042857142857143
9 - 31 	 T:  0.804090909090909
9 - 32 	 T:  0.803913043478261
9 - 33 	 T:  0.8041666666666666
9 - 34 	 T:  0.804
9 - 35 	 T:  0.8038461538461538
9 - 36 	 T:  0.804074074074074
9 - 37 	 T:  0.8039285714285713
9 - 38 	 T:  0.8041379310344827
9 - 39 	 T:  0.8043333333333335
9 - 40 	 T:  0.8038709677419356
9 - 41 	 T:  0.8040624999999999
9 - 42 	 T:  0.803939393939394
9 - 43 	 T:  0.8041176470588234
9 - 44 	 T:  0.804
9 - 45 	 T:  0.8038888888888889
9 - 46 	 T:  0.8037837837837837
9 - 47 	 T:  0.8039473684210525
9 - 48 	 T:  0.8038461538461539
9 - 49 	 T:  0.80375
9 - 50 	 T:  0.8036585365853658
9 - 51 	 T:  0.8035714285714286
9 - 52 	 T:  0.803720930232558
9 - 53 	 T:  0.8036363636363636
10 - 11 	 T:  0.7999999999999989
10 - 12 	 T:  0.8049999999999997
10 - 13 	 T:  0.8066666666666666
10 - 14 	 T:  0.8049999999999997
10 - 15 	 T:  0.8039999999999999
10 - 16 	 T:  0.8033333333333333
10 - 17 	 T:  0.8028571428571427
10 - 18 	 T:  0.80375
10 - 19 	 T:  0.8044444444444445
10 - 20 	 T:  0.8039999999999999
10 - 21 	 T:  0.8045454545454543
10 - 22 	 T:  0.8033333333333333
10 - 23 	 T:  0.8038461538461538
10 - 24 	 T:  0.8042857142857142
10 - 25 	 T:  0.8039999999999999
10 - 26 	 T:  0.8043750000000001
10 - 27 	 T:  0.8041176470588234
10 - 28 	 T:  0.8038888888888889
10 - 29 	 T:  0.8036842105263158
10 - 30 	 T:  0.8039999999999999
10 - 31 	 T:  0.8038095238095238
10 - 32 	 T:  0.8036363636363636
10 - 33 	 T:  0.8039130434782608
10 - 34 	 T:  0.80375
10 - 35 	 T:  0.8036
10 - 36 	 T:  0.8038461538461538
10 - 37 	 T:  0.8037037037037037
10 - 38 	 T:  0.8039285714285713
10 - 39 	 T:  0.8041379310344827
10 - 40 	 T:  0.8036666666666666
10 - 41 	 T:  0.8038709677419354
10 - 42 	 T:  0.8037500000000001
10 - 43 	 T:  0.8039393939393938
10 - 44 	 T:  0.8038235294117647
10 - 45 	 T:  0.8037142857142857
10 - 46 	 T:  0.803611111111111
10 - 47 	 T:  0.8037837837837838
10 - 48 	 T:  0.8036842105263159
10 - 49 	 T:  0.8035897435897436
10 - 50 	 T:  0.8035
10 - 51 	 T:  0.8034146341463414
10 - 52 	 T:  0.8035714285714286
10 - 53 	 T:  0.8034883720930232
11 - 12 	 T:  0.8100000000000005
11 - 13 	 T:  0.8100000000000005
11 - 14 	 T:  0.8066666666666666
11 - 15 	 T:  0.8050000000000002
11 - 16 	 T:  0.8040000000000003
11 - 17 	 T:  0.8033333333333333
11 - 18 	 T:  0.8042857142857144
11 - 19 	 T:  0.8050000000000002
11 - 20 	 T:  0.8044444444444445
11 - 21 	 T:  0.8049999999999999
11 - 22 	 T:  0.8036363636363638
11 - 23 	 T:  0.8041666666666667
11 - 24 	 T:  0.8046153846153845
11 - 25 	 T:  0.8042857142857143
11 - 26 	 T:  0.8046666666666668
11 - 27 	 T:  0.804375
11 - 28 	 T:  0.8041176470588235
11 - 29 	 T:  0.8038888888888889
11 - 30 	 T:  0.8042105263157895
11 - 31 	 T:  0.8039999999999999
11 - 32 	 T:  0.803809523809524
11 - 33 	 T:  0.804090909090909
11 - 34 	 T:  0.803913043478261
11 - 35 	 T:  0.80375
11 - 36 	 T:  0.804
11 - 37 	 T:  0.8038461538461538
11 - 38 	 T:  0.804074074074074
11 - 39 	 T:  0.8042857142857144
11 - 40 	 T:  0.8037931034482759
11 - 41 	 T:  0.8039999999999999
11 - 42 	 T:  0.8038709677419356
11 - 43 	 T:  0.8040624999999999
11 - 44 	 T:  0.803939393939394
11 - 45 	 T:  0.8038235294117646
11 - 46 	 T:  0.8037142857142856
11 - 47 	 T:  0.8038888888888889
11 - 48 	 T:  0.8037837837837838
11 - 49 	 T:  0.8036842105263158
11 - 50 	 T:  0.8035897435897434
11 - 51 	 T:  0.8035
11 - 52 	 T:  0.8036585365853658
11 - 53 	 T:  0.8035714285714286
12 - 13 	 T:  0.8100000000000005
12 - 14 	 T:  0.8049999999999997
12 - 15 	 T:  0.8033333333333333
12 - 16 	 T:  0.8025000000000002
12 - 17 	 T:  0.8019999999999999
12 - 18 	 T:  0.8033333333333333
12 - 19 	 T:  0.8042857142857144
12 - 20 	 T:  0.80375
12 - 21 	 T:  0.8044444444444443
12 - 22 	 T:  0.8030000000000002
12 - 23 	 T:  0.8036363636363636
12 - 24 	 T:  0.8041666666666666
12 - 25 	 T:  0.8038461538461538
12 - 26 	 T:  0.8042857142857144
12 - 27 	 T:  0.8039999999999999
12 - 28 	 T:  0.80375
12 - 29 	 T:  0.8035294117647059
12 - 30 	 T:  0.8038888888888889
12 - 31 	 T:  0.8036842105263158
12 - 32 	 T:  0.8035
12 - 33 	 T:  0.8038095238095238
12 - 34 	 T:  0.8036363636363636
12 - 35 	 T:  0.8034782608695652
12 - 36 	 T:  0.80375
12 - 37 	 T:  0.8036
12 - 38 	 T:  0.8038461538461538
12 - 39 	 T:  0.804074074074074
12 - 40 	 T:  0.8035714285714286
12 - 41 	 T:  0.8037931034482758
12 - 42 	 T:  0.8036666666666668
12 - 43 	 T:  0.8038709677419354
12 - 44 	 T:  0.8037500000000001
12 - 45 	 T:  0.8036363636363636
12 - 46 	 T:  0.8035294117647058
12 - 47 	 T:  0.8037142857142857
12 - 48 	 T:  0.8036111111111112
12 - 49 	 T:  0.8035135135135135
12 - 50 	 T:  0.8034210526315789
12 - 51 	 T:  0.8033333333333333
12 - 52 	 T:  0.8035
12 - 53 	 T:  0.8034146341463414
13 - 14 	 T:  0.7999999999999989
13 - 15 	 T:  0.7999999999999998
13 - 16 	 T:  0.8000000000000002
13 - 17 	 T:  0.7999999999999998
13 - 18 	 T:  0.8019999999999999
13 - 19 	 T:  0.8033333333333333
13 - 20 	 T:  0.8028571428571427
13 - 21 	 T:  0.8037499999999997
13 - 22 	 T:  0.8022222222222223
13 - 23 	 T:  0.8029999999999999
13 - 24 	 T:  0.8036363636363635
13 - 25 	 T:  0.8033333333333332
13 - 26 	 T:  0.8038461538461539
13 - 27 	 T:  0.8035714285714285
13 - 28 	 T:  0.8033333333333332
13 - 29 	 T:  0.803125
13 - 30 	 T:  0.8035294117647058
13 - 31 	 T:  0.8033333333333332
13 - 32 	 T:  0.8031578947368421
13 - 33 	 T:  0.8035
13 - 34 	 T:  0.8033333333333332
13 - 35 	 T:  0.8031818181818182
13 - 36 	 T:  0.8034782608695651
13 - 37 	 T:  0.8033333333333333
13 - 38 	 T:  0.8035999999999999
13 - 39 	 T:  0.8038461538461538
13 - 40 	 T:  0.8033333333333332
13 - 41 	 T:  0.8035714285714286
13 - 42 	 T:  0.8034482758620691
13 - 43 	 T:  0.8036666666666666
13 - 44 	 T:  0.8035483870967743
13 - 45 	 T:  0.8034375
13 - 46 	 T:  0.8033333333333332
13 - 47 	 T:  0.8035294117647059
13 - 48 	 T:  0.8034285714285716
13 - 49 	 T:  0.8033333333333333
13 - 50 	 T:  0.8032432432432433
13 - 51 	 T:  0.8031578947368422
13 - 52 	 T:  0.8033333333333333
13 - 53 	 T:  0.80325
14 - 15 	 T:  0.8000000000000007
14 - 16 	 T:  0.8000000000000007
14 - 17 	 T:  0.8000000000000002
14 - 18 	 T:  0.8025000000000002
14 - 19 	 T:  0.8040000000000003
14 - 20 	 T:  0.8033333333333333
14 - 21 	 T:  0.8042857142857142
14 - 22 	 T:  0.8025000000000002
14 - 23 	 T:  0.8033333333333333
14 - 24 	 T:  0.8039999999999999
14 - 25 	 T:  0.8036363636363636
14 - 26 	 T:  0.8041666666666668
14 - 27 	 T:  0.8038461538461538
14 - 28 	 T:  0.8035714285714286
14 - 29 	 T:  0.8033333333333333
14 - 30 	 T:  0.80375
14 - 31 	 T:  0.8035294117647059
14 - 32 	 T:  0.8033333333333333
14 - 33 	 T:  0.8036842105263158
14 - 34 	 T:  0.8035
14 - 35 	 T:  0.8033333333333333
14 - 36 	 T:  0.8036363636363636
14 - 37 	 T:  0.8034782608695652
14 - 38 	 T:  0.80375
14 - 39 	 T:  0.804
14 - 40 	 T:  0.8034615384615384
14 - 41 	 T:  0.8037037037037037
14 - 42 	 T:  0.8035714285714287
14 - 43 	 T:  0.8037931034482758
14 - 44 	 T:  0.8036666666666668
14 - 45 	 T:  0.8035483870967742
14 - 46 	 T:  0.8034374999999999
14 - 47 	 T:  0.8036363636363636
14 - 48 	 T:  0.803529411764706
14 - 49 	 T:  0.8034285714285715
14 - 50 	 T:  0.8033333333333332
14 - 51 	 T:  0.8032432432432433
14 - 52 	 T:  0.8034210526315789
14 - 53 	 T:  0.8033333333333333
15 - 16 	 T:  0.8000000000000007
15 - 17 	 T:  0.7999999999999998
15 - 18 	 T:  0.8033333333333333
15 - 19 	 T:  0.8050000000000002
15 - 20 	 T:  0.8039999999999999
15 - 21 	 T:  0.8049999999999997
15 - 22 	 T:  0.802857142857143
15 - 23 	 T:  0.80375
15 - 24 	 T:  0.8044444444444443
15 - 25 	 T:  0.8039999999999999
15 - 26 	 T:  0.8045454545454547
15 - 27 	 T:  0.8041666666666666
15 - 28 	 T:  0.8038461538461538
15 - 29 	 T:  0.8035714285714286
15 - 30 	 T:  0.8039999999999999
15 - 31 	 T:  0.80375
15 - 32 	 T:  0.8035294117647059
15 - 33 	 T:  0.8038888888888889
15 - 34 	 T:  0.8036842105263158
15 - 35 	 T:  0.8035
15 - 36 	 T:  0.8038095238095238
15 - 37 	 T:  0.8036363636363636
15 - 38 	 T:  0.8039130434782608
15 - 39 	 T:  0.8041666666666667
15 - 40 	 T:  0.8036
15 - 41 	 T:  0.8038461538461538
15 - 42 	 T:  0.8037037037037038
15 - 43 	 T:  0.8039285714285713
15 - 44 	 T:  0.8037931034482759
15 - 45 	 T:  0.8036666666666666
15 - 46 	 T:  0.8035483870967741
15 - 47 	 T:  0.80375
15 - 48 	 T:  0.8036363636363637
15 - 49 	 T:  0.8035294117647059
15 - 50 	 T:  0.8034285714285714
15 - 51 	 T:  0.8033333333333333
15 - 52 	 T:  0.8035135135135134
15 - 53 	 T:  0.8034210526315789
16 - 17 	 T:  0.7999999999999989
16 - 18 	 T:  0.8049999999999997
16 - 19 	 T:  0.8066666666666666
16 - 20 	 T:  0.8049999999999997
16 - 21 	 T:  0.8059999999999995
16 - 22 	 T:  0.8033333333333333
16 - 23 	 T:  0.8042857142857142
16 - 24 	 T:  0.8049999999999997
16 - 25 	 T:  0.8044444444444443
16 - 26 	 T:  0.805
16 - 27 	 T:  0.8045454545454543
16 - 28 	 T:  0.8041666666666666
16 - 29 	 T:  0.8038461538461538
16 - 30 	 T:  0.8042857142857142
16 - 31 	 T:  0.8039999999999999
16 - 32 	 T:  0.80375
16 - 33 	 T:  0.8041176470588234
16 - 34 	 T:  0.8038888888888889
16 - 35 	 T:  0.8036842105263158
16 - 36 	 T:  0.8039999999999999
16 - 37 	 T:  0.8038095238095238
16 - 38 	 T:  0.804090909090909
16 - 39 	 T:  0.8043478260869565
16 - 40 	 T:  0.80375
16 - 41 	 T:  0.8039999999999999
16 - 42 	 T:  0.8038461538461539
16 - 43 	 T:  0.8040740740740739
16 - 44 	 T:  0.8039285714285714
16 - 45 	 T:  0.8037931034482758
16 - 46 	 T:  0.8036666666666665
16 - 47 	 T:  0.8038709677419354
16 - 48 	 T:  0.8037500000000001
16 - 49 	 T:  0.8036363636363636
16 - 50 	 T:  0.8035294117647058
16 - 51 	 T:  0.8034285714285715
16 - 52 	 T:  0.803611111111111
16 - 53 	 T:  0.8035135135135135
17 - 18 	 T:  0.8100000000000005
17 - 19 	 T:  0.8100000000000005
17 - 20 	 T:  0.8066666666666666
17 - 21 	 T:  0.8074999999999997
17 - 22 	 T:  0.8040000000000003
17 - 23 	 T:  0.805
17 - 24 	 T:  0.8057142857142855
17 - 25 	 T:  0.8049999999999999
17 - 26 	 T:  0.8055555555555558
17 - 27 	 T:  0.8049999999999999
17 - 28 	 T:  0.8045454545454546
17 - 29 	 T:  0.8041666666666667
17 - 30 	 T:  0.8046153846153845
17 - 31 	 T:  0.8042857142857143
17 - 32 	 T:  0.804
17 - 33 	 T:  0.804375
17 - 34 	 T:  0.8041176470588235
17 - 35 	 T:  0.8038888888888889
17 - 36 	 T:  0.8042105263157895
17 - 37 	 T:  0.8039999999999999
17 - 38 	 T:  0.8042857142857143
17 - 39 	 T:  0.8045454545454547
17 - 40 	 T:  0.803913043478261
17 - 41 	 T:  0.8041666666666666
17 - 42 	 T:  0.804
17 - 43 	 T:  0.8042307692307691
17 - 44 	 T:  0.804074074074074
17 - 45 	 T:  0.8039285714285713
17 - 46 	 T:  0.8037931034482757
17 - 47 	 T:  0.8039999999999999
17 - 48 	 T:  0.8038709677419356
17 - 49 	 T:  0.80375
17 - 50 	 T:  0.8036363636363635
17 - 51 	 T:  0.8035294117647059
17 - 52 	 T:  0.8037142857142856
17 - 53 	 T:  0.803611111111111
18 - 19 	 T:  0.8100000000000005
18 - 20 	 T:  0.8049999999999997
18 - 21 	 T:  0.8066666666666661
18 - 22 	 T:  0.8025000000000002
18 - 23 	 T:  0.8039999999999999
18 - 24 	 T:  0.8049999999999997
18 - 25 	 T:  0.8042857142857142
18 - 26 	 T:  0.8050000000000002
18 - 27 	 T:  0.8044444444444443
18 - 28 	 T:  0.8039999999999999
18 - 29 	 T:  0.8036363636363636
18 - 30 	 T:  0.8041666666666666
18 - 31 	 T:  0.8038461538461538
18 - 32 	 T:  0.8035714285714286
18 - 33 	 T:  0.8039999999999999
18 - 34 	 T:  0.80375
18 - 35 	 T:  0.8035294117647059
18 - 36 	 T:  0.8038888888888889
18 - 37 	 T:  0.8036842105263158
18 - 38 	 T:  0.8039999999999999
18 - 39 	 T:  0.8042857142857143
18 - 40 	 T:  0.8036363636363636
18 - 41 	 T:  0.8039130434782608
18 - 42 	 T:  0.8037500000000001
18 - 43 	 T:  0.8039999999999999
18 - 44 	 T:  0.8038461538461539
18 - 45 	 T:  0.8037037037037037
18 - 46 	 T:  0.8035714285714285
18 - 47 	 T:  0.8037931034482758
18 - 48 	 T:  0.8036666666666668
18 - 49 	 T:  0.8035483870967742
18 - 50 	 T:  0.8034374999999999
18 - 51 	 T:  0.8033333333333333
18 - 52 	 T:  0.8035294117647058
18 - 53 	 T:  0.8034285714285715
19 - 20 	 T:  0.7999999999999989
19 - 21 	 T:  0.8049999999999988
19 - 22 	 T:  0.8000000000000002
19 - 23 	 T:  0.8024999999999998
19 - 24 	 T:  0.8039999999999996
19 - 25 	 T:  0.8033333333333331
19 - 26 	 T:  0.8042857142857144
19 - 27 	 T:  0.8037499999999997
19 - 28 	 T:  0.8033333333333332
19 - 29 	 T:  0.8029999999999999
19 - 30 	 T:  0.8036363636363635
19 - 31 	 T:  0.8033333333333332
19 - 32 	 T:  0.803076923076923
19 - 33 	 T:  0.8035714285714285
19 - 34 	 T:  0.8033333333333332
19 - 35 	 T:  0.803125
19 - 36 	 T:  0.8035294117647058
19 - 37 	 T:  0.8033333333333332
19 - 38 	 T:  0.8036842105263157
19 - 39 	 T:  0.8039999999999999
19 - 40 	 T:  0.8033333333333332
19 - 41 	 T:  0.8036363636363636
19 - 42 	 T:  0.8034782608695654
19 - 43 	 T:  0.80375
19 - 44 	 T:  0.8036000000000001
19 - 45 	 T:  0.8034615384615384
19 - 46 	 T:  0.8033333333333332
19 - 47 	 T:  0.8035714285714286
19 - 48 	 T:  0.8034482758620691
19 - 49 	 T:  0.8033333333333333
19 - 50 	 T:  0.8032258064516129
19 - 51 	 T:  0.8031250000000001
19 - 52 	 T:  0.8033333333333332
19 - 53 	 T:  0.8032352941176472
20 - 21 	 T:  0.8099999999999987
20 - 22 	 T:  0.8000000000000007
20 - 23 	 T:  0.8033333333333333
20 - 24 	 T:  0.8049999999999997
20 - 25 	 T:  0.8039999999999999
20 - 26 	 T:  0.8050000000000003
20 - 27 	 T:  0.8042857142857142
20 - 28 	 T:  0.80375
20 - 29 	 T:  0.8033333333333333
20 - 30 	 T:  0.8039999999999999
20 - 31 	 T:  0.8036363636363636
20 - 32 	 T:  0.8033333333333333
20 - 33 	 T:  0.8038461538461538
20 - 34 	 T:  0.8035714285714286
20 - 35 	 T:  0.8033333333333333
20 - 36 	 T:  0.80375
20 - 37 	 T:  0.8035294117647059
20 - 38 	 T:  0.8038888888888889
20 - 39 	 T:  0.8042105263157895
20 - 40 	 T:  0.8035
20 - 41 	 T:  0.8038095238095238
20 - 42 	 T:  0.8036363636363638
20 - 43 	 T:  0.8039130434782608
20 - 44 	 T:  0.8037500000000001
20 - 45 	 T:  0.8036
20 - 46 	 T:  0.8034615384615383
20 - 47 	 T:  0.8037037037037037
20 - 48 	 T:  0.8035714285714287
20 - 49 	 T:  0.803448275862069
20 - 50 	 T:  0.8033333333333332
20 - 51 	 T:  0.803225806451613
20 - 52 	 T:  0.8034374999999999
20 - 53 	 T:  0.8033333333333333
21 - 22 	 T:  0.7900000000000027
21 - 23 	 T:  0.8000000000000007
21 - 24 	 T:  0.8033333333333333
21 - 25 	 T:  0.8025000000000002
21 - 26 	 T:  0.8040000000000006
21 - 27 	 T:  0.8033333333333333
21 - 28 	 T:  0.802857142857143
21 - 29 	 T:  0.8025000000000002
21 - 30 	 T:  0.8033333333333333
21 - 31 	 T:  0.8030000000000002
21 - 32 	 T:  0.8027272727272728
21 - 33 	 T:  0.8033333333333333
21 - 34 	 T:  0.8030769230769231
21 - 35 	 T:  0.802857142857143
21 - 36 	 T:  0.8033333333333333
21 - 37 	 T:  0.8031250000000001
21 - 38 	 T:  0.8035294117647059
21 - 39 	 T:  0.803888888888889
21 - 40 	 T:  0.8031578947368422
21 - 41 	 T:  0.8035
21 - 42 	 T:  0.8033333333333336
21 - 43 	 T:  0.8036363636363636
21 - 44 	 T:  0.8034782608695654
21 - 45 	 T:  0.8033333333333333
21 - 46 	 T:  0.8031999999999999
21 - 47 	 T:  0.8034615384615384
21 - 48 	 T:  0.8033333333333336
21 - 49 	 T:  0.8032142857142858
21 - 50 	 T:  0.803103448275862
21 - 51 	 T:  0.8030000000000002
21 - 52 	 T:  0.8032258064516129
21 - 53 	 T:  0.8031250000000001
22 - 23 	 T:  0.8099999999999987
22 - 24 	 T:  0.8099999999999987
22 - 25 	 T:  0.8066666666666661
22 - 26 	 T:  0.8075000000000001
22 - 27 	 T:  0.8059999999999995
22 - 28 	 T:  0.8049999999999997
22 - 29 	 T:  0.8042857142857142
22 - 30 	 T:  0.8049999999999997
22 - 31 	 T:  0.8044444444444443
22 - 32 	 T:  0.8039999999999999
22 - 33 	 T:  0.8045454545454543
22 - 34 	 T:  0.8041666666666666
22 - 35 	 T:  0.8038461538461538
22 - 36 	 T:  0.8042857142857142
22 - 37 	 T:  0.8039999999999999
22 - 38 	 T:  0.8043749999999998
22 - 39 	 T:  0.8047058823529412
22 - 40 	 T:  0.8038888888888889
22 - 41 	 T:  0.8042105263157894
22 - 42 	 T:  0.804
22 - 43 	 T:  0.8042857142857142
22 - 44 	 T:  0.8040909090909092
22 - 45 	 T:  0.8039130434782608
22 - 46 	 T:  0.8037499999999999
22 - 47 	 T:  0.8039999999999999
22 - 48 	 T:  0.8038461538461539
22 - 49 	 T:  0.8037037037037037
22 - 50 	 T:  0.8035714285714285
22 - 51 	 T:  0.803448275862069
22 - 52 	 T:  0.8036666666666665
22 - 53 	 T:  0.8035483870967742
23 - 24 	 T:  0.8099999999999987
23 - 25 	 T:  0.8049999999999997
23 - 26 	 T:  0.8066666666666672
23 - 27 	 T:  0.8049999999999997
23 - 28 	 T:  0.8039999999999999
23 - 29 	 T:  0.8033333333333333
23 - 30 	 T:  0.8042857142857142
23 - 31 	 T:  0.80375
23 - 32 	 T:  0.8033333333333333
23 - 33 	 T:  0.8039999999999999
23 - 34 	 T:  0.8036363636363636
23 - 35 	 T:  0.8033333333333333
23 - 36 	 T:  0.8038461538461538
23 - 37 	 T:  0.8035714285714286
23 - 38 	 T:  0.8039999999999999
23 - 39 	 T:  0.8043750000000001
23 - 40 	 T:  0.8035294117647059
23 - 41 	 T:  0.8038888888888889
23 - 42 	 T:  0.803684210526316
23 - 43 	 T:  0.8039999999999999
23 - 44 	 T:  0.803809523809524
23 - 45 	 T:  0.8036363636363636
23 - 46 	 T:  0.8034782608695651
23 - 47 	 T:  0.80375
23 - 48 	 T:  0.8036000000000001
23 - 49 	 T:  0.8034615384615384
23 - 50 	 T:  0.8033333333333332
23 - 51 	 T:  0.8032142857142858
23 - 52 	 T:  0.8034482758620689
23 - 53 	 T:  0.8033333333333333
24 - 25 	 T:  0.8000000000000007
24 - 26 	 T:  0.8050000000000015
24 - 27 	 T:  0.8033333333333333
24 - 28 	 T:  0.8025000000000002
24 - 29 	 T:  0.8020000000000003
24 - 30 	 T:  0.8033333333333333
24 - 31 	 T:  0.802857142857143
24 - 32 	 T:  0.8025000000000002
24 - 33 	 T:  0.8033333333333333
24 - 34 	 T:  0.8030000000000002
24 - 35 	 T:  0.8027272727272728
24 - 36 	 T:  0.8033333333333333
24 - 37 	 T:  0.8030769230769231
24 - 38 	 T:  0.8035714285714286
24 - 39 	 T:  0.8040000000000002
24 - 40 	 T:  0.8031250000000001
24 - 41 	 T:  0.8035294117647059
24 - 42 	 T:  0.8033333333333336
24 - 43 	 T:  0.8036842105263158
24 - 44 	 T:  0.8035000000000002
24 - 45 	 T:  0.8033333333333333
24 - 46 	 T:  0.8031818181818181
24 - 47 	 T:  0.8034782608695652
24 - 48 	 T:  0.8033333333333336
24 - 49 	 T:  0.8032
24 - 50 	 T:  0.803076923076923
24 - 51 	 T:  0.8029629629629631
24 - 52 	 T:  0.8032142857142857
24 - 53 	 T:  0.8031034482758621
25 - 26 	 T:  0.8100000000000023
25 - 27 	 T:  0.8049999999999997
25 - 28 	 T:  0.8033333333333333
25 - 29 	 T:  0.8025000000000002
25 - 30 	 T:  0.8039999999999999
25 - 31 	 T:  0.8033333333333333
25 - 32 	 T:  0.802857142857143
25 - 33 	 T:  0.80375
25 - 34 	 T:  0.8033333333333333
25 - 35 	 T:  0.8030000000000002
25 - 36 	 T:  0.8036363636363636
25 - 37 	 T:  0.8033333333333333
25 - 38 	 T:  0.8038461538461538
25 - 39 	 T:  0.8042857142857144
25 - 40 	 T:  0.8033333333333333
25 - 41 	 T:  0.80375
25 - 42 	 T:  0.803529411764706
25 - 43 	 T:  0.8038888888888889
25 - 44 	 T:  0.803684210526316
25 - 45 	 T:  0.8035
25 - 46 	 T:  0.8033333333333332
25 - 47 	 T:  0.8036363636363636
25 - 48 	 T:  0.8034782608695654
25 - 49 	 T:  0.8033333333333333
25 - 50 	 T:  0.8031999999999999
25 - 51 	 T:  0.8030769230769231
25 - 52 	 T:  0.8033333333333332
25 - 53 	 T:  0.8032142857142858
26 - 27 	 T:  0.7999999999999972
26 - 28 	 T:  0.7999999999999989
26 - 29 	 T:  0.7999999999999995
26 - 30 	 T:  0.8024999999999993
26 - 31 	 T:  0.8019999999999996
26 - 32 	 T:  0.8016666666666664
26 - 33 	 T:  0.8028571428571425
26 - 34 	 T:  0.8024999999999998
26 - 35 	 T:  0.8022222222222221
26 - 36 	 T:  0.8029999999999997
26 - 37 	 T:  0.8027272727272726
26 - 38 	 T:  0.8033333333333331
26 - 39 	 T:  0.8038461538461538
26 - 40 	 T:  0.8028571428571427
26 - 41 	 T:  0.8033333333333331
26 - 42 	 T:  0.8031250000000001
26 - 43 	 T:  0.8035294117647057
26 - 44 	 T:  0.8033333333333333
26 - 45 	 T:  0.803157894736842
26 - 46 	 T:  0.8029999999999997
26 - 47 	 T:  0.8033333333333332
26 - 48 	 T:  0.8031818181818182
26 - 49 	 T:  0.8030434782608695
26 - 50 	 T:  0.8029166666666665
26 - 51 	 T:  0.8028
26 - 52 	 T:  0.8030769230769229
26 - 53 	 T:  0.802962962962963
27 - 28 	 T:  0.8000000000000007
27 - 29 	 T:  0.8000000000000007
27 - 30 	 T:  0.8033333333333333
27 - 31 	 T:  0.8025000000000002
27 - 32 	 T:  0.8020000000000003
27 - 33 	 T:  0.8033333333333333
27 - 34 	 T:  0.802857142857143
27 - 35 	 T:  0.8025000000000002
27 - 36 	 T:  0.8033333333333333
27 - 37 	 T:  0.8030000000000002
27 - 38 	 T:  0.8036363636363636
27 - 39 	 T:  0.8041666666666668
27 - 40 	 T:  0.8030769230769231
27 - 41 	 T:  0.8035714285714286
27 - 42 	 T:  0.8033333333333336
27 - 43 	 T:  0.80375
27 - 44 	 T:  0.803529411764706
27 - 45 	 T:  0.8033333333333333
27 - 46 	 T:  0.803157894736842
27 - 47 	 T:  0.8035
27 - 48 	 T:  0.8033333333333336
27 - 49 	 T:  0.8031818181818182
27 - 50 	 T:  0.8030434782608695
27 - 51 	 T:  0.8029166666666668
27 - 52 	 T:  0.8031999999999999
27 - 53 	 T:  0.8030769230769231
28 - 29 	 T:  0.8000000000000007
28 - 30 	 T:  0.8049999999999997
28 - 31 	 T:  0.8033333333333333
28 - 32 	 T:  0.8025000000000002
28 - 33 	 T:  0.8039999999999999
28 - 34 	 T:  0.8033333333333333
28 - 35 	 T:  0.802857142857143
28 - 36 	 T:  0.80375
28 - 37 	 T:  0.8033333333333333
28 - 38 	 T:  0.8039999999999999
28 - 39 	 T:  0.8045454545454547
28 - 40 	 T:  0.8033333333333333
28 - 41 	 T:  0.8038461538461538
28 - 42 	 T:  0.8035714285714288
28 - 43 	 T:  0.8039999999999999
28 - 44 	 T:  0.8037500000000002
28 - 45 	 T:  0.8035294117647059
28 - 46 	 T:  0.8033333333333332
28 - 47 	 T:  0.8036842105263158
28 - 48 	 T:  0.8035000000000002
28 - 49 	 T:  0.8033333333333333
28 - 50 	 T:  0.8031818181818181
28 - 51 	 T:  0.8030434782608696
28 - 52 	 T:  0.8033333333333332
28 - 53 	 T:  0.8032
29 - 30 	 T:  0.8099999999999987
29 - 31 	 T:  0.8049999999999997
29 - 32 	 T:  0.8033333333333333
29 - 33 	 T:  0.8049999999999997
29 - 34 	 T:  0.8039999999999999
29 - 35 	 T:  0.8033333333333333
29 - 36 	 T:  0.8042857142857142
29 - 37 	 T:  0.80375
29 - 38 	 T:  0.8044444444444443
29 - 39 	 T:  0.805
29 - 40 	 T:  0.8036363636363636
29 - 41 	 T:  0.8041666666666666
29 - 42 	 T:  0.8038461538461541
29 - 43 	 T:  0.8042857142857142
29 - 44 	 T:  0.8040000000000002
29 - 45 	 T:  0.80375
29 - 46 	 T:  0.8035294117647057
29 - 47 	 T:  0.8038888888888889
29 - 48 	 T:  0.803684210526316
29 - 49 	 T:  0.8035
29 - 50 	 T:  0.8033333333333332
29 - 51 	 T:  0.8031818181818182
29 - 52 	 T:  0.8034782608695651
29 - 53 	 T:  0.8033333333333333
30 - 31 	 T:  0.8000000000000007
30 - 32 	 T:  0.8000000000000007
30 - 33 	 T:  0.8033333333333333
30 - 34 	 T:  0.8025000000000002
30 - 35 	 T:  0.8020000000000003
30 - 36 	 T:  0.8033333333333333
30 - 37 	 T:  0.802857142857143
30 - 38 	 T:  0.80375
30 - 39 	 T:  0.8044444444444446
30 - 40 	 T:  0.8030000000000002
30 - 41 	 T:  0.8036363636363636
30 - 42 	 T:  0.8033333333333337
30 - 43 	 T:  0.8038461538461538
30 - 44 	 T:  0.8035714285714288
30 - 45 	 T:  0.8033333333333333
30 - 46 	 T:  0.8031249999999999
30 - 47 	 T:  0.8035294117647059
30 - 48 	 T:  0.8033333333333336
30 - 49 	 T:  0.8031578947368422
30 - 50 	 T:  0.8029999999999999
30 - 51 	 T:  0.802857142857143
30 - 52 	 T:  0.8031818181818181
30 - 53 	 T:  0.8030434782608696
31 - 32 	 T:  0.8000000000000007
31 - 33 	 T:  0.8049999999999997
31 - 34 	 T:  0.8033333333333333
31 - 35 	 T:  0.8025000000000002
31 - 36 	 T:  0.8039999999999999
31 - 37 	 T:  0.8033333333333333
31 - 38 	 T:  0.8042857142857142
31 - 39 	 T:  0.8050000000000002
31 - 40 	 T:  0.8033333333333333
31 - 41 	 T:  0.8039999999999999
31 - 42 	 T:  0.8036363636363639
31 - 43 	 T:  0.8041666666666666
31 - 44 	 T:  0.8038461538461541
31 - 45 	 T:  0.8035714285714286
31 - 46 	 T:  0.8033333333333331
31 - 47 	 T:  0.80375
31 - 48 	 T:  0.803529411764706
31 - 49 	 T:  0.8033333333333333
31 - 50 	 T:  0.803157894736842
31 - 51 	 T:  0.8030000000000002
31 - 52 	 T:  0.8033333333333332
31 - 53 	 T:  0.8031818181818182
32 - 33 	 T:  0.8099999999999987
32 - 34 	 T:  0.8049999999999997
32 - 35 	 T:  0.8033333333333333
32 - 36 	 T:  0.8049999999999997
32 - 37 	 T:  0.8039999999999999
32 - 38 	 T:  0.8049999999999997
32 - 39 	 T:  0.8057142857142858
32 - 40 	 T:  0.80375
32 - 41 	 T:  0.8044444444444443
32 - 42 	 T:  0.8040000000000003
32 - 43 	 T:  0.8045454545454543
32 - 44 	 T:  0.8041666666666668
32 - 45 	 T:  0.8038461538461538
32 - 46 	 T:  0.8035714285714283
32 - 47 	 T:  0.8039999999999999
32 - 48 	 T:  0.8037500000000002
32 - 49 	 T:  0.8035294117647059
32 - 50 	 T:  0.8033333333333332
32 - 51 	 T:  0.8031578947368422
32 - 52 	 T:  0.8034999999999999
32 - 53 	 T:  0.8033333333333333
33 - 34 	 T:  0.8000000000000007
33 - 35 	 T:  0.8000000000000007
33 - 36 	 T:  0.8033333333333333
33 - 37 	 T:  0.8025000000000002
33 - 38 	 T:  0.8039999999999999
33 - 39 	 T:  0.8050000000000003
33 - 40 	 T:  0.802857142857143
33 - 41 	 T:  0.80375
33 - 42 	 T:  0.8033333333333338
33 - 43 	 T:  0.8039999999999999
33 - 44 	 T:  0.8036363636363639
33 - 45 	 T:  0.8033333333333333
33 - 46 	 T:  0.8030769230769229
33 - 47 	 T:  0.8035714285714286
33 - 48 	 T:  0.8033333333333336
33 - 49 	 T:  0.8031250000000001
33 - 50 	 T:  0.8029411764705882
33 - 51 	 T:  0.8027777777777779
33 - 52 	 T:  0.803157894736842
33 - 53 	 T:  0.8030000000000002
34 - 35 	 T:  0.8000000000000007
34 - 36 	 T:  0.8049999999999997
34 - 37 	 T:  0.8033333333333333
34 - 38 	 T:  0.8049999999999997
34 - 39 	 T:  0.8060000000000003
34 - 40 	 T:  0.8033333333333333
34 - 41 	 T:  0.8042857142857142
34 - 42 	 T:  0.8037500000000004
34 - 43 	 T:  0.8044444444444443
34 - 44 	 T:  0.8040000000000003
34 - 45 	 T:  0.8036363636363636
34 - 46 	 T:  0.8033333333333331
34 - 47 	 T:  0.8038461538461538
34 - 48 	 T:  0.8035714285714288
34 - 49 	 T:  0.8033333333333333
34 - 50 	 T:  0.8031249999999999
34 - 51 	 T:  0.8029411764705884
34 - 52 	 T:  0.8033333333333332
34 - 53 	 T:  0.8031578947368422
35 - 36 	 T:  0.8099999999999987
35 - 37 	 T:  0.8049999999999997
35 - 38 	 T:  0.8066666666666661
35 - 39 	 T:  0.8075000000000001
35 - 40 	 T:  0.8039999999999999
35 - 41 	 T:  0.8049999999999997
35 - 42 	 T:  0.8042857142857146
35 - 43 	 T:  0.8049999999999997
35 - 44 	 T:  0.8044444444444446
35 - 45 	 T:  0.8039999999999999
35 - 46 	 T:  0.8036363636363633
35 - 47 	 T:  0.8041666666666666
35 - 48 	 T:  0.8038461538461541
35 - 49 	 T:  0.8035714285714286
35 - 50 	 T:  0.8033333333333331
35 - 51 	 T:  0.8031250000000001
35 - 52 	 T:  0.8035294117647057
35 - 53 	 T:  0.8033333333333333
36 - 37 	 T:  0.8000000000000007
36 - 38 	 T:  0.8049999999999997
36 - 39 	 T:  0.8066666666666672
36 - 40 	 T:  0.8025000000000002
36 - 41 	 T:  0.8039999999999999
36 - 42 	 T:  0.803333333333334
36 - 43 	 T:  0.8042857142857142
36 - 44 	 T:  0.8037500000000004
36 - 45 	 T:  0.8033333333333333
36 - 46 	 T:  0.8029999999999997
36 - 47 	 T:  0.8036363636363636
36 - 48 	 T:  0.8033333333333337
36 - 49 	 T:  0.8030769230769231
36 - 50 	 T:  0.8028571428571427
36 - 51 	 T:  0.8026666666666669
36 - 52 	 T:  0.8031249999999999
36 - 53 	 T:  0.8029411764705884
37 - 38 	 T:  0.8099999999999987
37 - 39 	 T:  0.8100000000000005
37 - 40 	 T:  0.8033333333333333
37 - 41 	 T:  0.8049999999999997
37 - 42 	 T:  0.8040000000000006
37 - 43 	 T:  0.8049999999999997
37 - 44 	 T:  0.8042857142857146
37 - 45 	 T:  0.80375
37 - 46 	 T:  0.803333333333333
37 - 47 	 T:  0.8039999999999999
37 - 48 	 T:  0.8036363636363639
37 - 49 	 T:  0.8033333333333333
37 - 50 	 T:  0.8030769230769229
37 - 51 	 T:  0.802857142857143
37 - 52 	 T:  0.8033333333333331
37 - 53 	 T:  0.8031250000000001
38 - 39 	 T:  0.8100000000000023
38 - 40 	 T:  0.8000000000000007
38 - 41 	 T:  0.8033333333333333
38 - 42 	 T:  0.8025000000000011
38 - 43 	 T:  0.8039999999999999
38 - 44 	 T:  0.803333333333334
38 - 45 	 T:  0.802857142857143
38 - 46 	 T:  0.8024999999999998
38 - 47 	 T:  0.8033333333333333
38 - 48 	 T:  0.8030000000000005
38 - 49 	 T:  0.8027272727272728
38 - 50 	 T:  0.8024999999999999
38 - 51 	 T:  0.8023076923076926
38 - 52 	 T:  0.8028571428571427
38 - 53 	 T:  0.8026666666666669
39 - 40 	 T:  0.7899999999999991
39 - 41 	 T:  0.7999999999999989
39 - 42 	 T:  0.8000000000000007
39 - 43 	 T:  0.8024999999999993
39 - 44 	 T:  0.8020000000000003
39 - 45 	 T:  0.8016666666666664
39 - 46 	 T:  0.8014285714285708
39 - 47 	 T:  0.8024999999999998
39 - 48 	 T:  0.8022222222222225
39 - 49 	 T:  0.8019999999999999
39 - 50 	 T:  0.8018181818181815
39 - 51 	 T:  0.8016666666666667
39 - 52 	 T:  0.802307692307692
39 - 53 	 T:  0.8021428571428572
40 - 41 	 T:  0.8099999999999987
40 - 42 	 T:  0.8050000000000015
40 - 43 	 T:  0.8066666666666661
40 - 44 	 T:  0.8050000000000006
40 - 45 	 T:  0.8039999999999999
40 - 46 	 T:  0.8033333333333328
40 - 47 	 T:  0.8042857142857142
40 - 48 	 T:  0.8037500000000004
40 - 49 	 T:  0.8033333333333333
40 - 50 	 T:  0.8029999999999997
40 - 51 	 T:  0.8027272727272728
40 - 52 	 T:  0.8033333333333331
40 - 53 	 T:  0.8030769230769231
41 - 42 	 T:  0.8000000000000043
41 - 43 	 T:  0.8049999999999997
41 - 44 	 T:  0.8033333333333346
41 - 45 	 T:  0.8025000000000002
41 - 46 	 T:  0.8019999999999996
41 - 47 	 T:  0.8033333333333333
41 - 48 	 T:  0.8028571428571435
41 - 49 	 T:  0.8025000000000002
41 - 50 	 T:  0.8022222222222221
41 - 51 	 T:  0.8020000000000003
41 - 52 	 T:  0.8027272727272726
41 - 53 	 T:  0.8025000000000002
42 - 43 	 T:  0.8099999999999952
42 - 44 	 T:  0.8049999999999997
42 - 45 	 T:  0.8033333333333322
42 - 46 	 T:  0.8024999999999984
42 - 47 	 T:  0.8039999999999992
42 - 48 	 T:  0.8033333333333333
42 - 49 	 T:  0.8028571428571425
42 - 50 	 T:  0.8024999999999993
42 - 51 	 T:  0.8022222222222221
42 - 52 	 T:  0.8029999999999994
42 - 53 	 T:  0.8027272727272726
43 - 44 	 T:  0.8000000000000043
43 - 45 	 T:  0.8000000000000007
43 - 46 	 T:  0.7999999999999995
43 - 47 	 T:  0.8025000000000002
43 - 48 	 T:  0.802000000000001
43 - 49 	 T:  0.8016666666666671
43 - 50 	 T:  0.8014285714285714
43 - 51 	 T:  0.8012500000000005
43 - 52 	 T:  0.8022222222222221
43 - 53 	 T:  0.8020000000000003
44 - 45 	 T:  0.7999999999999972
44 - 46 	 T:  0.7999999999999972
44 - 47 	 T:  0.8033333333333322
44 - 48 	 T:  0.8025000000000002
44 - 49 	 T:  0.8019999999999996
44 - 50 	 T:  0.8016666666666659
44 - 51 	 T:  0.8014285714285714
44 - 52 	 T:  0.8024999999999993
44 - 53 	 T:  0.8022222222222221
45 - 46 	 T:  0.7999999999999972
45 - 47 	 T:  0.8049999999999997
45 - 48 	 T:  0.8033333333333346
45 - 49 	 T:  0.8025000000000002
45 - 50 	 T:  0.8019999999999996
45 - 51 	 T:  0.8016666666666671
45 - 52 	 T:  0.8028571428571425
45 - 53 	 T:  0.8025000000000002
46 - 47 	 T:  0.8100000000000023
46 - 48 	 T:  0.8050000000000033
46 - 49 	 T:  0.8033333333333346
46 - 50 	 T:  0.8025000000000002
46 - 51 	 T:  0.802000000000001
46 - 52 	 T:  0.8033333333333333
46 - 53 	 T:  0.8028571428571435
47 - 48 	 T:  0.8000000000000043
47 - 49 	 T:  0.8000000000000007
47 - 50 	 T:  0.7999999999999995
47 - 51 	 T:  0.8000000000000007
47 - 52 	 T:  0.8019999999999996
47 - 53 	 T:  0.8016666666666671
48 - 49 	 T:  0.7999999999999972
48 - 50 	 T:  0.7999999999999972
48 - 51 	 T:  0.7999999999999995
48 - 52 	 T:  0.8024999999999984
48 - 53 	 T:  0.8019999999999996
49 - 50 	 T:  0.7999999999999972
49 - 51 	 T:  0.8000000000000007
49 - 52 	 T:  0.8033333333333322
49 - 53 	 T:  0.8025000000000002
50 - 51 	 T:  0.8000000000000043
50 - 52 	 T:  0.8049999999999997
50 - 53 	 T:  0.8033333333333346
51 - 52 	 T:  0.8099999999999952
51 - 53 	 T:  0.8049999999999997
52 - 53 	 T:  0.8000000000000043



The mean period of oscillation is:  0.8035928518268298
