Configuration 1:  

1 - 2 	 T:  0.7839999999999999
1 - 3 	 T:  0.8099999999999999
1 - 4 	 T:  0.8093333333333333
1 - 5 	 T:  0.8029999999999999
1 - 6 	 T:  0.8103999999999999
1 - 7 	 T:  0.8106666666666666
1 - 8 	 T:  0.8045714285714285
1 - 9 	 T:  0.8085
1 - 10 	 T:  0.808
1 - 11 	 T:  0.8052000000000001
1 - 12 	 T:  0.8083636363636365
1 - 13 	 T:  0.8076666666666666
1 - 14 	 T:  0.8024615384615384
1 - 15 	 T:  0.8094285714285715
1 - 16 	 T:  0.8072
1 - 17 	 T:  0.8075000000000001
1 - 18 	 T:  0.808
1 - 19 	 T:  0.8073333333333333
1 - 20 	 T:  0.8077894736842106
1 - 21 	 T:  0.8075999999999999
1 - 22 	 T:  0.8078095238095238
1 - 23 	 T:  0.8074545454545454
1 - 24 	 T:  0.8069565217391304
1 - 25 	 T:  0.8071666666666667
1 - 26 	 T:  0.8072
1 - 27 	 T:  0.8033846153846154
1 - 28 	 T:  0.8075555555555555
1 - 29 	 T:  0.807
1 - 30 	 T:  0.8068965517241379
1 - 31 	 T:  0.8071999999999999
1 - 32 	 T:  0.8067096774193548
1 - 33 	 T:  0.8069999999999999
1 - 34 	 T:  0.8063030303030303
1 - 35 	 T:  0.8068235294117647
1 - 36 	 T:  0.8067428571428572
1 - 37 	 T:  0.8063333333333333
1 - 38 	 T:  0.8069189189189189
1 - 39 	 T:  0.8066315789473684
1 - 40 	 T:  0.8067692307692307
1 - 41 	 T:  0.8068000000000002
1 - 42 	 T:  0.8063414634146342
1 - 43 	 T:  0.8066666666666668
1 - 44 	 T:  0.8064186046511629
1 - 45 	 T:  0.8063636363636365
1 - 46 	 T:  0.8062222222222223
1 - 47 	 T:  0.8066956521739131
1 - 48 	 T:  0.8042553191489362
1 - 49 	 T:  0.8068333333333334
1 - 50 	 T:  0.8066938775510205
2 - 3 	 T:  0.836
2 - 4 	 T:  0.8220000000000001
2 - 5 	 T:  0.8093333333333333
2 - 6 	 T:  0.817
2 - 7 	 T:  0.8160000000000001
2 - 8 	 T:  0.8079999999999999
2 - 9 	 T:  0.812
2 - 10 	 T:  0.811
2 - 11 	 T:  0.8075555555555556
2 - 12 	 T:  0.8108000000000001
2 - 13 	 T:  0.8098181818181818
2 - 14 	 T:  0.8039999999999999
2 - 15 	 T:  0.8113846153846154
2 - 16 	 T:  0.8088571428571428
2 - 17 	 T:  0.8090666666666667
2 - 18 	 T:  0.8095
2 - 19 	 T:  0.8087058823529412
2 - 20 	 T:  0.8091111111111111
2 - 21 	 T:  0.8088421052631578
2 - 22 	 T:  0.8089999999999999
2 - 23 	 T:  0.8085714285714286
2 - 24 	 T:  0.8079999999999999
2 - 25 	 T:  0.8081739130434783
2 - 26 	 T:  0.8081666666666667
2 - 27 	 T:  0.80416
2 - 28 	 T:  0.8084615384615385
2 - 29 	 T:  0.8078518518518519
2 - 30 	 T:  0.8077142857142857
2 - 31 	 T:  0.8079999999999999
2 - 32 	 T:  0.8074666666666667
2 - 33 	 T:  0.807741935483871
2 - 34 	 T:  0.807
2 - 35 	 T:  0.8075151515151515
2 - 36 	 T:  0.8074117647058824
2 - 37 	 T:  0.8069714285714286
2 - 38 	 T:  0.8075555555555556
2 - 39 	 T:  0.8072432432432433
2 - 40 	 T:  0.8073684210526316
2 - 41 	 T:  0.8073846153846155
2 - 42 	 T:  0.8069
2 - 43 	 T:  0.8072195121951219
2 - 44 	 T:  0.8069523809523809
2 - 45 	 T:  0.8068837209302325
2 - 46 	 T:  0.8067272727272726
2 - 47 	 T:  0.8071999999999999
2 - 48 	 T:  0.804695652173913
2 - 49 	 T:  0.8073191489361701
2 - 50 	 T:  0.8071666666666667
3 - 4 	 T:  0.808
3 - 5 	 T:  0.7959999999999999
3 - 6 	 T:  0.8106666666666665
3 - 7 	 T:  0.8109999999999999
3 - 8 	 T:  0.8023999999999999
3 - 9 	 T:  0.8079999999999999
3 - 10 	 T:  0.8074285714285715
3 - 11 	 T:  0.804
3 - 12 	 T:  0.808
3 - 13 	 T:  0.8071999999999999
3 - 14 	 T:  0.8010909090909091
3 - 15 	 T:  0.8093333333333333
3 - 16 	 T:  0.8067692307692307
3 - 17 	 T:  0.8071428571428572
3 - 18 	 T:  0.8077333333333333
3 - 19 	 T:  0.8069999999999999
3 - 20 	 T:  0.8075294117647058
3 - 21 	 T:  0.8073333333333332
3 - 22 	 T:  0.8075789473684211
3 - 23 	 T:  0.8072000000000001
3 - 24 	 T:  0.8066666666666668
3 - 25 	 T:  0.806909090909091
3 - 26 	 T:  0.8069565217391306
3 - 27 	 T:  0.8028333333333334
3 - 28 	 T:  0.8073600000000001
3 - 29 	 T:  0.8067692307692309
3 - 30 	 T:  0.8066666666666668
3 - 31 	 T:  0.807
3 - 32 	 T:  0.8064827586206897
3 - 33 	 T:  0.8068000000000001
3 - 34 	 T:  0.8060645161290324
3 - 35 	 T:  0.806625
3 - 36 	 T:  0.8065454545454547
3 - 37 	 T:  0.8061176470588236
3 - 38 	 T:  0.8067428571428572
3 - 39 	 T:  0.8064444444444444
3 - 40 	 T:  0.8065945945945946
3 - 41 	 T:  0.8066315789473686
3 - 42 	 T:  0.8061538461538462
3 - 43 	 T:  0.8065
3 - 44 	 T:  0.8062439024390243
3 - 45 	 T:  0.8061904761904761
3 - 46 	 T:  0.8060465116279069
3 - 47 	 T:  0.8065454545454546
3 - 48 	 T:  0.804
3 - 49 	 T:  0.8066956521739129
3 - 50 	 T:  0.8065531914893618
4 - 5 	 T:  0.7839999999999998
4 - 6 	 T:  0.8119999999999998
4 - 7 	 T:  0.8119999999999999
4 - 8 	 T:  0.8009999999999999
4 - 9 	 T:  0.808
4 - 10 	 T:  0.8073333333333333
4 - 11 	 T:  0.8034285714285715
4 - 12 	 T:  0.808
4 - 13 	 T:  0.807111111111111
4 - 14 	 T:  0.8004
4 - 15 	 T:  0.8094545454545454
4 - 16 	 T:  0.8066666666666666
4 - 17 	 T:  0.8070769230769231
4 - 18 	 T:  0.8077142857142857
4 - 19 	 T:  0.8069333333333333
4 - 20 	 T:  0.8075
4 - 21 	 T:  0.8072941176470587
4 - 22 	 T:  0.8075555555555556
4 - 23 	 T:  0.8071578947368421
4 - 24 	 T:  0.8065999999999999
4 - 25 	 T:  0.8068571428571429
4 - 26 	 T:  0.806909090909091
4 - 27 	 T:  0.802608695652174
4 - 28 	 T:  0.8073333333333332
4 - 29 	 T:  0.80672
4 - 30 	 T:  0.8066153846153846
4 - 31 	 T:  0.8069629629629629
4 - 32 	 T:  0.8064285714285714
4 - 33 	 T:  0.8067586206896552
4 - 34 	 T:  0.8059999999999999
4 - 35 	 T:  0.8065806451612902
4 - 36 	 T:  0.8065
4 - 37 	 T:  0.8060606060606061
4 - 38 	 T:  0.806705882352941
4 - 39 	 T:  0.8063999999999999
4 - 40 	 T:  0.8065555555555556
4 - 41 	 T:  0.8065945945945946
4 - 42 	 T:  0.8061052631578947
4 - 43 	 T:  0.8064615384615385
4 - 44 	 T:  0.8061999999999999
4 - 45 	 T:  0.8061463414634146
4 - 46 	 T:  0.8059999999999999
4 - 47 	 T:  0.8065116279069767
4 - 48 	 T:  0.8039090909090909
4 - 49 	 T:  0.8066666666666666
4 - 50 	 T:  0.8065217391304348
5 - 6 	 T:  0.8399999999999999
5 - 7 	 T:  0.8260000000000001
5 - 8 	 T:  0.8066666666666666
5 - 9 	 T:  0.8140000000000001
5 - 10 	 T:  0.812
5 - 11 	 T:  0.8066666666666668
5 - 12 	 T:  0.8114285714285715
5 - 13 	 T:  0.8099999999999999
5 - 14 	 T:  0.8022222222222222
5 - 15 	 T:  0.812
5 - 16 	 T:  0.8087272727272729
5 - 17 	 T:  0.8090000000000002
5 - 18 	 T:  0.8095384615384617
5 - 19 	 T:  0.8085714285714286
5 - 20 	 T:  0.8090666666666666
5 - 21 	 T:  0.8087499999999999
5 - 22 	 T:  0.8089411764705882
5 - 23 	 T:  0.8084444444444444
5 - 24 	 T:  0.8077894736842105
5 - 25 	 T:  0.808
5 - 26 	 T:  0.808
5 - 27 	 T:  0.8034545454545454
5 - 28 	 T:  0.8083478260869564
5 - 29 	 T:  0.8076666666666666
5 - 30 	 T:  0.8075199999999999
5 - 31 	 T:  0.8078461538461538
5 - 32 	 T:  0.8072592592592592
5 - 33 	 T:  0.8075714285714285
5 - 34 	 T:  0.8067586206896552
5 - 35 	 T:  0.8073333333333333
5 - 36 	 T:  0.8072258064516129
5 - 37 	 T:  0.80675
5 - 38 	 T:  0.8073939393939393
5 - 39 	 T:  0.8070588235294117
5 - 40 	 T:  0.8071999999999999
5 - 41 	 T:  0.8072222222222223
5 - 42 	 T:  0.8067027027027027
5 - 43 	 T:  0.8070526315789474
5 - 44 	 T:  0.8067692307692307
5 - 45 	 T:  0.8067
5 - 46 	 T:  0.8065365853658536
5 - 47 	 T:  0.807047619047619
5 - 48 	 T:  0.8043720930232559
5 - 49 	 T:  0.8071818181818181
5 - 50 	 T:  0.8070222222222223
6 - 7 	 T:  0.8120000000000003
6 - 8 	 T:  0.79
6 - 9 	 T:  0.8053333333333335
6 - 10 	 T:  0.8050000000000002
6 - 11 	 T:  0.8000000000000002
6 - 12 	 T:  0.8066666666666668
6 - 13 	 T:  0.8057142857142857
6 - 14 	 T:  0.7975
6 - 15 	 T:  0.8088888888888889
6 - 16 	 T:  0.8056000000000001
6 - 17 	 T:  0.8061818181818183
6 - 18 	 T:  0.807
6 - 19 	 T:  0.8061538461538462
6 - 20 	 T:  0.8068571428571428
6 - 21 	 T:  0.8066666666666665
6 - 22 	 T:  0.8069999999999999
6 - 23 	 T:  0.8065882352941176
6 - 24 	 T:  0.8059999999999999
6 - 25 	 T:  0.8063157894736842
6 - 26 	 T:  0.8064
6 - 27 	 T:  0.8017142857142856
6 - 28 	 T:  0.8069090909090909
6 - 29 	 T:  0.8062608695652174
6 - 30 	 T:  0.8061666666666666
6 - 31 	 T:  0.8065599999999999
6 - 32 	 T:  0.8059999999999999
6 - 33 	 T:  0.8063703703703703
6 - 34 	 T:  0.8055714285714286
6 - 35 	 T:  0.8062068965517241
6 - 36 	 T:  0.8061333333333334
6 - 37 	 T:  0.8056774193548387
6 - 38 	 T:  0.806375
6 - 39 	 T:  0.806060606060606
6 - 40 	 T:  0.806235294117647
6 - 41 	 T:  0.8062857142857144
6 - 42 	 T:  0.8057777777777777
6 - 43 	 T:  0.8061621621621622
6 - 44 	 T:  0.8058947368421052
6 - 45 	 T:  0.8058461538461539
6 - 46 	 T:  0.8057000000000001
6 - 47 	 T:  0.8062439024390246
6 - 48 	 T:  0.8035238095238096
6 - 49 	 T:  0.8064186046511629
6 - 50 	 T:  0.8062727272727274
7 - 8 	 T:  0.7679999999999998
7 - 9 	 T:  0.802
7 - 10 	 T:  0.8026666666666668
7 - 11 	 T:  0.7970000000000002
7 - 12 	 T:  0.8056000000000001
7 - 13 	 T:  0.8046666666666665
7 - 14 	 T:  0.7954285714285714
7 - 15 	 T:  0.8085
7 - 16 	 T:  0.8048888888888889
7 - 17 	 T:  0.8056000000000001
7 - 18 	 T:  0.8065454545454546
7 - 19 	 T:  0.8056666666666666
7 - 20 	 T:  0.8064615384615385
7 - 21 	 T:  0.8062857142857142
7 - 22 	 T:  0.8066666666666666
7 - 23 	 T:  0.80625
7 - 24 	 T:  0.8056470588235294
7 - 25 	 T:  0.806
7 - 26 	 T:  0.8061052631578948
7 - 27 	 T:  0.8012
7 - 28 	 T:  0.8066666666666665
7 - 29 	 T:  0.8059999999999999
7 - 30 	 T:  0.805913043478261
7 - 31 	 T:  0.8063333333333332
7 - 32 	 T:  0.8057599999999999
7 - 33 	 T:  0.8061538461538462
7 - 34 	 T:  0.8053333333333333
7 - 35 	 T:  0.8059999999999999
7 - 36 	 T:  0.8059310344827586
7 - 37 	 T:  0.8054666666666667
7 - 38 	 T:  0.8061935483870967
7 - 39 	 T:  0.8058749999999999
7 - 40 	 T:  0.8060606060606061
7 - 41 	 T:  0.8061176470588236
7 - 42 	 T:  0.8056
7 - 43 	 T:  0.8059999999999999
7 - 44 	 T:  0.8057297297297297
7 - 45 	 T:  0.8056842105263158
7 - 46 	 T:  0.8055384615384614
7 - 47 	 T:  0.8061
7 - 48 	 T:  0.8033170731707318
7 - 49 	 T:  0.8062857142857143
7 - 50 	 T:  0.8061395348837209
8 - 9 	 T:  0.8360000000000003
8 - 10 	 T:  0.8200000000000003
8 - 11 	 T:  0.806666666666667
8 - 12 	 T:  0.8150000000000002
8 - 13 	 T:  0.8119999999999999
8 - 14 	 T:  0.7999999999999999
8 - 15 	 T:  0.8142857142857143
8 - 16 	 T:  0.8095
8 - 17 	 T:  0.8097777777777779
8 - 18 	 T:  0.8103999999999999
8 - 19 	 T:  0.809090909090909
8 - 20 	 T:  0.8096666666666668
8 - 21 	 T:  0.8092307692307692
8 - 22 	 T:  0.8094285714285715
8 - 23 	 T:  0.8088000000000001
8 - 24 	 T:  0.808
8 - 25 	 T:  0.8082352941176472
8 - 26 	 T:  0.8082222222222223
8 - 27 	 T:  0.8029473684210526
8 - 28 	 T:  0.8086
8 - 29 	 T:  0.8078095238095239
8 - 30 	 T:  0.8076363636363637
8 - 31 	 T:  0.8079999999999999
8 - 32 	 T:  0.8073333333333333
8 - 33 	 T:  0.80768
8 - 34 	 T:  0.8067692307692309
8 - 35 	 T:  0.8074074074074075
8 - 36 	 T:  0.8072857142857144
8 - 37 	 T:  0.8067586206896552
8 - 38 	 T:  0.8074666666666667
8 - 39 	 T:  0.8070967741935484
8 - 40 	 T:  0.80725
8 - 41 	 T:  0.8072727272727274
8 - 42 	 T:  0.8067058823529412
8 - 43 	 T:  0.8070857142857143
8 - 44 	 T:  0.8067777777777778
8 - 45 	 T:  0.8067027027027027
8 - 46 	 T:  0.8065263157894736
8 - 47 	 T:  0.8070769230769231
8 - 48 	 T:  0.8042
8 - 49 	 T:  0.8072195121951219
8 - 50 	 T:  0.807047619047619
9 - 10 	 T:  0.8040000000000003
9 - 11 	 T:  0.7920000000000003
9 - 12 	 T:  0.8080000000000002
9 - 13 	 T:  0.8059999999999998
9 - 14 	 T:  0.7928
9 - 15 	 T:  0.8106666666666666
9 - 16 	 T:  0.8057142857142857
9 - 17 	 T:  0.8065000000000001
9 - 18 	 T:  0.8075555555555556
9 - 19 	 T:  0.8064
9 - 20 	 T:  0.8072727272727271
9 - 21 	 T:  0.8069999999999998
9 - 22 	 T:  0.8073846153846153
9 - 23 	 T:  0.8068571428571428
9 - 24 	 T:  0.8061333333333333
9 - 25 	 T:  0.8065
9 - 26 	 T:  0.8065882352941176
9 - 27 	 T:  0.801111111111111
9 - 28 	 T:  0.8071578947368421
9 - 29 	 T:  0.8064
9 - 30 	 T:  0.8062857142857143
9 - 31 	 T:  0.8067272727272726
9 - 32 	 T:  0.8060869565217391
9 - 33 	 T:  0.8064999999999999
9 - 34 	 T:  0.8056
9 - 35 	 T:  0.8063076923076923
9 - 36 	 T:  0.8062222222222223
9 - 37 	 T:  0.8057142857142857
9 - 38 	 T:  0.8064827586206896
9 - 39 	 T:  0.8061333333333333
9 - 40 	 T:  0.8063225806451613
9 - 41 	 T:  0.8063750000000001
9 - 42 	 T:  0.8058181818181818
9 - 43 	 T:  0.806235294117647
9 - 44 	 T:  0.8059428571428571
9 - 45 	 T:  0.8058888888888889
9 - 46 	 T:  0.8057297297297297
9 - 47 	 T:  0.8063157894736842
9 - 48 	 T:  0.8033846153846154
9 - 49 	 T:  0.8065
9 - 50 	 T:  0.8063414634146342
10 - 11 	 T:  0.7800000000000002
10 - 12 	 T:  0.81
10 - 13 	 T:  0.8066666666666663
10 - 14 	 T:  0.7899999999999998
10 - 15 	 T:  0.8119999999999999
10 - 16 	 T:  0.8059999999999999
10 - 17 	 T:  0.8068571428571429
10 - 18 	 T:  0.8079999999999999
10 - 19 	 T:  0.8066666666666665
10 - 20 	 T:  0.8076000000000001
10 - 21 	 T:  0.8072727272727271
10 - 22 	 T:  0.8076666666666666
10 - 23 	 T:  0.8070769230769231
10 - 24 	 T:  0.8062857142857143
10 - 25 	 T:  0.8066666666666668
10 - 26 	 T:  0.8067500000000001
10 - 27 	 T:  0.8009411764705883
10 - 28 	 T:  0.8073333333333333
10 - 29 	 T:  0.8065263157894738
10 - 30 	 T:  0.8064
10 - 31 	 T:  0.8068571428571428
10 - 32 	 T:  0.8061818181818182
10 - 33 	 T:  0.8066086956521739
10 - 34 	 T:  0.8056666666666668
10 - 35 	 T:  0.8064
10 - 36 	 T:  0.8063076923076924
10 - 37 	 T:  0.8057777777777778
10 - 38 	 T:  0.8065714285714286
10 - 39 	 T:  0.8062068965517241
10 - 40 	 T:  0.8064
10 - 41 	 T:  0.8064516129032259
10 - 42 	 T:  0.805875
10 - 43 	 T:  0.8063030303030303
10 - 44 	 T:  0.806
10 - 45 	 T:  0.8059428571428572
10 - 46 	 T:  0.8057777777777777
10 - 47 	 T:  0.8063783783783784
10 - 48 	 T:  0.8033684210526316
10 - 49 	 T:  0.8065641025641026
10 - 50 	 T:  0.8064
11 - 12 	 T:  0.8399999999999999
11 - 13 	 T:  0.8199999999999994
11 - 14 	 T:  0.793333333333333
11 - 15 	 T:  0.8199999999999998
11 - 16 	 T:  0.8111999999999998
11 - 17 	 T:  0.8113333333333334
11 - 18 	 T:  0.8119999999999999
11 - 19 	 T:  0.8099999999999998
11 - 20 	 T:  0.8106666666666666
11 - 21 	 T:  0.8099999999999998
11 - 22 	 T:  0.8101818181818181
11 - 23 	 T:  0.8093333333333333
11 - 24 	 T:  0.8083076923076923
11 - 25 	 T:  0.8085714285714286
11 - 26 	 T:  0.8085333333333333
11 - 27 	 T:  0.8022499999999999
11 - 28 	 T:  0.8089411764705882
11 - 29 	 T:  0.808
11 - 30 	 T:  0.8077894736842105
11 - 31 	 T:  0.8081999999999999
11 - 32 	 T:  0.8074285714285714
11 - 33 	 T:  0.8078181818181818
11 - 34 	 T:  0.8067826086956522
11 - 35 	 T:  0.8075
11 - 36 	 T:  0.8073600000000001
11 - 37 	 T:  0.8067692307692307
11 - 38 	 T:  0.8075555555555555
11 - 39 	 T:  0.807142857142857
11 - 40 	 T:  0.8073103448275861
11 - 41 	 T:  0.8073333333333335
11 - 42 	 T:  0.8067096774193548
11 - 43 	 T:  0.807125
11 - 44 	 T:  0.8067878787878787
11 - 45 	 T:  0.8067058823529412
11 - 46 	 T:  0.8065142857142856
11 - 47 	 T:  0.8071111111111111
11 - 48 	 T:  0.804
11 - 49 	 T:  0.8072631578947368
11 - 50 	 T:  0.8070769230769231
12 - 13 	 T:  0.7999999999999989
12 - 14 	 T:  0.7699999999999996
12 - 15 	 T:  0.8133333333333331
12 - 16 	 T:  0.8039999999999998
12 - 17 	 T:  0.8056000000000001
12 - 18 	 T:  0.8073333333333332
12 - 19 	 T:  0.8057142857142855
12 - 20 	 T:  0.8069999999999999
12 - 21 	 T:  0.8066666666666664
12 - 22 	 T:  0.8071999999999999
12 - 23 	 T:  0.8065454545454546
12 - 24 	 T:  0.8056666666666666
12 - 25 	 T:  0.8061538461538462
12 - 26 	 T:  0.8062857142857143
12 - 27 	 T:  0.7997333333333333
12 - 28 	 T:  0.8069999999999999
12 - 29 	 T:  0.8061176470588236
12 - 30 	 T:  0.8059999999999999
12 - 31 	 T:  0.8065263157894735
12 - 32 	 T:  0.8058
12 - 33 	 T:  0.8062857142857143
12 - 34 	 T:  0.8052727272727274
12 - 35 	 T:  0.8060869565217391
12 - 36 	 T:  0.806
12 - 37 	 T:  0.8054399999999999
12 - 38 	 T:  0.8063076923076923
12 - 39 	 T:  0.8059259259259258
12 - 40 	 T:  0.8061428571428572
12 - 41 	 T:  0.8062068965517242
12 - 42 	 T:  0.8056
12 - 43 	 T:  0.8060645161290323
12 - 44 	 T:  0.80575
12 - 45 	 T:  0.8056969696969697
12 - 46 	 T:  0.8055294117647058
12 - 47 	 T:  0.8061714285714286
12 - 48 	 T:  0.803
12 - 49 	 T:  0.8063783783783783
12 - 50 	 T:  0.8062105263157896
13 - 14 	 T:  0.7400000000000002
13 - 15 	 T:  0.8200000000000003
13 - 16 	 T:  0.8053333333333335
13 - 17 	 T:  0.8070000000000004
13 - 18 	 T:  0.8088000000000001
13 - 19 	 T:  0.8066666666666666
13 - 20 	 T:  0.808
13 - 21 	 T:  0.8074999999999999
13 - 22 	 T:  0.808
13 - 23 	 T:  0.8072000000000001
13 - 24 	 T:  0.8061818181818182
13 - 25 	 T:  0.8066666666666668
13 - 26 	 T:  0.8067692307692309
13 - 27 	 T:  0.7997142857142857
13 - 28 	 T:  0.8074666666666667
13 - 29 	 T:  0.8065000000000001
13 - 30 	 T:  0.8063529411764706
13 - 31 	 T:  0.8068888888888889
13 - 32 	 T:  0.8061052631578948
13 - 33 	 T:  0.8065999999999999
13 - 34 	 T:  0.8055238095238098
13 - 35 	 T:  0.8063636363636365
13 - 36 	 T:  0.8062608695652176
13 - 37 	 T:  0.8056666666666666
13 - 38 	 T:  0.80656
13 - 39 	 T:  0.8061538461538462
13 - 40 	 T:  0.8063703703703703
13 - 41 	 T:  0.8064285714285716
13 - 42 	 T:  0.8057931034482759
13 - 43 	 T:  0.8062666666666668
13 - 44 	 T:  0.8059354838709678
13 - 45 	 T:  0.8058750000000001
13 - 46 	 T:  0.8056969696969697
13 - 47 	 T:  0.8063529411764707
13 - 48 	 T:  0.8030857142857144
13 - 49 	 T:  0.8065555555555556
13 - 50 	 T:  0.8063783783783786
14 - 15 	 T:  0.9000000000000004
14 - 16 	 T:  0.8380000000000001
14 - 17 	 T:  0.8293333333333338
14 - 18 	 T:  0.8260000000000001
14 - 19 	 T:  0.82
14 - 20 	 T:  0.8193333333333334
14 - 21 	 T:  0.817142857142857
14 - 22 	 T:  0.8165
14 - 23 	 T:  0.8146666666666668
14 - 24 	 T:  0.8128
14 - 25 	 T:  0.8127272727272729
14 - 26 	 T:  0.8123333333333335
14 - 27 	 T:  0.8043076923076923
14 - 28 	 T:  0.8122857142857143
14 - 29 	 T:  0.8109333333333334
14 - 30 	 T:  0.8105
14 - 31 	 T:  0.8108235294117646
14 - 32 	 T:  0.8097777777777778
14 - 33 	 T:  0.8101052631578947
14 - 34 	 T:  0.8088000000000001
14 - 35 	 T:  0.8095238095238095
14 - 36 	 T:  0.8092727272727274
14 - 37 	 T:  0.8085217391304348
14 - 38 	 T:  0.8093333333333333
14 - 39 	 T:  0.8088
14 - 40 	 T:  0.808923076923077
14 - 41 	 T:  0.808888888888889
14 - 42 	 T:  0.8081428571428572
14 - 43 	 T:  0.8085517241379311
14 - 44 	 T:  0.8081333333333334
14 - 45 	 T:  0.808
14 - 46 	 T:  0.80775
14 - 47 	 T:  0.8083636363636364
14 - 48 	 T:  0.8049411764705883
14 - 49 	 T:  0.8084571428571429
14 - 50 	 T:  0.8082222222222223
15 - 16 	 T:  0.7759999999999998
15 - 17 	 T:  0.7940000000000005
15 - 18 	 T:  0.8013333333333333
15 - 19 	 T:  0.7999999999999998
15 - 20 	 T:  0.8032
15 - 21 	 T:  0.8033333333333331
15 - 22 	 T:  0.8045714285714285
15 - 23 	 T:  0.804
15 - 24 	 T:  0.8031111111111111
15 - 25 	 T:  0.804
15 - 26 	 T:  0.8043636363636364
15 - 27 	 T:  0.7963333333333332
15 - 28 	 T:  0.8055384615384615
15 - 29 	 T:  0.8045714285714286
15 - 30 	 T:  0.8045333333333333
15 - 31 	 T:  0.8052499999999999
15 - 32 	 T:  0.8044705882352942
15 - 33 	 T:  0.8051111111111111
15 - 34 	 T:  0.804
15 - 35 	 T:  0.805
15 - 36 	 T:  0.8049523809523811
15 - 37 	 T:  0.8043636363636363
15 - 38 	 T:  0.8053913043478261
15 - 39 	 T:  0.805
15 - 40 	 T:  0.8052799999999999
15 - 41 	 T:  0.8053846153846156
15 - 42 	 T:  0.8047407407407408
15 - 43 	 T:  0.8052857142857144
15 - 44 	 T:  0.8049655172413793
15 - 45 	 T:  0.8049333333333334
15 - 46 	 T:  0.8047741935483871
15 - 47 	 T:  0.8055000000000001
15 - 48 	 T:  0.8020606060606061
15 - 49 	 T:  0.8057647058823529
15 - 50 	 T:  0.8056000000000001
16 - 17 	 T:  0.8120000000000012
16 - 18 	 T:  0.8140000000000001
16 - 19 	 T:  0.8079999999999998
16 - 20 	 T:  0.81
16 - 21 	 T:  0.8087999999999997
16 - 22 	 T:  0.8093333333333333
16 - 23 	 T:  0.808
16 - 24 	 T:  0.8065
16 - 25 	 T:  0.8071111111111112
16 - 26 	 T:  0.8072000000000001
16 - 27 	 T:  0.7981818181818181
16 - 28 	 T:  0.8079999999999999
16 - 29 	 T:  0.8067692307692309
16 - 30 	 T:  0.8065714285714286
16 - 31 	 T:  0.8071999999999999
16 - 32 	 T:  0.80625
16 - 33 	 T:  0.8068235294117647
16 - 34 	 T:  0.8055555555555557
16 - 35 	 T:  0.8065263157894736
16 - 36 	 T:  0.8064
16 - 37 	 T:  0.8057142857142858
16 - 38 	 T:  0.8067272727272726
16 - 39 	 T:  0.8062608695652173
16 - 40 	 T:  0.8065000000000001
16 - 41 	 T:  0.80656
16 - 42 	 T:  0.8058461538461538
16 - 43 	 T:  0.8063703703703703
16 - 44 	 T:  0.8059999999999999
16 - 45 	 T:  0.8059310344827586
16 - 46 	 T:  0.8057333333333332
16 - 47 	 T:  0.8064516129032258
16 - 48 	 T:  0.802875
16 - 49 	 T:  0.8066666666666666
16 - 50 	 T:  0.8064705882352942
17 - 18 	 T:  0.815999999999999
17 - 19 	 T:  0.8059999999999992
17 - 20 	 T:  0.809333333333333
17 - 21 	 T:  0.8079999999999994
17 - 22 	 T:  0.8087999999999997
17 - 23 	 T:  0.8073333333333332
17 - 24 	 T:  0.8057142857142855
17 - 25 	 T:  0.8065
17 - 26 	 T:  0.8066666666666666
17 - 27 	 T:  0.7967999999999998
17 - 28 	 T:  0.8076363636363635
17 - 29 	 T:  0.8063333333333333
17 - 30 	 T:  0.806153846153846
17 - 31 	 T:  0.8068571428571427
17 - 32 	 T:  0.8058666666666666
17 - 33 	 T:  0.8064999999999999
17 - 34 	 T:  0.8051764705882354
17 - 35 	 T:  0.8062222222222222
17 - 36 	 T:  0.8061052631578948
17 - 37 	 T:  0.8053999999999999
17 - 38 	 T:  0.8064761904761905
17 - 39 	 T:  0.8059999999999999
17 - 40 	 T:  0.8062608695652173
17 - 41 	 T:  0.8063333333333335
17 - 42 	 T:  0.8056
17 - 43 	 T:  0.8061538461538462
17 - 44 	 T:  0.8057777777777778
17 - 45 	 T:  0.8057142857142858
17 - 46 	 T:  0.8055172413793104
17 - 47 	 T:  0.8062666666666668
17 - 48 	 T:  0.8025806451612904
17 - 49 	 T:  0.8065
17 - 50 	 T:  0.8063030303030304
18 - 19 	 T:  0.7959999999999994
18 - 20 	 T:  0.806
18 - 21 	 T:  0.8053333333333329
18 - 22 	 T:  0.8069999999999999
18 - 23 	 T:  0.8056000000000001
18 - 24 	 T:  0.8039999999999999
18 - 25 	 T:  0.8051428571428573
18 - 26 	 T:  0.8055000000000001
18 - 27 	 T:  0.7946666666666666
18 - 28 	 T:  0.8068
18 - 29 	 T:  0.8054545454545455
18 - 30 	 T:  0.8053333333333333
18 - 31 	 T:  0.806153846153846
18 - 32 	 T:  0.8051428571428572
18 - 33 	 T:  0.8058666666666666
18 - 34 	 T:  0.8045000000000001
18 - 35 	 T:  0.8056470588235294
18 - 36 	 T:  0.8055555555555557
18 - 37 	 T:  0.8048421052631579
18 - 38 	 T:  0.8059999999999998
18 - 39 	 T:  0.8055238095238094
18 - 40 	 T:  0.8058181818181819
18 - 41 	 T:  0.805913043478261
18 - 42 	 T:  0.8051666666666666
18 - 43 	 T:  0.8057599999999999
18 - 44 	 T:  0.8053846153846153
18 - 45 	 T:  0.8053333333333333
18 - 46 	 T:  0.805142857142857
18 - 47 	 T:  0.8059310344827586
18 - 48 	 T:  0.8021333333333334
18 - 49 	 T:  0.8061935483870967
18 - 50 	 T:  0.806
19 - 20 	 T:  0.8160000000000007
19 - 21 	 T:  0.8099999999999996
19 - 22 	 T:  0.8106666666666668
19 - 23 	 T:  0.8080000000000003
19 - 24 	 T:  0.8056000000000001
19 - 25 	 T:  0.806666666666667
19 - 26 	 T:  0.806857142857143
19 - 27 	 T:  0.7945
19 - 28 	 T:  0.808
19 - 29 	 T:  0.8064000000000002
19 - 30 	 T:  0.8061818181818182
19 - 31 	 T:  0.8069999999999999
19 - 32 	 T:  0.8058461538461539
19 - 33 	 T:  0.8065714285714286
19 - 34 	 T:  0.8050666666666668
19 - 35 	 T:  0.80625
19 - 36 	 T:  0.8061176470588237
19 - 37 	 T:  0.8053333333333333
19 - 38 	 T:  0.8065263157894736
19 - 39 	 T:  0.8059999999999998
19 - 40 	 T:  0.8062857142857144
19 - 41 	 T:  0.8063636363636365
19 - 42 	 T:  0.8055652173913043
19 - 43 	 T:  0.8061666666666666
19 - 44 	 T:  0.8057599999999999
19 - 45 	 T:  0.8056923076923077
19 - 46 	 T:  0.8054814814814814
19 - 47 	 T:  0.8062857142857143
19 - 48 	 T:  0.802344827586207
19 - 49 	 T:  0.8065333333333332
19 - 50 	 T:  0.8063225806451614
20 - 21 	 T:  0.8039999999999985
20 - 22 	 T:  0.8079999999999998
20 - 23 	 T:  0.8053333333333335
20 - 24 	 T:  0.8029999999999999
20 - 25 	 T:  0.8048000000000002
20 - 26 	 T:  0.8053333333333335
20 - 27 	 T:  0.7914285714285713
20 - 28 	 T:  0.8069999999999999
20 - 29 	 T:  0.8053333333333335
20 - 30 	 T:  0.8051999999999999
20 - 31 	 T:  0.806181818181818
20 - 32 	 T:  0.805
20 - 33 	 T:  0.8058461538461538
20 - 34 	 T:  0.8042857142857144
20 - 35 	 T:  0.8056
20 - 36 	 T:  0.8055000000000001
20 - 37 	 T:  0.8047058823529412
20 - 38 	 T:  0.8059999999999999
20 - 39 	 T:  0.8054736842105262
20 - 40 	 T:  0.8058
20 - 41 	 T:  0.805904761904762
20 - 42 	 T:  0.8050909090909091
20 - 43 	 T:  0.8057391304347826
20 - 44 	 T:  0.8053333333333333
20 - 45 	 T:  0.8052800000000001
20 - 46 	 T:  0.805076923076923
20 - 47 	 T:  0.8059259259259259
20 - 48 	 T:  0.8018571428571429
20 - 49 	 T:  0.8062068965517241
20 - 50 	 T:  0.8060000000000002
21 - 22 	 T:  0.8120000000000012
21 - 23 	 T:  0.8060000000000009
21 - 24 	 T:  0.8026666666666671
21 - 25 	 T:  0.8050000000000006
21 - 26 	 T:  0.8056000000000004
21 - 27 	 T:  0.7893333333333334
21 - 28 	 T:  0.8074285714285716
21 - 29 	 T:  0.8055000000000003
21 - 30 	 T:  0.8053333333333335
21 - 31 	 T:  0.8064
21 - 32 	 T:  0.8050909090909092
21 - 33 	 T:  0.806
21 - 34 	 T:  0.8043076923076925
21 - 35 	 T:  0.8057142857142858
21 - 36 	 T:  0.8056000000000002
21 - 37 	 T:  0.8047500000000001
21 - 38 	 T:  0.8061176470588236
21 - 39 	 T:  0.8055555555555556
21 - 40 	 T:  0.8058947368421053
21 - 41 	 T:  0.8060000000000003
21 - 42 	 T:  0.8051428571428572
21 - 43 	 T:  0.8058181818181819
21 - 44 	 T:  0.8053913043478261
21 - 45 	 T:  0.8053333333333335
21 - 46 	 T:  0.8051200000000001
21 - 47 	 T:  0.8060000000000002
21 - 48 	 T:  0.8017777777777779
21 - 49 	 T:  0.8062857142857143
21 - 50 	 T:  0.8060689655172415
22 - 23 	 T:  0.8000000000000007
22 - 24 	 T:  0.798
22 - 25 	 T:  0.8026666666666671
22 - 26 	 T:  0.8040000000000003
22 - 27 	 T:  0.7847999999999999
22 - 28 	 T:  0.8066666666666666
22 - 29 	 T:  0.8045714285714288
22 - 30 	 T:  0.8045
22 - 31 	 T:  0.8057777777777777
22 - 32 	 T:  0.8044
22 - 33 	 T:  0.8054545454545454
22 - 34 	 T:  0.8036666666666669
22 - 35 	 T:  0.8052307692307692
22 - 36 	 T:  0.8051428571428573
22 - 37 	 T:  0.8042666666666667
22 - 38 	 T:  0.80575
22 - 39 	 T:  0.8051764705882353
22 - 40 	 T:  0.8055555555555556
22 - 41 	 T:  0.805684210526316
22 - 42 	 T:  0.8048
22 - 43 	 T:  0.8055238095238095
22 - 44 	 T:  0.8050909090909091
22 - 45 	 T:  0.8050434782608696
22 - 46 	 T:  0.8048333333333333
22 - 47 	 T:  0.80576
22 - 48 	 T:  0.8013846153846155
22 - 49 	 T:  0.806074074074074
22 - 50 	 T:  0.8058571428571429
23 - 24 	 T:  0.7959999999999994
23 - 25 	 T:  0.8040000000000003
23 - 26 	 T:  0.8053333333333335
23 - 27 	 T:  0.7809999999999997
23 - 28 	 T:  0.8079999999999998
23 - 29 	 T:  0.8053333333333335
23 - 30 	 T:  0.805142857142857
23 - 31 	 T:  0.8064999999999998
23 - 32 	 T:  0.8048888888888889
23 - 33 	 T:  0.8059999999999998
23 - 34 	 T:  0.8040000000000002
23 - 35 	 T:  0.8056666666666666
23 - 36 	 T:  0.8055384615384616
23 - 37 	 T:  0.8045714285714285
23 - 38 	 T:  0.8061333333333333
23 - 39 	 T:  0.8054999999999999
23 - 40 	 T:  0.8058823529411764
23 - 41 	 T:  0.8060000000000002
23 - 42 	 T:  0.8050526315789474
23 - 43 	 T:  0.8058
23 - 44 	 T:  0.8053333333333332
23 - 45 	 T:  0.8052727272727274
23 - 46 	 T:  0.8050434782608695
23 - 47 	 T:  0.806
23 - 48 	 T:  0.80144
23 - 49 	 T:  0.8063076923076923
23 - 50 	 T:  0.8060740740740742
24 - 25 	 T:  0.8120000000000012
24 - 26 	 T:  0.8100000000000005
24 - 27 	 T:  0.7759999999999998
24 - 28 	 T:  0.8109999999999999
24 - 29 	 T:  0.8072000000000003
24 - 30 	 T:  0.8066666666666666
24 - 31 	 T:  0.8079999999999998
24 - 32 	 T:  0.806
24 - 33 	 T:  0.807111111111111
24 - 34 	 T:  0.8048000000000002
24 - 35 	 T:  0.8065454545454546
24 - 36 	 T:  0.8063333333333335
24 - 37 	 T:  0.8052307692307692
24 - 38 	 T:  0.8068571428571428
24 - 39 	 T:  0.8061333333333333
24 - 40 	 T:  0.8065
24 - 41 	 T:  0.8065882352941178
24 - 42 	 T:  0.8055555555555556
24 - 43 	 T:  0.8063157894736842
24 - 44 	 T:  0.8058
24 - 45 	 T:  0.8057142857142858
24 - 46 	 T:  0.8054545454545454
24 - 47 	 T:  0.8064347826086957
24 - 48 	 T:  0.8016666666666667
24 - 49 	 T:  0.80672
24 - 50 	 T:  0.8064615384615386
25 - 26 	 T:  0.8079999999999998
25 - 27 	 T:  0.7579999999999991
25 - 28 	 T:  0.8106666666666662
25 - 29 	 T:  0.806
25 - 30 	 T:  0.8055999999999998
25 - 31 	 T:  0.8073333333333329
25 - 32 	 T:  0.805142857142857
25 - 33 	 T:  0.8064999999999998
25 - 34 	 T:  0.804
25 - 35 	 T:  0.8059999999999998
25 - 36 	 T:  0.8058181818181819
25 - 37 	 T:  0.8046666666666665
25 - 38 	 T:  0.8064615384615383
25 - 39 	 T:  0.8057142857142855
25 - 40 	 T:  0.8061333333333333
25 - 41 	 T:  0.8062500000000001
25 - 42 	 T:  0.8051764705882353
25 - 43 	 T:  0.8059999999999999
25 - 44 	 T:  0.8054736842105262
25 - 45 	 T:  0.8054
25 - 46 	 T:  0.805142857142857
25 - 47 	 T:  0.8061818181818182
25 - 48 	 T:  0.8012173913043479
25 - 49 	 T:  0.8064999999999999
25 - 50 	 T:  0.8062400000000001
26 - 27 	 T:  0.7079999999999984
26 - 28 	 T:  0.8119999999999994
26 - 29 	 T:  0.8053333333333335
26 - 30 	 T:  0.8049999999999997
26 - 31 	 T:  0.8071999999999996
26 - 32 	 T:  0.8046666666666665
26 - 33 	 T:  0.806285714285714
26 - 34 	 T:  0.8035000000000001
26 - 35 	 T:  0.8057777777777777
26 - 36 	 T:  0.8056000000000001
26 - 37 	 T:  0.8043636363636363
26 - 38 	 T:  0.8063333333333332
26 - 39 	 T:  0.8055384615384613
26 - 40 	 T:  0.8059999999999999
26 - 41 	 T:  0.8061333333333335
26 - 42 	 T:  0.8049999999999999
26 - 43 	 T:  0.8058823529411764
26 - 44 	 T:  0.8053333333333332
26 - 45 	 T:  0.8052631578947369
26 - 46 	 T:  0.8049999999999999
26 - 47 	 T:  0.8060952380952381
26 - 48 	 T:  0.8009090909090909
26 - 49 	 T:  0.8064347826086956
26 - 50 	 T:  0.8061666666666668
27 - 28 	 T:  0.9160000000000004
27 - 29 	 T:  0.854000000000001
27 - 30 	 T:  0.8373333333333335
27 - 31 	 T:  0.8319999999999999
27 - 32 	 T:  0.8240000000000002
27 - 33 	 T:  0.8226666666666667
27 - 34 	 T:  0.8171428571428575
27 - 35 	 T:  0.8180000000000001
27 - 36 	 T:  0.8164444444444448
27 - 37 	 T:  0.8140000000000001
27 - 38 	 T:  0.8152727272727273
27 - 39 	 T:  0.8136666666666666
27 - 40 	 T:  0.8135384615384615
27 - 41 	 T:  0.8131428571428574
27 - 42 	 T:  0.8114666666666667
27 - 43 	 T:  0.812
27 - 44 	 T:  0.8110588235294118
27 - 45 	 T:  0.8106666666666668
27 - 46 	 T:  0.8101052631578947
27 - 47 	 T:  0.8110000000000002
27 - 48 	 T:  0.8053333333333335
27 - 49 	 T:  0.8109090909090909
27 - 50 	 T:  0.8104347826086958
28 - 29 	 T:  0.7920000000000016
28 - 30 	 T:  0.798
28 - 31 	 T:  0.8039999999999997
28 - 32 	 T:  0.8010000000000002
28 - 33 	 T:  0.8039999999999999
28 - 34 	 T:  0.800666666666667
28 - 35 	 T:  0.804
28 - 36 	 T:  0.8040000000000003
28 - 37 	 T:  0.8026666666666666
28 - 38 	 T:  0.8051999999999999
28 - 39 	 T:  0.8043636363636363
28 - 40 	 T:  0.805
28 - 41 	 T:  0.8052307692307695
28 - 42 	 T:  0.804
28 - 43 	 T:  0.8050666666666667
28 - 44 	 T:  0.8045
28 - 45 	 T:  0.8044705882352943
28 - 46 	 T:  0.8042222222222222
28 - 47 	 T:  0.8054736842105265
28 - 48 	 T:  0.7998000000000001
28 - 49 	 T:  0.8059047619047619
28 - 50 	 T:  0.8056363636363638
29 - 30 	 T:  0.8039999999999985
29 - 31 	 T:  0.8099999999999987
29 - 32 	 T:  0.8039999999999997
29 - 33 	 T:  0.8069999999999995
29 - 34 	 T:  0.8024000000000001
29 - 35 	 T:  0.8059999999999997
29 - 36 	 T:  0.8057142857142858
29 - 37 	 T:  0.8039999999999998
29 - 38 	 T:  0.8066666666666664
29 - 39 	 T:  0.8055999999999998
29 - 40 	 T:  0.806181818181818
29 - 41 	 T:  0.8063333333333335
29 - 42 	 T:  0.8049230769230769
29 - 43 	 T:  0.8059999999999999
29 - 44 	 T:  0.8053333333333332
29 - 45 	 T:  0.80525
29 - 46 	 T:  0.804941176470588
29 - 47 	 T:  0.8062222222222223
29 - 48 	 T:  0.8002105263157895
29 - 49 	 T:  0.8065999999999999
29 - 50 	 T:  0.8062857142857144
30 - 31 	 T:  0.815999999999999
30 - 32 	 T:  0.8040000000000003
30 - 33 	 T:  0.8079999999999998
30 - 34 	 T:  0.8020000000000005
30 - 35 	 T:  0.8064
30 - 36 	 T:  0.8060000000000004
30 - 37 	 T:  0.804
30 - 38 	 T:  0.8069999999999999
30 - 39 	 T:  0.8057777777777777
30 - 40 	 T:  0.8064
30 - 41 	 T:  0.8065454545454549
30 - 42 	 T:  0.805
30 - 43 	 T:  0.8061538461538462
30 - 44 	 T:  0.8054285714285714
30 - 45 	 T:  0.8053333333333335
30 - 46 	 T:  0.8049999999999999
30 - 47 	 T:  0.8063529411764707
30 - 48 	 T:  0.8000000000000002
30 - 49 	 T:  0.8067368421052631
30 - 50 	 T:  0.8064000000000002
31 - 32 	 T:  0.7920000000000016
31 - 33 	 T:  0.8040000000000003
31 - 34 	 T:  0.7973333333333343
31 - 35 	 T:  0.8040000000000003
31 - 36 	 T:  0.8040000000000006
31 - 37 	 T:  0.8020000000000002
31 - 38 	 T:  0.8057142857142858
31 - 39 	 T:  0.8045
31 - 40 	 T:  0.8053333333333335
31 - 41 	 T:  0.8056000000000004
31 - 42 	 T:  0.8040000000000002
31 - 43 	 T:  0.8053333333333335
31 - 44 	 T:  0.8046153846153847
31 - 45 	 T:  0.8045714285714288
31 - 46 	 T:  0.8042666666666667
31 - 47 	 T:  0.8057500000000002
31 - 48 	 T:  0.7990588235294119
31 - 49 	 T:  0.8062222222222223
31 - 50 	 T:  0.8058947368421056
32 - 33 	 T:  0.815999999999999
32 - 34 	 T:  0.8000000000000007
32 - 35 	 T:  0.8079999999999998
32 - 36 	 T:  0.8070000000000004
32 - 37 	 T:  0.8039999999999999
32 - 38 	 T:  0.8079999999999998
32 - 39 	 T:  0.806285714285714
32 - 40 	 T:  0.8069999999999999
32 - 41 	 T:  0.8071111111111114
32 - 42 	 T:  0.8051999999999999
32 - 43 	 T:  0.8065454545454546
32 - 44 	 T:  0.8056666666666666
32 - 45 	 T:  0.8055384615384616
32 - 46 	 T:  0.805142857142857
32 - 47 	 T:  0.8066666666666668
32 - 48 	 T:  0.7995000000000001
32 - 49 	 T:  0.8070588235294117
32 - 50 	 T:  0.8066666666666669
33 - 34 	 T:  0.7840000000000025
33 - 35 	 T:  0.8040000000000003
33 - 36 	 T:  0.8040000000000008
33 - 37 	 T:  0.8010000000000002
33 - 38 	 T:  0.8064
33 - 39 	 T:  0.8046666666666665
33 - 40 	 T:  0.8057142857142858
33 - 41 	 T:  0.8060000000000005
33 - 42 	 T:  0.804
33 - 43 	 T:  0.8056000000000001
33 - 44 	 T:  0.8047272727272727
33 - 45 	 T:  0.8046666666666669
33 - 46 	 T:  0.8043076923076923
33 - 47 	 T:  0.8060000000000002
33 - 48 	 T:  0.7984000000000002
33 - 49 	 T:  0.8065
33 - 50 	 T:  0.8061176470588238
34 - 35 	 T:  0.8239999999999981
34 - 36 	 T:  0.8140000000000001
34 - 37 	 T:  0.8066666666666661
34 - 38 	 T:  0.8119999999999994
34 - 39 	 T:  0.8087999999999994
34 - 40 	 T:  0.809333333333333
34 - 41 	 T:  0.8091428571428574
34 - 42 	 T:  0.8064999999999998
34 - 43 	 T:  0.8079999999999998
34 - 44 	 T:  0.8067999999999997
34 - 45 	 T:  0.8065454545454546
34 - 46 	 T:  0.8059999999999997
34 - 47 	 T:  0.8076923076923077
34 - 48 	 T:  0.7994285714285715
34 - 49 	 T:  0.8079999999999998
34 - 50 	 T:  0.8075000000000001
35 - 36 	 T:  0.804000000000002
35 - 37 	 T:  0.798
35 - 38 	 T:  0.8079999999999998
35 - 39 	 T:  0.8049999999999997
35 - 40 	 T:  0.8064
35 - 41 	 T:  0.8066666666666672
35 - 42 	 T:  0.804
35 - 43 	 T:  0.806
35 - 44 	 T:  0.8048888888888889
35 - 45 	 T:  0.8048000000000002
35 - 46 	 T:  0.8043636363636363
35 - 47 	 T:  0.8063333333333335
35 - 48 	 T:  0.7975384615384618
35 - 49 	 T:  0.8068571428571428
35 - 50 	 T:  0.8064000000000002
36 - 37 	 T:  0.791999999999998
36 - 38 	 T:  0.8099999999999987
36 - 39 	 T:  0.8053333333333322
36 - 40 	 T:  0.8069999999999995
36 - 41 	 T:  0.8072000000000003
36 - 42 	 T:  0.8039999999999997
36 - 43 	 T:  0.806285714285714
36 - 44 	 T:  0.8049999999999997
36 - 45 	 T:  0.8048888888888889
36 - 46 	 T:  0.8043999999999997
36 - 47 	 T:  0.8065454545454546
36 - 48 	 T:  0.797
36 - 49 	 T:  0.8070769230769229
36 - 50 	 T:  0.8065714285714287
37 - 38 	 T:  0.8279999999999994
37 - 39 	 T:  0.8119999999999994
37 - 40 	 T:  0.8119999999999999
37 - 41 	 T:  0.8110000000000008
37 - 42 	 T:  0.8064
37 - 43 	 T:  0.8086666666666668
37 - 44 	 T:  0.8068571428571428
37 - 45 	 T:  0.8065000000000002
37 - 46 	 T:  0.8057777777777777
37 - 47 	 T:  0.8080000000000002
37 - 48 	 T:  0.7974545454545456
37 - 49 	 T:  0.8083333333333332
37 - 50 	 T:  0.8076923076923079
38 - 39 	 T:  0.7959999999999994
38 - 40 	 T:  0.8040000000000003
38 - 41 	 T:  0.8053333333333347
38 - 42 	 T:  0.8010000000000002
38 - 43 	 T:  0.8048000000000002
38 - 44 	 T:  0.8033333333333333
38 - 45 	 T:  0.8034285714285717
38 - 46 	 T:  0.8029999999999999
38 - 47 	 T:  0.805777777777778
38 - 48 	 T:  0.7944000000000002
38 - 49 	 T:  0.8065454545454546
38 - 50 	 T:  0.8060000000000004
39 - 40 	 T:  0.8120000000000012
39 - 41 	 T:  0.8100000000000023
39 - 42 	 T:  0.8026666666666671
39 - 43 	 T:  0.8070000000000004
39 - 44 	 T:  0.8048000000000002
39 - 45 	 T:  0.8046666666666672
39 - 46 	 T:  0.804
39 - 47 	 T:  0.8070000000000004
39 - 48 	 T:  0.7942222222222226
39 - 49 	 T:  0.8076000000000001
39 - 50 	 T:  0.8069090909090914
40 - 41 	 T:  0.8080000000000034
40 - 42 	 T:  0.798
40 - 43 	 T:  0.8053333333333335
40 - 44 	 T:  0.8029999999999999
40 - 45 	 T:  0.8032000000000004
40 - 46 	 T:  0.8026666666666665
40 - 47 	 T:  0.8062857142857146
40 - 48 	 T:  0.7920000000000003
40 - 49 	 T:  0.807111111111111
40 - 50 	 T:  0.8064000000000003
41 - 42 	 T:  0.7879999999999967
41 - 43 	 T:  0.8039999999999985
41 - 44 	 T:  0.8013333333333321
41 - 45 	 T:  0.8019999999999996
41 - 46 	 T:  0.8015999999999991
41 - 47 	 T:  0.8059999999999997
41 - 48 	 T:  0.7897142857142855
41 - 49 	 T:  0.8069999999999995
41 - 50 	 T:  0.8062222222222223
42 - 43 	 T:  0.8200000000000003
42 - 44 	 T:  0.8079999999999998
42 - 45 	 T:  0.8066666666666672
42 - 46 	 T:  0.8049999999999997
42 - 47 	 T:  0.8096000000000003
42 - 48 	 T:  0.7900000000000004
42 - 49 	 T:  0.8097142857142856
42 - 50 	 T:  0.8085000000000004
43 - 44 	 T:  0.7959999999999994
43 - 45 	 T:  0.8000000000000007
43 - 46 	 T:  0.7999999999999995
43 - 47 	 T:  0.8070000000000004
43 - 48 	 T:  0.7840000000000004
43 - 49 	 T:  0.8079999999999998
43 - 50 	 T:  0.8068571428571433
44 - 45 	 T:  0.804000000000002
44 - 46 	 T:  0.8019999999999996
44 - 47 	 T:  0.8106666666666674
44 - 48 	 T:  0.7810000000000006
44 - 49 	 T:  0.8103999999999999
44 - 50 	 T:  0.8086666666666673
45 - 46 	 T:  0.7999999999999972
45 - 47 	 T:  0.8140000000000001
45 - 48 	 T:  0.7733333333333334
45 - 49 	 T:  0.8119999999999994
45 - 50 	 T:  0.8096000000000003
46 - 47 	 T:  0.828000000000003
46 - 48 	 T:  0.7600000000000016
46 - 49 	 T:  0.8160000000000002
46 - 50 	 T:  0.8120000000000012
47 - 48 	 T:  0.6920000000000002
47 - 49 	 T:  0.8099999999999987
47 - 50 	 T:  0.8066666666666672
48 - 49 	 T:  0.9279999999999973
48 - 50 	 T:  0.8640000000000008
49 - 50 	 T:  0.8000000000000043



The mean period of oscillation is:  0.80630071579869
