Configuration 2:  

1 	 x:  0.482164 	 t:  0.49
2 	 x:  0.479044 	 t:  1.29
3 	 x:  0.47752 	 t:  2.1
4 	 x:  0.473024 	 t:  2.9
5 	 x:  0.471155 	 t:  3.71
6 	 x:  0.470983 	 t:  4.51
7 	 x:  0.469458 	 t:  5.32
8 	 x:  0.467371 	 t:  6.12
9 	 x:  0.466143 	 t:  6.92
10 	 x:  0.463907 	 t:  7.73
11 	 x:  0.463047 	 t:  8.53
12 	 x:  0.45963 	 t:  9.34
13 	 x:  0.460513 	 t:  10.15
14 	 x:  0.456534 	 t:  10.95
15 	 x:  0.457715 	 t:  11.75
16 	 x:  0.454447 	 t:  12.55
17 	 x:  0.455995 	 t:  13.35
18 	 x:  0.452039 	 t:  14.16
19 	 x:  0.453437 	 t:  14.97
20 	 x:  0.450147 	 t:  15.77
21 	 x:  0.451717 	 t:  16.58
22 	 x:  0.448082 	 t:  17.37
23 	 x:  0.449458 	 t:  18.18
24 	 x:  0.446213 	 t:  18.99
25 	 x:  0.447589 	 t:  19.79
26 	 x:  0.444148 	 t:  20.6
27 	 x:  0.445846 	 t:  21.4
28 	 x:  0.443094 	 t:  22.2
29 	 x:  0.444642 	 t:  23.0
30 	 x:  0.441568 	 t:  23.81
31 	 x:  0.44361 	 t:  24.61
32 	 x:  0.440686 	 t:  25.41
33 	 x:  0.44017 	 t:  26.22
34 	 x:  0.43931 	 t:  27.02
35 	 x:  0.441374 	 t:  27.82
36 	 x:  0.43845 	 t:  28.63
37 	 x:  0.438106 	 t:  29.43
38 	 x:  0.437096 	 t:  30.24
39 	 x:  0.439402 	 t:  31.05
40 	 x:  0.436558 	 t:  31.84
41 	 x:  0.436214 	 t:  32.65
42 	 x:  0.435354 	 t:  33.45
43 	 x:  0.43744 	 t:  34.26
44 	 x:  0.434666 	 t:  35.06
45 	 x:  0.434494 	 t:  35.86
46 	 x:  0.433978 	 t:  36.66
47 	 x:  0.43415 	 t:  37.47
48 	 x:  0.433462 	 t:  38.27
49 	 x:  0.433118 	 t:  39.07
50 	 x:  0.432602 	 t:  39.87
51 	 x:  0.434711 	 t:  40.67
52 	 x:  0.431742 	 t:  41.48
53 	 x:  0.43157 	 t:  42.28
