Configuration 1:  

1 	 x:  0.389457 	 t:  0.056
2 	 x:  0.289612 	 t:  0.456
3 	 x:  0.38869 	 t:  0.84
4 	 x:  0.294083 	 t:  1.268
5 	 x:  0.384984 	 t:  1.676
6 	 x:  0.297179 	 t:  2.08
7 	 x:  0.382748 	 t:  2.484
8 	 x:  0.298899 	 t:  2.888
9 	 x:  0.380299 	 t:  3.268
10 	 x:  0.302854 	 t:  3.692
11 	 x:  0.377415 	 t:  4.108
12 	 x:  0.30509 	 t:  4.512
13 	 x:  0.376383 	 t:  4.92
14 	 x:  0.30595 	 t:  5.32
15 	 x:  0.373926 	 t:  5.688
16 	 x:  0.309045 	 t:  6.12
17 	 x:  0.371738 	 t:  6.524
18 	 x:  0.310937 	 t:  6.932
19 	 x:  0.370706 	 t:  7.328
20 	 x:  0.310765 	 t:  7.736
21 	 x:  0.367726 	 t:  8.108
22 	 x:  0.313689 	 t:  8.552
23 	 x:  0.363481 	 t:  8.948
24 	 x:  0.315237 	 t:  9.352
25 	 x:  0.364858 	 t:  9.748
26 	 x:  0.315581 	 t:  10.152
27 	 x:  0.361308 	 t:  10.488
28 	 x:  0.316956 	 t:  10.968
29 	 x:  0.361417 	 t:  11.388
30 	 x:  0.31902 	 t:  11.772
31 	 x:  0.358321 	 t:  12.164
32 	 x:  0.319708 	 t:  12.572
33 	 x:  0.357977 	 t:  12.976
34 	 x:  0.31988 	 t:  13.388
35 	 x:  0.359353 	 t:  13.792
36 	 x:  0.321944 	 t:  14.172
37 	 x:  0.355224 	 t:  14.588
38 	 x:  0.322704 	 t:  14.964
39 	 x:  0.355396 	 t:  15.404
40 	 x:  0.322288 	 t:  15.808
41 	 x:  0.357461 	 t:  16.208
42 	 x:  0.324179 	 t:  16.608
43 	 x:  0.352816 	 t:  17.02
44 	 x:  0.326202 	 t:  17.456
45 	 x:  0.353332 	 t:  17.82
46 	 x:  0.324179 	 t:  18.224
47 	 x:  0.355396 	 t:  18.616
48 	 x:  0.325899 	 t:  19.036
49 	 x:  0.351096 	 t:  19.428
50 	 x:  0.326759 	 t:  19.832
51 	 x:  0.351612 	 t:  20.236
52 	 x:  0.325727 	 t:  20.636
53 	 x:  0.351535 	 t:  20.944
54 	 x:  0.326931 	 t:  21.448
55 	 x:  0.349892 	 t:  21.86
56 	 x:  0.327619 	 t:  22.264
57 	 x:  0.350064 	 t:  22.652
58 	 x:  0.327275 	 t:  23.04
59 	 x:  0.349892 	 t:  23.456
60 	 x:  0.327791 	 t:  23.876
61 	 x:  0.351784 	 t:  24.272
62 	 x:  0.328823 	 t:  24.672
63 	 x:  0.348688 	 t:  25.064
64 	 x:  0.329167 	 t:  25.464
65 	 x:  0.349032 	 t:  25.88
66 	 x:  0.328479 	 t:  26.288
67 	 x:  0.351752 	 t:  26.664
68 	 x:  0.329855 	 t:  27.084
69 	 x:  0.347827 	 t:  27.488
70 	 x:  0.330715 	 t:  27.896
71 	 x:  0.34886 	 t:  28.292
72 	 x:  0.329339 	 t:  28.696
73 	 x:  0.348688 	 t:  29.084
74 	 x:  0.331059 	 t:  29.5
75 	 x:  0.346967 	 t:  29.912
76 	 x:  0.331059 	 t:  30.32
77 	 x:  0.35058 	 t:  30.708
78 	 x:  0.330199 	 t:  31.116
79 	 x:  0.347483 	 t:  31.52
80 	 x:  0.332363 	 t:  31.848
81 	 x:  0.346279 	 t:  32.328
82 	 x:  0.331403 	 t:  32.728
83 	 x:  0.34972 	 t:  33.116
84 	 x:  0.330887 	 t:  33.532
85 	 x:  0.347139 	 t:  33.936
86 	 x:  0.331919 	 t:  34.352
87 	 x:  0.346107 	 t:  34.732
88 	 x:  0.332434 	 t:  35.144
89 	 x:  0.349039 	 t:  35.536
90 	 x:  0.331575 	 t:  35.936
91 	 x:  0.346451 	 t:  36.336
92 	 x:  0.331747 	 t:  36.772
93 	 x:  0.345763 	 t:  37.164
94 	 x:  0.33295 	 t:  37.56
95 	 x:  0.347101 	 t:  37.856
96 	 x:  0.332434 	 t:  38.352
97 	 x:  0.348344 	 t:  38.784
98 	 x:  0.331919 	 t:  39.176
99 	 x:  0.345591 	 t:  39.584
100 	 x:  0.333139 	 t:  39.952
101 	 x:  0.344559 	 t:  40.384
