Configuration 2:  

0.354113 - 0.356674 	x: 0.355394 	n: 11
0.356674 - 0.359235 	x: 0.357955 	n: 8
0.359235 - 0.361796 	x: 0.360516 	n: 16
0.361796 - 0.364357 	x: 0.363077 	n: 17
0.364357 - 0.366918 	x: 0.365638 	n: 22
0.366918 - 0.369479 	x: 0.368199 	n: 27
0.369479 - 0.37204 	x: 0.37076 	n: 30
0.37204 - 0.374601 	x: 0.373321 	n: 27
0.374601 - 0.377162 	x: 0.375882 	n: 39
0.377162 - 0.379723 	x: 0.378443 	n: 47
0.379723 - 0.382284 	x: 0.381004 	n: 56
0.382284 - 0.384845 	x: 0.383565 	n: 57
0.384845 - 0.387406 	x: 0.386126 	n: 76
0.387406 - 0.389967 	x: 0.388687 	n: 78
0.389967 - 0.392528 	x: 0.391248 	n: 96
0.392528 - 0.395089 	x: 0.393809 	n: 120
0.395089 - 0.39765 	x: 0.39637 	n: 134
0.39765 - 0.400211 	x: 0.398931 	n: 169
0.400211 - 0.402772 	x: 0.401492 	n: 224
0.402772 - 0.405333 	x: 0.404053 	n: 227
0.405333 - 0.407894 	x: 0.406614 	n: 206
0.407894 - 0.410455 	x: 0.409175 	n: 185
0.410455 - 0.413016 	x: 0.411736 	n: 135
0.413016 - 0.415577 	x: 0.414297 	n: 132
0.415577 - 0.418138 	x: 0.416858 	n: 133
0.418138 - 0.4207 	x: 0.419419 	n: 129
0.4207 - 0.423261 	x: 0.42198 	n: 139
0.423261 - 0.425822 	x: 0.424541 	n: 139
0.425822 - 0.428383 	x: 0.427102 	n: 154
0.428383 - 0.430944 	x: 0.429663 	n: 182
0.430944 - 0.433505 	x: 0.432224 	n: 208
0.433505 - 0.436066 	x: 0.434785 	n: 185
0.436066 - 0.438627 	x: 0.437346 	n: 139
0.438627 - 0.441188 	x: 0.439907 	n: 115
0.441188 - 0.443749 	x: 0.442468 	n: 97
0.443749 - 0.44631 	x: 0.445029 	n: 87
0.44631 - 0.448871 	x: 0.44759 	n: 64
0.448871 - 0.451432 	x: 0.450151 	n: 62
0.451432 - 0.453993 	x: 0.452712 	n: 64
0.453993 - 0.456554 	x: 0.455273 	n: 46
0.456554 - 0.459115 	x: 0.457834 	n: 37
0.459115 - 0.461676 	x: 0.460395 	n: 38
0.461676 - 0.464237 	x: 0.462956 	n: 28
0.464237 - 0.466798 	x: 0.465517 	n: 24
0.466798 - 0.469359 	x: 0.468078 	n: 26
0.469359 - 0.47192 	x: 0.470639 	n: 27
0.47192 - 0.474481 	x: 0.4732 	n: 12
0.474481 - 0.477042 	x: 0.475761 	n: 11
0.477042 - 0.479603 	x: 0.478322 	n: 14
0.479603 - 0.482164 	x: 0.480883 	n: 7


The local maxima of the histogram are at:
0.369479 - 0.37204 	x: 0.37076 	n: 30
0.402772 - 0.405333 	x: 0.404053 	n: 227
0.415577 - 0.418138 	x: 0.416858 	n: 133
0.4207 - 0.423261 	x: 0.42198 	n: 139
0.430944 - 0.433505 	x: 0.432224 	n: 208
0.451432 - 0.453993 	x: 0.452712 	n: 64
0.459115 - 0.461676 	x: 0.460395 	n: 38
0.469359 - 0.47192 	x: 0.470639 	n: 27
0.477042 - 0.479603 	x: 0.478322 	n: 14
