Configuration 3:  

1 	 x:  0.322468 	 t:  0.72
2 	 x:  0.324016 	 t:  1.595
3 	 x:  0.325907 	 t:  2.48
4 	 x:  0.327627 	 t:  3.355
5 	 x:  0.329347 	 t:  4.235
6 	 x:  0.330723 	 t:  5.115
7 	 x:  0.332271 	 t:  5.995
8 	 x:  0.333819 	 t:  6.87
9 	 x:  0.335786 	 t:  7.725
10 	 x:  0.338462 	 t:  8.635
11 	 x:  0.339666 	 t:  9.505
12 	 x:  0.341214 	 t:  10.39
13 	 x:  0.342418 	 t:  11.27
14 	 x:  0.343278 	 t:  12.15
15 	 x:  0.34431 	 t:  13.025
16 	 x:  0.345685 	 t:  13.9
17 	 x:  0.346889 	 t:  14.785
18 	 x:  0.347405 	 t:  15.665
19 	 x:  0.348265 	 t:  16.54
20 	 x:  0.349641 	 t:  17.425
21 	 x:  0.350673 	 t:  18.3
22 	 x:  0.351189 	 t:  19.18
23 	 x:  0.351877 	 t:  20.06
24 	 x:  0.352909 	 t:  20.94
25 	 x:  0.353941 	 t:  21.815
26 	 x:  0.354457 	 t:  22.69
27 	 x:  0.354973 	 t:  23.57
28 	 x:  0.35566 	 t:  24.45
29 	 x:  0.35652 	 t:  25.325
30 	 x:  0.357208 	 t:  26.2
31 	 x:  0.35738 	 t:  27.08
32 	 x:  0.358068 	 t:  27.965
33 	 x:  0.358928 	 t:  28.845
34 	 x:  0.359788 	 t:  29.725
35 	 x:  0.35996 	 t:  30.595
36 	 x:  0.360476 	 t:  31.48
37 	 x:  0.360992 	 t:  32.355
38 	 x:  0.36168 	 t:  33.23
39 	 x:  0.362024 	 t:  34.105
40 	 x:  0.362196 	 t:  34.98
41 	 x:  0.362884 	 t:  35.87
42 	 x:  0.363572 	 t:  36.75
43 	 x:  0.363916 	 t:  37.615
44 	 x:  0.364088 	 t:  38.505
45 	 x:  0.364432 	 t:  39.37
46 	 x:  0.365119 	 t:  40.26
47 	 x:  0.365635 	 t:  41.135
48 	 x:  0.365635 	 t:  42.005
49 	 x:  0.365979 	 t:  42.885
50 	 x:  0.366667 	 t:  43.775
51 	 x:  0.367183 	 t:  44.65
52 	 x:  0.367355 	 t:  45.525
53 	 x:  0.367527 	 t:  46.405
54 	 x:  0.367871 	 t:  47.275
55 	 x:  0.368387 	 t:  48.16
56 	 x:  0.368559 	 t:  49.03
57 	 x:  0.368731 	 t:  49.915
58 	 x:  0.369075 	 t:  50.785
59 	 x:  0.369591 	 t:  51.675
60 	 x:  0.369763 	 t:  52.545
61 	 x:  0.369763 	 t:  53.425
62 	 x:  0.370107 	 t:  54.3
63 	 x:  0.370623 	 t:  55.18
64 	 x:  0.370795 	 t:  56.045
65 	 x:  0.370967 	 t:  56.93
66 	 x:  0.371139 	 t:  57.815
67 	 x:  0.371655 	 t:  58.695
68 	 x:  0.371827 	 t:  59.57
69 	 x:  0.371827 	 t:  60.435
70 	 x:  0.371999 	 t:  61.32
71 	 x:  0.372515 	 t:  62.205
72 	 x:  0.372687 	 t:  63.07
73 	 x:  0.372859 	 t:  63.955
74 	 x:  0.372859 	 t:  64.835
75 	 x:  0.373203 	 t:  65.715
76 	 x:  0.373547 	 t:  66.585
77 	 x:  0.373547 	 t:  67.47
78 	 x:  0.373547 	 t:  68.34
79 	 x:  0.373719 	 t:  69.21
80 	 x:  0.374235 	 t:  70.095
81 	 x:  0.374235 	 t:  70.965
82 	 x:  0.374235 	 t:  71.845
83 	 x:  0.374407 	 t:  72.735
84 	 x:  0.374923 	 t:  73.615
85 	 x:  0.375094 	 t:  74.48
86 	 x:  0.374923 	 t:  75.36
87 	 x:  0.374923 	 t:  76.23
88 	 x:  0.375266 	 t:  77.11
89 	 x:  0.375782 	 t:  77.995
90 	 x:  0.375782 	 t:  78.875
91 	 x:  0.37561 	 t:  79.74
92 	 x:  0.375954 	 t:  80.63
93 	 x:  0.37647 	 t:  81.51
94 	 x:  0.37647 	 t:  82.37
95 	 x:  0.376298 	 t:  83.255
96 	 x:  0.376298 	 t:  84.125
97 	 x:  0.376814 	 t:  85.015
98 	 x:  0.376986 	 t:  85.88
99 	 x:  0.376814 	 t:  86.765
100 	 x:  0.376814 	 t:  87.64
101 	 x:  0.377158 	 t:  88.52
102 	 x:  0.377502 	 t:  89.39
103 	 x:  0.377502 	 t:  90.28
104 	 x:  0.37733 	 t:  91.145
105 	 x:  0.377674 	 t:  92.035
106 	 x:  0.378018 	 t:  92.915
107 	 x:  0.378018 	 t:  93.775
108 	 x:  0.377846 	 t:  94.66
109 	 x:  0.378018 	 t:  95.55
110 	 x:  0.37819 	 t:  96.415
111 	 x:  0.378362 	 t:  97.28
112 	 x:  0.37819 	 t:  98.17
113 	 x:  0.37819 	 t:  99.05
114 	 x:  0.378362 	 t:  99.915
